This is XeTeX, Version 3.141592653-2.6-0.999995 (TeX Live 2023/Debian) (preloaded format=xelatex 2026.6.17)  17 JUN 2026 22:33
entering extended mode
 restricted \write18 enabled.
 %&-line parsing enabled.
**refman
(./refman.tex
LaTeX2e <2023-11-01> patch level 1
L3 programming layer <2024-01-22>

(/usr/share/texlive/texmf-dist/tex/latex/base/book.cls
Document Class: book 2023/05/17 v1.4n Standard LaTeX document class
(/usr/share/texlive/texmf-dist/tex/latex/base/bk10.clo
File: bk10.clo 2023/05/17 v1.4n Standard LaTeX file (size option)
)
\c@part=\count183
\c@chapter=\count184
\c@section=\count185
\c@subsection=\count186
\c@subsubsection=\count187
\c@paragraph=\count188
\c@subparagraph=\count189
\c@figure=\count190
\c@table=\count191
\abovecaptionskip=\skip48
\belowcaptionskip=\skip49
\bibindent=\dimen140
) (/usr/share/texlive/texmf-dist/tex/latex/base/ifthen.sty
Package: ifthen 2022/04/13 v1.1d Standard LaTeX ifthen package (DPC)
) (/usr/share/texlive/texmf-dist/tex/latex/tools/array.sty
Rollback for package 'array' requested -> date 2016-10-06.
         Best approximation is the release introduced on 2016-10-06.
(/usr/share/texlive/texmf-dist/tex/latex/tools/array-2016-10-06.sty
Package: array 2016/10/06 v2.4d Tabular extension package (FMi)
\col@sep=\dimen141
\extrarowheight=\dimen142
\NC@list=\toks17
\extratabsurround=\skip50
\backup@length=\skip51
)) (/usr/share/texlive/texmf-dist/tex/generic/infwarerr/infwarerr.sty
package info suppressed
) (./doxygen.sty
Package: doxygen 
(/usr/share/texlive/texmf-dist/tex/latex/base/alltt.sty
Package: alltt 2021/01/29 v2.0g defines alltt environment
) (/usr/share/texlive/texmf-dist/tex/latex/tools/calc.sty
Package: calc 2023/07/08 v4.3 Infix arithmetic (KKT,FJ)
\calc@Acount=\count192
\calc@Bcount=\count193
\calc@Adimen=\dimen143
\calc@Bdimen=\dimen144
\calc@Askip=\skip52
\calc@Bskip=\skip53
LaTeX Info: Redefining \setlength on input line 80.
LaTeX Info: Redefining \addtolength on input line 81.
\calc@Ccount=\count194
\calc@Cskip=\skip54
) (/usr/share/texlive/texmf-dist/tex/latex/float/float.sty
Package: float 2001/11/08 v1.3d Float enhancements (AL)
\c@float@type=\count195
\float@exts=\toks18
\float@box=\box51
\@float@everytoks=\toks19
\@floatcapt=\box52
) (/usr/share/texlive/texmf-dist/tex/latex/tools/verbatim.sty
Package: verbatim 2023-11-06 v1.5v LaTeX2e package for verbatim enhancements
\every@verbatim=\toks20
\verbatim@line=\toks21
\verbatim@in@stream=\read2
) (/usr/share/texlive/texmf-dist/tex/latex/xcolor/xcolor.sty
Package: xcolor 2023/11/15 v3.01 LaTeX color extensions (UK)
(/usr/share/texlive/texmf-dist/tex/latex/graphics-cfg/color.cfg
File: color.cfg 2016/01/02 v1.6 sample color configuration
)
Package xcolor Info: Driver file: xetex.def on input line 274.
(/usr/share/texlive/texmf-dist/tex/latex/graphics-def/xetex.def
File: xetex.def 2022/09/22 v5.0n Graphics/color driver for xetex
) (/usr/share/texlive/texmf-dist/tex/latex/graphics/mathcolor.ltx)
Package xcolor Info: Model `cmy' substituted by `cmy0' on input line 1350.
Package xcolor Info: Model `RGB' extended on input line 1366.
Package xcolor Info: Model `HTML' substituted by `rgb' on input line 1368.
Package xcolor Info: Model `Hsb' substituted by `hsb' on input line 1369.
Package xcolor Info: Model `tHsb' substituted by `hsb' on input line 1370.
Package xcolor Info: Model `HSB' substituted by `hsb' on input line 1371.
Package xcolor Info: Model `Gray' substituted by `gray' on input line 1372.
Package xcolor Info: Model `wave' substituted by `hsb' on input line 1373.
) (/usr/share/texlive/texmf-dist/tex/latex/colortbl/colortbl.sty
Package: colortbl 2022/06/20 v1.0f Color table columns (DPC)
\everycr=\toks22
\minrowclearance=\skip55
\rownum=\count196
) (./longtable_doxygen.sty
Package: longtable_doxygen 2014/10/28 v4.11 Multi-page Table package (DPC) - fr
ozen version for doxygen
\LTleft=\skip56
\LTright=\skip57
\LTpre=\skip58
\LTpost=\skip59
\LTchunksize=\count197
\LTcapwidth=\dimen145
\LT@head=\box53
\LT@firsthead=\box54
\LT@foot=\box55
\LT@lastfoot=\box56
\LT@cols=\count198
\LT@rows=\count199
\c@LT@tables=\count266
\c@LT@chunks=\count267
\LT@p@ftn=\toks23
) (./tabu_doxygen.sty
Package: tabu_doxygen 2011/02/26 v2.8 - flexible LaTeX tabulars (FC), frozen ve
rsion for doxygen
(/usr/share/texlive/texmf-dist/tex/latex/varwidth/varwidth.sty
Package: varwidth 2009/03/30 ver 0.92;  Variable-width minipages
\@vwid@box=\box57
\sift@deathcycles=\count268
\@vwid@loff=\dimen146
\@vwid@roff=\dimen147
)
\c@taburow=\count269
\tabu@nbcols=\count270
\tabu@cnt=\count271
\tabu@Xcol=\count272
\tabu@alloc=\count273
\tabu@nested=\count274
\tabu@target=\dimen148
\tabu@spreadtarget=\dimen149
\tabu@naturalX=\dimen150
\tabucolX=\dimen151
\tabu@Xsum=\dimen152
\extrarowdepth=\dimen153
\abovetabulinesep=\dimen154
\belowtabulinesep=\dimen155
\tabustrutrule=\dimen156
\tabu@thebody=\toks24
\tabu@footnotes=\toks25
\tabu@box=\box58
\tabu@arstrutbox=\box59
\tabu@hleads=\box60
\tabu@vleads=\box61
\tabu@cellskip=\skip60
) (/usr/share/texlive/texmf-dist/tex/latex/fancyvrb/fancyvrb.sty
Package: fancyvrb 2024/01/20 4.5c verbatim text (tvz,hv)
(/usr/share/texlive/texmf-dist/tex/latex/graphics/keyval.sty
Package: keyval 2022/05/29 v1.15 key=value parser (DPC)
\KV@toks@=\toks26
)
\FV@CodeLineNo=\count275
\FV@InFile=\read3
\FV@TabBox=\box62
\c@FancyVerbLine=\count276
\FV@StepNumber=\count277
\FV@OutFile=\write3
) (/usr/share/texlive/texmf-dist/tex/latex/tools/tabularx.sty
Package: tabularx 2023/07/08 v2.11c `tabularx' package (DPC)
\TX@col@width=\dimen157
\TX@old@table=\dimen158
\TX@old@col=\dimen159
\TX@target=\dimen160
\TX@delta=\dimen161
\TX@cols=\count278
\TX@ftn=\toks27
) (/usr/share/texlive/texmf-dist/tex/latex/tools/multicol.sty
Package: multicol 2023/03/30 v1.9f multicolumn formatting (FMi)
\c@tracingmulticols=\count279
\mult@box=\box63
\multicol@leftmargin=\dimen162
\c@unbalance=\count280
\c@collectmore=\count281
\doublecol@number=\count282
\multicoltolerance=\count283
\multicolpretolerance=\count284
\full@width=\dimen163
\page@free=\dimen164
\premulticols=\dimen165
\postmulticols=\dimen166
\multicolsep=\skip61
\multicolbaselineskip=\skip62
\partial@page=\box64
\last@line=\box65
\mc@boxedresult=\box66
\maxbalancingoverflow=\dimen167
\mult@rightbox=\box67
\mult@grightbox=\box68
\mult@firstbox=\box69
\mult@gfirstbox=\box70
\@tempa=\box71
\@tempa=\box72
\@tempa=\box73
\@tempa=\box74
\@tempa=\box75
\@tempa=\box76
\@tempa=\box77
\@tempa=\box78
\@tempa=\box79
\@tempa=\box80
\@tempa=\box81
\@tempa=\box82
\@tempa=\box83
\@tempa=\box84
\@tempa=\box85
\@tempa=\box86
\@tempa=\box87
\@tempa=\box88
\@tempa=\box89
\@tempa=\box90
\@tempa=\box91
\@tempa=\box92
\@tempa=\box93
\@tempa=\box94
\@tempa=\box95
\@tempa=\box96
\@tempa=\box97
\@tempa=\box98
\@tempa=\box99
\@tempa=\box100
\@tempa=\box101
\@tempa=\box102
\@tempa=\box103
\@tempa=\box104
\@tempa=\box105
\@tempa=\box106
\c@minrows=\count285
\c@columnbadness=\count286
\c@finalcolumnbadness=\count287
\last@try=\dimen168
\multicolovershoot=\dimen169
\multicolundershoot=\dimen170
\mult@nat@firstbox=\box107
\colbreak@box=\box108
\mc@col@check@num=\count288
) (/usr/share/texlive/texmf-dist/tex/latex/multirow/multirow.sty
Package: multirow 2021/03/15 v2.8 Span multiple rows of a table
\multirow@colwidth=\skip63
\multirow@cntb=\count289
\multirow@dima=\skip64
\bigstrutjot=\dimen171
) (/usr/share/texlive/texmf-dist/tex/latex/hanging/hanging.sty
Package: hanging 2009/09/02 v1.2b hanging paragraphs and punctuation
\h@ngcommawd=\skip65
\h@ngfstopwd=\skip66
\h@ngquotewd=\skip67
\h@ngdquotewd=\skip68
\h@ngquerywd=\skip69
\h@ngexclwd=\skip70
\h@ngcolonwd=\skip71
\h@ngscolonwd=\skip72
) (/usr/share/texlive/texmf-dist/tex/generic/iftex/ifpdf.sty
Package: ifpdf 2019/10/25 v3.4 ifpdf legacy package. Use iftex instead.
(/usr/share/texlive/texmf-dist/tex/generic/iftex/iftex.sty
Package: iftex 2022/02/03 v1.0f TeX engine tests
)) (/usr/share/texlive/texmf-dist/tex/latex/adjustbox/adjustbox.sty
Package: adjustbox 2022/10/17 v1.3a Adjusting TeX boxes (trim, clip, ...)
(/usr/share/texlive/texmf-dist/tex/latex/xkeyval/xkeyval.sty
Package: xkeyval 2022/06/16 v2.9 package option processing (HA)
(/usr/share/texlive/texmf-dist/tex/generic/xkeyval/xkeyval.tex (/usr/share/texl
ive/texmf-dist/tex/generic/xkeyval/xkvutils.tex
\XKV@toks=\toks28
\XKV@tempa@toks=\toks29
)
\XKV@depth=\count290
File: xkeyval.tex 2014/12/03 v2.7a key=value parser (HA)
)) (/usr/share/texlive/texmf-dist/tex/latex/adjustbox/adjcalc.sty
Package: adjcalc 2012/05/16 v1.1 Provides advanced setlength with multiple back
-ends (calc, etex, pgfmath)
) (/usr/share/texlive/texmf-dist/tex/latex/adjustbox/trimclip.sty
Package: trimclip 2020/08/19 v1.2 Trim and clip general TeX material
(/usr/share/texlive/texmf-dist/tex/latex/graphics/graphicx.sty
Package: graphicx 2021/09/16 v1.2d Enhanced LaTeX Graphics (DPC,SPQR)
(/usr/share/texlive/texmf-dist/tex/latex/graphics/graphics.sty
Package: graphics 2022/03/10 v1.4e Standard LaTeX Graphics (DPC,SPQR)
(/usr/share/texlive/texmf-dist/tex/latex/graphics/trig.sty
Package: trig 2021/08/11 v1.11 sin cos tan (DPC)
) (/usr/share/texlive/texmf-dist/tex/latex/graphics-cfg/graphics.cfg
File: graphics.cfg 2016/06/04 v1.11 sample graphics configuration
)
Package graphics Info: Driver file: xetex.def on input line 107.
)
\Gin@req@height=\dimen172
\Gin@req@width=\dimen173
) (/usr/share/texlive/texmf-dist/tex/latex/collectbox/collectbox.sty
Package: collectbox 2022/10/17 v0.4c Collect macro arguments as boxes
\collectedbox=\box109
)
\tc@llx=\dimen174
\tc@lly=\dimen175
\tc@urx=\dimen176
\tc@ury=\dimen177
Package trimclip Info: Using driver 'tc-xetex.def'.
(/usr/share/texlive/texmf-dist/tex/latex/adjustbox/tc-xetex.def
File: tc-xetex.def 2019/01/04 v2.2 Clipping driver for xetex
))
\adjbox@Width=\dimen178
\adjbox@Height=\dimen179
\adjbox@Depth=\dimen180
\adjbox@Totalheight=\dimen181
\adjbox@pwidth=\dimen182
\adjbox@pheight=\dimen183
\adjbox@pdepth=\dimen184
\adjbox@ptotalheight=\dimen185
(/usr/share/texlive/texmf-dist/tex/latex/ifoddpage/ifoddpage.sty
Package: ifoddpage 2022/10/18 v1.2 Conditionals for odd/even page detection
\c@checkoddpage=\count291
)) (/usr/share/texlive/texmf-dist/tex/latex/amsfonts/amssymb.sty
Package: amssymb 2013/01/14 v3.01 AMS font symbols
(/usr/share/texlive/texmf-dist/tex/latex/amsfonts/amsfonts.sty
Package: amsfonts 2013/01/14 v3.01 Basic AMSFonts support
\@emptytoks=\toks30
\symAMSa=\mathgroup4
\symAMSb=\mathgroup5
LaTeX Font Info:    Redeclaring math symbol \hbar on input line 98.
LaTeX Font Info:    Overwriting math alphabet `\mathfrak' in version `bold'
(Font)                  U/euf/m/n --> U/euf/b/n on input line 106.
)) (/usr/share/texlive/texmf-dist/tex/latex/stackengine/stackengine.sty
Package: stackengine 2021/07/22 v4.11\ Stacking text and objects in convenient 
ways
(/usr/share/texlive/texmf-dist/tex/latex/etoolbox/etoolbox.sty
Package: etoolbox 2020/10/05 v2.5k e-TeX tools for LaTeX (JAW)
\etb@tempcnta=\count292
) (/usr/share/texlive/texmf-dist/tex/generic/listofitems/listofitems.sty (/usr/
share/texlive/texmf-dist/tex/generic/listofitems/listofitems.tex
Invalid UTF-8 byte or sequence at line 50 replaced by U+FFFD.
Invalid UTF-8 byte or sequence at line 50 replaced by U+FFFD.
Invalid UTF-8 byte or sequence at line 52 replaced by U+FFFD.
Invalid UTF-8 byte or sequence at line 52 replaced by U+FFFD.
Invalid UTF-8 byte or sequence at line 52 replaced by U+FFFD.
Invalid UTF-8 byte or sequence at line 96 replaced by U+FFFD.
Invalid UTF-8 byte or sequence at line 96 replaced by U+FFFD.
Invalid UTF-8 byte or sequence at line 104 replaced by U+FFFD.
Invalid UTF-8 byte or sequence at line 105 replaced by U+FFFD.
\loi_cnt_foreach_nest=\count293
Invalid UTF-8 byte or sequence at line 139 replaced by U+FFFD.
Invalid UTF-8 byte or sequence at line 146 replaced by U+FFFD.
Invalid UTF-8 byte or sequence at line 192 replaced by U+FFFD.
Invalid UTF-8 byte or sequence at line 209 replaced by U+FFFD.
Invalid UTF-8 byte or sequence at line 209 replaced by U+FFFD.
Invalid UTF-8 byte or sequence at line 222 replaced by U+FFFD.
Invalid UTF-8 byte or sequence at line 222 replaced by U+FFFD.
Invalid UTF-8 byte or sequence at line 223 replaced by U+FFFD.
Invalid UTF-8 byte or sequence at line 223 replaced by U+FFFD.
Invalid UTF-8 byte or sequence at line 224 replaced by U+FFFD.
Invalid UTF-8 byte or sequence at line 226 replaced by U+FFFD.
Invalid UTF-8 byte or sequence at line 226 replaced by U+FFFD.
Invalid UTF-8 byte or sequence at line 238 replaced by U+FFFD.
Invalid UTF-8 byte or sequence at line 243 replaced by U+FFFD.
Invalid UTF-8 byte or sequence at line 243 replaced by U+FFFD.
Invalid UTF-8 byte or sequence at line 260 replaced by U+FFFD.
Invalid UTF-8 byte or sequence at line 284 replaced by U+FFFD.
Invalid UTF-8 byte or sequence at line 310 replaced by U+FFFD.
Invalid UTF-8 byte or sequence at line 310 replaced by U+FFFD.
Invalid UTF-8 byte or sequence at line 324 replaced by U+FFFD.
Invalid UTF-8 byte or sequence at line 337 replaced by U+FFFD.
Invalid UTF-8 byte or sequence at line 337 replaced by U+FFFD.
Invalid UTF-8 byte or sequence at line 339 replaced by U+FFFD.
Invalid UTF-8 byte or sequence at line 350 replaced by U+FFFD.
Invalid UTF-8 byte or sequence at line 350 replaced by U+FFFD.
Invalid UTF-8 byte or sequence at line 350 replaced by U+FFFD.
Invalid UTF-8 byte or sequence at line 354 replaced by U+FFFD.
\loi_nestcnt=\count294
Invalid UTF-8 byte or sequence at line 367 replaced by U+FFFD.
Invalid UTF-8 byte or sequence at line 367 replaced by U+FFFD.
Invalid UTF-8 byte or sequence at line 367 replaced by U+FFFD.
Invalid UTF-8 byte or sequence at line 367 replaced by U+FFFD.
Invalid UTF-8 byte or sequence at line 375 replaced by U+FFFD.
Invalid UTF-8 byte or sequence at line 375 replaced by U+FFFD.
Invalid UTF-8 byte or sequence at line 375 replaced by U+FFFD.
Invalid UTF-8 byte or sequence at line 375 replaced by U+FFFD.
Invalid UTF-8 byte or sequence at line 377 replaced by U+FFFD.
Invalid UTF-8 byte or sequence at line 378 replaced by U+FFFD.
Invalid UTF-8 byte or sequence at line 398 replaced by U+FFFD.
Invalid UTF-8 byte or sequence at line 398 replaced by U+FFFD.
Invalid UTF-8 byte or sequence at line 399 replaced by U+FFFD.
Invalid UTF-8 byte or sequence at line 399 replaced by U+FFFD.
Invalid UTF-8 byte or sequence at line 399 replaced by U+FFFD.
Invalid UTF-8 byte or sequence at line 399 replaced by U+FFFD.
Invalid UTF-8 byte or sequence at line 399 replaced by U+FFFD.
Invalid UTF-8 byte or sequence at line 399 replaced by U+FFFD.
Invalid UTF-8 byte or sequence at line 409 replaced by U+FFFD.
Invalid UTF-8 byte or sequence at line 410 replaced by U+FFFD.
Invalid UTF-8 byte or sequence at line 410 replaced by U+FFFD.
Invalid UTF-8 byte or sequence at line 410 replaced by U+FFFD.
Invalid UTF-8 byte or sequence at line 410 replaced by U+FFFD.
Invalid UTF-8 byte or sequence at line 411 replaced by U+FFFD.
Invalid UTF-8 byte or sequence at line 411 replaced by U+FFFD.
Invalid UTF-8 byte or sequence at line 411 replaced by U+FFFD.
Invalid UTF-8 byte or sequence at line 411 replaced by U+FFFD.
Invalid UTF-8 byte or sequence at line 411 replaced by U+FFFD.
Invalid UTF-8 byte or sequence at line 411 replaced by U+FFFD.
Invalid UTF-8 byte or sequence at line 414 replaced by U+FFFD.
Invalid UTF-8 byte or sequence at line 422 replaced by U+FFFD.
Invalid UTF-8 byte or sequence at line 422 replaced by U+FFFD.
Invalid UTF-8 byte or sequence at line 426 replaced by U+FFFD.
Invalid UTF-8 byte or sequence at line 428 replaced by U+FFFD.
Invalid UTF-8 byte or sequence at line 433 replaced by U+FFFD.
Invalid UTF-8 byte or sequence at line 433 replaced by U+FFFD.
Invalid UTF-8 byte or sequence at line 441 replaced by U+FFFD.
Invalid UTF-8 byte or sequence at line 441 replaced by U+FFFD.
Invalid UTF-8 byte or sequence at line 442 replaced by U+FFFD.
Invalid UTF-8 byte or sequence at line 443 replaced by U+FFFD.
Invalid UTF-8 byte or sequence at line 443 replaced by U+FFFD.
Invalid UTF-8 byte or sequence at line 443 replaced by U+FFFD.
Invalid UTF-8 byte or sequence at line 446 replaced by U+FFFD.
Invalid UTF-8 byte or sequence at line 446 replaced by U+FFFD.
Invalid UTF-8 byte or sequence at line 446 replaced by U+FFFD.
Invalid UTF-8 byte or sequence at line 448 replaced by U+FFFD.
Invalid UTF-8 byte or sequence at line 448 replaced by U+FFFD.
Invalid UTF-8 byte or sequence at line 451 replaced by U+FFFD.
Invalid UTF-8 byte or sequence at line 455 replaced by U+FFFD.
Invalid UTF-8 byte or sequence at line 455 replaced by U+FFFD.
Invalid UTF-8 byte or sequence at line 458 replaced by U+FFFD.
Invalid UTF-8 byte or sequence at line 458 replaced by U+FFFD.
Invalid UTF-8 byte or sequence at line 472 replaced by U+FFFD.
Invalid UTF-8 byte or sequence at line 475 replaced by U+FFFD.
Invalid UTF-8 byte or sequence at line 492 replaced by U+FFFD.
Invalid UTF-8 byte or sequence at line 508 replaced by U+FFFD.
Invalid UTF-8 byte or sequence at line 508 replaced by U+FFFD.
Invalid UTF-8 byte or sequence at line 509 replaced by U+FFFD.
Invalid UTF-8 byte or sequence at line 509 replaced by U+FFFD.
Invalid UTF-8 byte or sequence at line 519 replaced by U+FFFD.
Invalid UTF-8 byte or sequence at line 541 replaced by U+FFFD.
Invalid UTF-8 byte or sequence at line 541 replaced by U+FFFD.
)
Package: listofitems 2019/08/21 v1.63 Grab items in lists using user-specified 
sep char (CT)
)
\c@@stackindex=\count295
\@boxshift=\skip73
\stack@tmplength=\skip74
\temp@stkl=\skip75
\@stackedboxwidth=\skip76
\@addedbox=\box110
\@anchorbox=\box111
\@insetbox=\box112
\se@backgroundbox=\box113
\stackedbox=\box114
\@centerbox=\box115
\c@ROWcellindex@=\count296
) (/usr/share/texlive/texmf-dist/tex/latex/enumitem/enumitem.sty
Package: enumitem 2019/06/20 v3.9 Customized lists
\labelindent=\skip77
\enit@outerparindent=\dimen186
\enit@toks=\toks31
\enit@inbox=\box116
\enit@count@id=\count297
\enitdp@description=\count298
) (/usr/share/texlive/texmf-dist/tex/generic/alphalph/alphalph.sty
Package: alphalph 2019/12/09 v2.6 Convert numbers to letters (HO)
(/usr/share/texlive/texmf-dist/tex/generic/intcalc/intcalc.sty
Package: intcalc 2019/12/15 v1.3 Expandable calculations with integers (HO)
)) (/usr/share/texlive/texmf-dist/tex/generic/ulem/ulem.sty
\UL@box=\box117
\UL@hyphenbox=\box118
\UL@skip=\skip78
\UL@hook=\toks32
\UL@height=\dimen187
\UL@pe=\count299
\UL@pixel=\dimen188
\ULC@box=\box119
Package: ulem 2019/11/18
\ULdepth=\dimen189
)
\xrefbox=\box120
\xreflength=\skip79
\CodeWidthChar=\skip80
\CodeHeightChar=\skip81
\DoxyCodeWidth=\skip82
\c@DoxyEnumeratei=\count300
\c@DoxyEnumerateii=\count301
\c@DoxyEnumerateiii=\count302
\c@DoxyEnumerateiv=\count303
\c@DoxyEnumeratev=\count304
\c@DoxyEnumeratevi=\count305
\c@DoxyEnumeratevii=\count306
\c@DoxyEnumerateviii=\count307
\c@DoxyEnumerateix=\count308
\c@DoxyEnumeratex=\count309
\c@DoxyEnumeratexi=\count310
\c@DoxyEnumeratexii=\count311
\enitdp@DoxyEnumerate=\count312
\enitdp@DoxyItemize=\count313
\c@subsubsubsection=\count314
\c@subsubsubsubsection=\count315
\c@subsubsubsubsubsection=\count316
\c@subsubsubsubsubsubsection=\count317
) (./devlab-fonts.sty
Package: devlab-fonts 2026/06/16 Times New Roman and Courier for Doxygen PDF ou
tput
(/usr/share/texlive/texmf-dist/tex/latex/fontspec/fontspec.sty (/usr/share/texl
ive/texmf-dist/tex/latex/l3packages/xparse/xparse.sty (/usr/share/texlive/texmf
-dist/tex/latex/l3kernel/expl3.sty
Package: expl3 2024-01-22 L3 programming layer (loader) 
(/usr/share/texlive/texmf-dist/tex/latex/l3backend/l3backend-xetex.def
File: l3backend-xetex.def 2024-01-04 L3 backend support: XeTeX
\g__graphics_track_int=\count318
\l__pdf_internal_box=\box121
\g__pdf_backend_object_int=\count319
\g__pdf_backend_annotation_int=\count320
\g__pdf_backend_link_int=\count321
))
Package: xparse 2023-10-10 L3 Experimental document command parser
)
Package: fontspec 2022/01/15 v2.8a Font selection for XeLaTeX and LuaLaTeX
(/usr/share/texlive/texmf-dist/tex/latex/fontspec/fontspec-xetex.sty
Package: fontspec-xetex 2022/01/15 v2.8a Font selection for XeLaTeX and LuaLaTe
X
\l__fontspec_script_int=\count322
\l__fontspec_language_int=\count323
\l__fontspec_strnum_int=\count324
\l__fontspec_tmp_int=\count325
\l__fontspec_tmpa_int=\count326
\l__fontspec_tmpb_int=\count327
\l__fontspec_tmpc_int=\count328
\l__fontspec_em_int=\count329
\l__fontspec_emdef_int=\count330
\l__fontspec_strong_int=\count331
\l__fontspec_strongdef_int=\count332
\l__fontspec_tmpa_dim=\dimen190
\l__fontspec_tmpb_dim=\dimen191
\l__fontspec_tmpc_dim=\dimen192
(/usr/share/texlive/texmf-dist/tex/latex/base/fontenc.sty
Package: fontenc 2021/04/29 v2.0v Standard LaTeX package
) (/usr/share/texlive/texmf-dist/tex/latex/fontspec/fontspec.cfg)))) (./unicode
.sty
Package: unicode 2026/06/16 Unicode mappings for Doxygen PDF output
) (/usr/share/texlive/texmf-dist/tex/latex/base/inputenc.sty
Package: inputenc 2021/02/14 v1.3d Input encoding file
\inpenc@prehook=\toks33
\inpenc@posthook=\toks34

Package inputenc Warning: inputenc package ignored with utf8 based engines.

) (/usr/share/texlive/texmf-dist/tex/latex/base/makeidx.sty
Package: makeidx 2021/10/04 v1.0m Standard LaTeX package
) (/usr/share/texlive/texmf-dist/tex/latex/base/textcomp.sty
Package: textcomp 2020/02/02 v2.0n Standard LaTeX package
) (/usr/share/texlive/texmf-dist/tex/latex/wasysym/wasysym.sty
Package: wasysym 2020/01/19 v2.4 Wasy-2 symbol support package
\symwasy=\mathgroup6
LaTeX Font Info:    Overwriting symbol font `wasy' in version `bold'
(Font)                  U/wasy/m/n --> U/wasy/b/n on input line 93.
) (/usr/share/texlive/texmf-dist/tex/generic/iftex/ifxetex.sty
Package: ifxetex 2019/10/25 v0.7 ifxetex legacy package. Use iftex instead.
) (/usr/share/texlive/texmf-dist/tex/latex/geometry/geometry.sty
Package: geometry 2020/01/02 v5.9 Page Geometry
(/usr/share/texlive/texmf-dist/tex/generic/iftex/ifvtex.sty
Package: ifvtex 2019/10/25 v1.7 ifvtex legacy package. Use iftex instead.
)
\Gm@cnth=\count333
\Gm@cntv=\count334
\c@Gm@tempcnt=\count335
\Gm@bindingoffset=\dimen193
\Gm@wd@mp=\dimen194
\Gm@odd@mp=\dimen195
\Gm@even@mp=\dimen196
\Gm@layoutwidth=\dimen197
\Gm@layoutheight=\dimen198
\Gm@layouthoffset=\dimen199
\Gm@layoutvoffset=\dimen256
\Gm@dimlist=\toks35
) (/usr/share/texlive/texmf-dist/tex/latex/changepage/changepage.sty
Package: changepage 2009/10/20 v1.0c check page and change page layout
\c@cp@cntr=\count336
\cp@tempcnt=\count337
LaTeX Info: Redefining \checkoddpage on input line 59.
) (/usr/share/texlive/texmf-dist/tex/latex/fancyhdr/fancyhdr.sty
Package: fancyhdr 2022/11/09 v4.1 Extensive control of page headers and footers

\f@nch@headwidth=\skip83
\f@nch@O@elh=\skip84
\f@nch@O@erh=\skip85
\f@nch@O@olh=\skip86
\f@nch@O@orh=\skip87
\f@nch@O@elf=\skip88
\f@nch@O@erf=\skip89
\f@nch@O@olf=\skip90
\f@nch@O@orf=\skip91
) (/usr/share/texlive/texmf-dist/tex/latex/natbib/natbib.sty
Package: natbib 2010/09/13 8.31b (PWD, AO)
\bibhang=\skip92
\bibsep=\skip93
LaTeX Info: Redefining \cite on input line 694.
\c@NAT@ctr=\count338
) (/usr/share/texlive/texmf-dist/tex/latex/tocloft/tocloft.sty
Package: tocloft 2017/08/31 v2.3i parameterised ToC, etc., typesetting
Package tocloft Info: The document has chapter divisions on input line 51.
\cftparskip=\skip94
\cftbeforetoctitleskip=\skip95
\cftaftertoctitleskip=\skip96
\cftbeforepartskip=\skip97
\cftpartnumwidth=\skip98
\cftpartindent=\skip99
\cftbeforechapskip=\skip100
\cftchapindent=\skip101
\cftchapnumwidth=\skip102
\cftbeforesecskip=\skip103
\cftsecindent=\skip104
\cftsecnumwidth=\skip105
\cftbeforesubsecskip=\skip106
\cftsubsecindent=\skip107
\cftsubsecnumwidth=\skip108
\cftbeforesubsubsecskip=\skip109
\cftsubsubsecindent=\skip110
\cftsubsubsecnumwidth=\skip111
\cftbeforeparaskip=\skip112
\cftparaindent=\skip113
\cftparanumwidth=\skip114
\cftbeforesubparaskip=\skip115
\cftsubparaindent=\skip116
\cftsubparanumwidth=\skip117
\cftbeforeloftitleskip=\skip118
\cftafterloftitleskip=\skip119
\cftbeforefigskip=\skip120
\cftfigindent=\skip121
\cftfignumwidth=\skip122
\c@lofdepth=\count339
\c@lotdepth=\count340
\cftbeforelottitleskip=\skip123
\cftafterlottitleskip=\skip124
\cftbeforetabskip=\skip125
\cfttabindent=\skip126
\cfttabnumwidth=\skip127
)
\@indexfile=\write4
\openout4 = `refman.idx'.

Writing index file refman.idx
(/usr/share/texlive/texmf-dist/tex/latex/newunicodechar/newunicodechar.sty
Package: newunicodechar 2018/04/08 v1.2 Defining Unicode characters
) (/usr/share/texlive/texmf-dist/tex/latex/hyperref/hyperref.sty
Package: hyperref 2024-01-20 v7.01h Hypertext links for LaTeX
(/usr/share/texlive/texmf-dist/tex/latex/kvsetkeys/kvsetkeys.sty
Package: kvsetkeys 2022-10-05 v1.19 Key value parser (HO)
) (/usr/share/texlive/texmf-dist/tex/generic/kvdefinekeys/kvdefinekeys.sty
Package: kvdefinekeys 2019-12-19 v1.6 Define keys (HO)
) (/usr/share/texlive/texmf-dist/tex/generic/pdfescape/pdfescape.sty
Package: pdfescape 2019/12/09 v1.15 Implements pdfTeX's escape features (HO)
(/usr/share/texlive/texmf-dist/tex/generic/ltxcmds/ltxcmds.sty
Package: ltxcmds 2023-12-04 v1.26 LaTeX kernel commands for general use (HO)
) (/usr/share/texlive/texmf-dist/tex/generic/pdftexcmds/pdftexcmds.sty
Package: pdftexcmds 2020-06-27 v0.33 Utility functions of pdfTeX for LuaTeX (HO
)
Package pdftexcmds Info: \pdf@primitive is available.
Package pdftexcmds Info: \pdf@ifprimitive is available.
Package pdftexcmds Info: \pdfdraftmode not found.
)) (/usr/share/texlive/texmf-dist/tex/latex/hycolor/hycolor.sty
Package: hycolor 2020-01-27 v1.10 Color options for hyperref/bookmark (HO)
) (/usr/share/texlive/texmf-dist/tex/latex/auxhook/auxhook.sty
Package: auxhook 2019-12-17 v1.6 Hooks for auxiliary files (HO)
) (/usr/share/texlive/texmf-dist/tex/latex/hyperref/nameref.sty
Package: nameref 2023-11-26 v2.56 Cross-referencing by name of section
(/usr/share/texlive/texmf-dist/tex/latex/refcount/refcount.sty
Package: refcount 2019/12/15 v3.6 Data extraction from label references (HO)
) (/usr/share/texlive/texmf-dist/tex/generic/gettitlestring/gettitlestring.sty
Package: gettitlestring 2019/12/15 v1.6 Cleanup title references (HO)
(/usr/share/texlive/texmf-dist/tex/latex/kvoptions/kvoptions.sty
Package: kvoptions 2022-06-15 v3.15 Key value format for package options (HO)
))
\c@section@level=\count341
)
\@linkdim=\dimen257
\Hy@linkcounter=\count342
\Hy@pagecounter=\count343
(/usr/share/texlive/texmf-dist/tex/latex/hyperref/pd1enc.def
File: pd1enc.def 2024-01-20 v7.01h Hyperref: PDFDocEncoding definition (HO)
)
\Hy@SavedSpaceFactor=\count344
(/usr/share/texlive/texmf-dist/tex/latex/hyperref/puenc.def
File: puenc.def 2024-01-20 v7.01h Hyperref: PDF Unicode definition (HO)
)
Package hyperref Info: Hyper figures OFF on input line 4179.
Package hyperref Info: Link nesting OFF on input line 4184.
Package hyperref Info: Hyper index ON on input line 4187.
Package hyperref Info: Plain pages OFF on input line 4194.
Package hyperref Info: Backreferencing ON on input line 4197.
Package hyperref Info: Implicit mode ON; LaTeX internals redefined.
Package hyperref Info: Bookmarks ON on input line 4446.
(/usr/share/texlive/texmf-dist/tex/latex/hyperref/backref.sty
Package: backref 2023-11-26 v1.44 Bibliographical back referencing
(/usr/share/texlive/texmf-dist/tex/latex/rerunfilecheck/rerunfilecheck.sty
Package: rerunfilecheck 2022-07-10 v1.10 Rerun checks for auxiliary files (HO)
(/usr/share/texlive/texmf-dist/tex/latex/base/atveryend-ltx.sty
Package: atveryend-ltx 2020/08/19 v1.0a Emulation of the original atveryend pac
kage
with kernel methods
) (/usr/share/texlive/texmf-dist/tex/generic/uniquecounter/uniquecounter.sty
Package: uniquecounter 2019/12/15 v1.4 Provide unlimited unique counter (HO)
(/usr/share/texlive/texmf-dist/tex/generic/bigintcalc/bigintcalc.sty
Package: bigintcalc 2019/12/15 v1.5 Expandable calculations on big integers (HO
)
))
Package uniquecounter Info: New unique counter `rerunfilecheck' on input line 2
85.
))
\c@Hy@tempcnt=\count345
(/usr/share/texlive/texmf-dist/tex/latex/url/url.sty
\Urlmuskip=\muskip16
Package: url 2013/09/16  ver 3.4  Verb mode for urls, etc.
)
LaTeX Info: Redefining \url on input line 4784.
\XeTeXLinkMargin=\dimen258
(/usr/share/texlive/texmf-dist/tex/generic/bitset/bitset.sty
Package: bitset 2019/12/09 v1.3 Handle bit-vector datatype (HO)
)
\Fld@menulength=\count346
\Field@Width=\dimen259
\Fld@charsize=\dimen260
Package hyperref Info: Hyper figures OFF on input line 6063.
Package hyperref Info: Link nesting OFF on input line 6068.
Package hyperref Info: Hyper index ON on input line 6071.
Package hyperref Info: backreferencing ON on input line 6076.
Package hyperref Info: Link coloring OFF on input line 6083.
Package hyperref Info: Link coloring with OCG OFF on input line 6088.
Package hyperref Info: PDF/A mode OFF on input line 6093.
(/usr/share/texlive/texmf-dist/tex/latex/base/atbegshi-ltx.sty
Package: atbegshi-ltx 2021/01/10 v1.0c Emulation of the original atbegshi
package with kernel methods
)
\Hy@abspage=\count347
\c@Item=\count348
\c@Hfootnote=\count349
)
Package hyperref Info: Driver (autodetected): hxetex.
(/usr/share/texlive/texmf-dist/tex/latex/hyperref/hxetex.def
File: hxetex.def 2024-01-20 v7.01h Hyperref driver for XeTeX
(/usr/share/texlive/texmf-dist/tex/generic/stringenc/stringenc.sty
Package: stringenc 2019/11/29 v1.12 Convert strings between diff. encodings (HO
)
)
\pdfm@box=\box122
\c@Hy@AnnotLevel=\count350
\HyField@AnnotCount=\count351
\Fld@listcount=\count352
\c@bookmark@seq@number=\count353
\Hy@SectionHShift=\skip128
)
Package hyperref Info: Option `colorlinks' set `true' on input line 164.
Package hyperref Info: Option `unicode' set `true' on input line 164.
(/usr/share/texlive/texmf-dist/tex/latex/caption/caption.sty
Package: caption 2023/08/05 v3.6o Customizing captions (AR)
(/usr/share/texlive/texmf-dist/tex/latex/caption/caption3.sty
Package: caption3 2023/07/31 v2.4d caption3 kernel (AR)
\caption@tempdima=\dimen261
\captionmargin=\dimen262
\caption@leftmargin=\dimen263
\caption@rightmargin=\dimen264
\caption@width=\dimen265
\caption@indent=\dimen266
\caption@parindent=\dimen267
\caption@hangindent=\dimen268
Package caption Info: Standard document class detected.
)
\c@caption@flags=\count354
\c@continuedfloat=\count355
Package caption Info: changepage package is loaded.
\caption@adjustwidth@hsize=\dimen269
\caption@adjustwidth@linewidth=\dimen270
Package caption Info: float package is loaded.
Package caption Info: hyperref package is loaded.
Package caption Info: longtable package is loaded.
(/usr/share/texlive/texmf-dist/tex/latex/caption/ltcaption.sty
Package: ltcaption 2021/01/08 v1.4c longtable captions (AR)
)) (/usr/share/texlive/texmf-dist/tex/latex/etoc/etoc.sty
Package: etoc 2023/10/29 v1.2d Completely customisable TOCs (JFB)
\Etoc@toctoks=\toks36
\c@etoc@tocid=\count356
\etoc@framed@titlebox=\box123
\etoc@framed@contentsbox=\box124
) (./refman.aux)
\openout1 = `refman.aux'.

LaTeX Font Info:    Checking defaults for OML/cmm/m/it on input line 186.
LaTeX Font Info:    ... okay on input line 186.
LaTeX Font Info:    Checking defaults for OMS/cmsy/m/n on input line 186.
LaTeX Font Info:    ... okay on input line 186.
LaTeX Font Info:    Checking defaults for OT1/cmr/m/n on input line 186.
LaTeX Font Info:    ... okay on input line 186.
LaTeX Font Info:    Checking defaults for T1/cmr/m/n on input line 186.
LaTeX Font Info:    ... okay on input line 186.
LaTeX Font Info:    Checking defaults for TS1/cmr/m/n on input line 186.
LaTeX Font Info:    Trying to load font information for TS1+cmr on input line 1
86.
(/usr/share/texlive/texmf-dist/tex/latex/base/ts1cmr.fd
File: ts1cmr.fd 2023/04/13 v2.5m Standard LaTeX font definitions
)
LaTeX Font Info:    ... okay on input line 186.
LaTeX Font Info:    Checking defaults for TU/lmr/m/n on input line 186.
LaTeX Font Info:    ... okay on input line 186.
LaTeX Font Info:    Checking defaults for OMX/cmex/m/n on input line 186.
LaTeX Font Info:    ... okay on input line 186.
LaTeX Font Info:    Checking defaults for U/cmr/m/n on input line 186.
LaTeX Font Info:    ... okay on input line 186.
LaTeX Font Info:    Checking defaults for PD1/pdf/m/n on input line 186.
LaTeX Font Info:    ... okay on input line 186.
LaTeX Font Info:    Checking defaults for PU/pdf/m/n on input line 186.
LaTeX Font Info:    ... okay on input line 186.

Package fontspec Info: Adjusting the maths setup (use [no-math] to avoid
(fontspec)             this).

\symlegacymaths=\mathgroup7
LaTeX Font Info:    Overwriting symbol font `legacymaths' in version `bold'
(Font)                  OT1/cmr/m/n --> OT1/cmr/bx/n on input line 186.
LaTeX Font Info:    Redeclaring math accent \acute on input line 186.
LaTeX Font Info:    Redeclaring math accent \grave on input line 186.
LaTeX Font Info:    Redeclaring math accent \ddot on input line 186.
LaTeX Font Info:    Redeclaring math accent \tilde on input line 186.
LaTeX Font Info:    Redeclaring math accent \bar on input line 186.
LaTeX Font Info:    Redeclaring math accent \breve on input line 186.
LaTeX Font Info:    Redeclaring math accent \check on input line 186.
LaTeX Font Info:    Redeclaring math accent \hat on input line 186.
LaTeX Font Info:    Redeclaring math accent \dot on input line 186.
LaTeX Font Info:    Redeclaring math accent \mathring on input line 186.
LaTeX Font Info:    Redeclaring math symbol \colon on input line 186.
LaTeX Font Info:    Redeclaring math symbol \Gamma on input line 186.
LaTeX Font Info:    Redeclaring math symbol \Delta on input line 186.
LaTeX Font Info:    Redeclaring math symbol \Theta on input line 186.
LaTeX Font Info:    Redeclaring math symbol \Lambda on input line 186.
LaTeX Font Info:    Redeclaring math symbol \Xi on input line 186.
LaTeX Font Info:    Redeclaring math symbol \Pi on input line 186.
LaTeX Font Info:    Redeclaring math symbol \Sigma on input line 186.
LaTeX Font Info:    Redeclaring math symbol \Upsilon on input line 186.
LaTeX Font Info:    Redeclaring math symbol \Phi on input line 186.
LaTeX Font Info:    Redeclaring math symbol \Psi on input line 186.
LaTeX Font Info:    Redeclaring math symbol \Omega on input line 186.
LaTeX Font Info:    Redeclaring math symbol \mathdollar on input line 186.
LaTeX Font Info:    Redeclaring symbol font `operators' on input line 186.
LaTeX Font Info:    Encoding `OT1' has changed to `TU' for symbol font
(Font)              `operators' in the math version `normal' on input line 186.

LaTeX Font Info:    Overwriting symbol font `operators' in version `normal'
(Font)                  OT1/cmr/m/n --> TU/lmr/m/n on input line 186.
LaTeX Font Info:    Encoding `OT1' has changed to `TU' for symbol font
(Font)              `operators' in the math version `bold' on input line 186.
LaTeX Font Info:    Overwriting symbol font `operators' in version `bold'
(Font)                  OT1/cmr/bx/n --> TU/lmr/m/n on input line 186.
LaTeX Font Info:    Overwriting symbol font `operators' in version `normal'
(Font)                  TU/lmr/m/n --> TU/lmr/m/n on input line 186.
LaTeX Font Info:    Overwriting math alphabet `\mathit' in version `normal'
(Font)                  OT1/cmr/m/it --> TU/lmr/m/it on input line 186.
LaTeX Font Info:    Overwriting math alphabet `\mathbf' in version `normal'
(Font)                  OT1/cmr/bx/n --> TU/lmr/b/n on input line 186.
LaTeX Font Info:    Overwriting math alphabet `\mathsf' in version `normal'
(Font)                  OT1/cmss/m/n --> TU/lmss/m/n on input line 186.
LaTeX Font Info:    Overwriting math alphabet `\mathtt' in version `normal'
(Font)                  OT1/cmtt/m/n --> TU/lmtt/m/n on input line 186.
LaTeX Font Info:    Overwriting symbol font `operators' in version `bold'
(Font)                  TU/lmr/m/n --> TU/lmr/b/n on input line 186.
LaTeX Font Info:    Overwriting math alphabet `\mathit' in version `bold'
(Font)                  OT1/cmr/bx/it --> TU/lmr/b/it on input line 186.
LaTeX Font Info:    Overwriting math alphabet `\mathsf' in version `bold'
(Font)                  OT1/cmss/bx/n --> TU/lmss/b/n on input line 186.
LaTeX Font Info:    Overwriting math alphabet `\mathtt' in version `bold'
(Font)                  OT1/cmtt/m/n --> TU/lmtt/b/n on input line 186.

Package fontspec Info: Font family 'Tinos(0)' created for font 'Tinos' with
(fontspec)             options [Ligatures=TeX].
(fontspec)              
(fontspec)              This font family consists of the following NFSS
(fontspec)             series/shapes:
(fontspec)              
(fontspec)             - 'normal' (m/n) with NFSS spec.:
(fontspec)             <->"Tinos/OT:script=latn;language=dflt;mapping=tex-text;
"
(fontspec)             - 'small caps'  (m/sc) with NFSS spec.: 
(fontspec)             - 'bold' (b/n) with NFSS spec.:
(fontspec)             <->"Tinos/B/OT:script=latn;language=dflt;mapping=tex-tex
t;"
(fontspec)             - 'bold small caps'  (b/sc) with NFSS spec.: 
(fontspec)             - 'italic' (m/it) with NFSS spec.:
(fontspec)             <->"Tinos/I/OT:script=latn;language=dflt;mapping=tex-tex
t;"
(fontspec)             - 'italic small caps'  (m/scit) with NFSS spec.: 
(fontspec)             - 'bold italic' (b/it) with NFSS spec.:
(fontspec)             <->"Tinos/BI/OT:script=latn;language=dflt;mapping=tex-te
xt;"
(fontspec)             - 'bold italic small caps'  (b/scit) with NFSS spec.: 


Package fontspec Info: Font family 'Cousine(0)' created for font 'Cousine'
(fontspec)             with options
(fontspec)             [WordSpace={1,0,0},HyphenChar=None,PunctuationSpace=Word
Space].
(fontspec)              
(fontspec)              This font family consists of the following NFSS
(fontspec)             series/shapes:
(fontspec)              
(fontspec)             - 'normal' (m/n) with NFSS spec.:
(fontspec)             <->"Cousine/OT:script=latn;language=dflt;"
(fontspec)             - 'small caps'  (m/sc) with NFSS spec.: 
(fontspec)             and font adjustment code:
(fontspec)             \fontdimen 2\font =1\fontdimen 2\font \fontdimen 3\font
(fontspec)             =0\fontdimen 3\font \fontdimen 4\font =0\fontdimen
(fontspec)             4\font \fontdimen 7\font =0\fontdimen 2\font
(fontspec)             \tex_hyphenchar:D \font =-1\scan_stop: 
(fontspec)             - 'bold' (b/n) with NFSS spec.:
(fontspec)             <->"Cousine/B/OT:script=latn;language=dflt;"
(fontspec)             - 'bold small caps'  (b/sc) with NFSS spec.: 
(fontspec)             and font adjustment code:
(fontspec)             \fontdimen 2\font =1\fontdimen 2\font \fontdimen 3\font
(fontspec)             =0\fontdimen 3\font \fontdimen 4\font =0\fontdimen
(fontspec)             4\font \fontdimen 7\font =0\fontdimen 2\font
(fontspec)             \tex_hyphenchar:D \font =-1\scan_stop: 
(fontspec)             - 'italic' (m/it) with NFSS spec.:
(fontspec)             <->"Cousine/I/OT:script=latn;language=dflt;"
(fontspec)             - 'italic small caps'  (m/scit) with NFSS spec.: 
(fontspec)             and font adjustment code:
(fontspec)             \fontdimen 2\font =1\fontdimen 2\font \fontdimen 3\font
(fontspec)             =0\fontdimen 3\font \fontdimen 4\font =0\fontdimen
(fontspec)             4\font \fontdimen 7\font =0\fontdimen 2\font
(fontspec)             \tex_hyphenchar:D \font =-1\scan_stop: 
(fontspec)             - 'bold italic' (b/it) with NFSS spec.:
(fontspec)             <->"Cousine/BI/OT:script=latn;language=dflt;"
(fontspec)             - 'bold italic small caps'  (b/scit) with NFSS spec.: 
(fontspec)             and font adjustment code:
(fontspec)             \fontdimen 2\font =1\fontdimen 2\font \fontdimen 3\font
(fontspec)             =0\fontdimen 3\font \fontdimen 4\font =0\fontdimen
(fontspec)             4\font \fontdimen 7\font =0\fontdimen 2\font
(fontspec)             \tex_hyphenchar:D \font =-1\scan_stop: 

*geometry* driver: auto-detecting
*geometry* detected driver: xetex
*geometry* verbose mode - [ preamble ] result:
* driver: xetex
* paper: a4paper
* layout: <same size as paper>
* layoutoffset:(h,v)=(0.0pt,0.0pt)
* modes: twoside 
* h-part:(L,W,R)=(71.13188pt, 455.24411pt, 71.13188pt)
* v-part:(T,H,B)=(71.13188pt, 702.78308pt, 71.13188pt)
* \paperwidth=597.50787pt
* \paperheight=845.04684pt
* \textwidth=455.24411pt
* \textheight=702.78308pt
* \oddsidemargin=-1.1381pt
* \evensidemargin=-1.1381pt
* \topmargin=-31.2056pt
* \headheight=12.0pt
* \headsep=18.06749pt
* \topskip=10.0pt
* \footskip=25.29494pt
* \marginparwidth=125.0pt
* \marginparsep=7.0pt
* \columnsep=10.0pt
* \skip\footins=9.0pt plus 4.0pt minus 2.0pt
* \hoffset=0.0pt
* \voffset=0.0pt
* \mag=1000
* \@twocolumnfalse
* \@twosidetrue
* \@mparswitchtrue
* \@reversemarginfalse
* (1in=72.27pt=25.4mm, 1cm=28.453pt)

Package backref Info: ** backref set up for natbib ** on input line 186.
Package hyperref Info: Link coloring ON on input line 186.
(./refman.out) (./refman.out)
\@outlinefile=\write5
\openout5 = `refman.out'.

Package caption Info: Begin \AtBeginDocument code.
Package caption Info: End \AtBeginDocument code.
\Etoc@tf=\read4
Package hyperref Info: Option `pageanchor' set `false' on input line 194.
Package hyperref Info: Option `bookmarksnumbered' set `true' on input line 194.

LaTeX Font Info:    Trying to load font information for U+msa on input line 199
.
(/usr/share/texlive/texmf-dist/tex/latex/amsfonts/umsa.fd
File: umsa.fd 2013/01/14 v3.01 AMS symbols A
)
LaTeX Font Info:    Trying to load font information for U+msb on input line 199
.
(/usr/share/texlive/texmf-dist/tex/latex/amsfonts/umsb.fd
File: umsb.fd 2013/01/14 v3.01 AMS symbols B
)
LaTeX Font Info:    Trying to load font information for U+wasy on input line 19
9.
(/usr/share/texlive/texmf-dist/tex/latex/wasysym/uwasy.fd
File: uwasy.fd 2020/01/19 v2.4 Wasy-2 symbol font definitions
) [1


] [2

]
\tf@toc=\write6
\openout6 = `refman.toc'.

[1] [2] [3] [4] [5] [6] [7] [8] [9] [10] [11] [12] [13] [14] [15] [16] [17] [18
]
Package hyperref Info: Option `pageanchor' set `true' on input line 213.
(./index.tex
Chapter 1.
[1


] [2]
Underfull \hbox (badness 10000) in paragraph at lines 79--80

 []


Underfull \hbox (badness 10000) in paragraph at lines 81--82

 []


Underfull \hbox (badness 10000) in paragraph at lines 109--110

 []


Underfull \hbox (badness 10000) in paragraph at lines 111--112

 []


Underfull \hbox (badness 10000) in paragraph at lines 113--114

 []


Underfull \hbox (badness 10000) in paragraph at lines 115--116

 []


Underfull \hbox (badness 10000) in paragraph at lines 123--124

 []


Underfull \hbox (badness 10000) in paragraph at lines 125--126

 []

[3] [4]) [5] [6

]
Chapter 2.
(./hierarchy.tex) [7] [8

]
Chapter 3.
(./annotated.tex) [9] [10

]
Chapter 4.
(./files.tex) [11] [12

]
Chapter 5.
(./classBusIO__7Semi.tex [13]
File: classBusIO__7Semi_a933c66d9a1afe84102323e209a93dd31_icgraph.pdf Graphic f
ile (type pdf)
<use classBusIO__7Semi_a933c66d9a1afe84102323e209a93dd31_icgraph.pdf>
[14] [15]
File: classBusIO__7Semi_a51b4ef7309cdfddaa3c94d99eac09065_cgraph.pdf Graphic fi
le (type pdf)
<use classBusIO__7Semi_a51b4ef7309cdfddaa3c94d99eac09065_cgraph.pdf>
File: classBusIO__7Semi_a0d76100d6e83237e0ee97eba7044147d_cgraph.pdf Graphic fi
le (type pdf)
<use classBusIO__7Semi_a0d76100d6e83237e0ee97eba7044147d_cgraph.pdf>
File: classBusIO__7Semi_a0d76100d6e83237e0ee97eba7044147d_icgraph.pdf Graphic f
ile (type pdf)
<use classBusIO__7Semi_a0d76100d6e83237e0ee97eba7044147d_icgraph.pdf>
File: classBusIO__7Semi_a15f260e24f2c2f806965744c40f0f52f_cgraph.pdf Graphic fi
le (type pdf)
<use classBusIO__7Semi_a15f260e24f2c2f806965744c40f0f52f_cgraph.pdf>
[16]
File: classBusIO__7Semi_aed7b0973e323495f8516a0d253089af8_cgraph.pdf Graphic fi
le (type pdf)
<use classBusIO__7Semi_aed7b0973e323495f8516a0d253089af8_cgraph.pdf>
File: classBusIO__7Semi_aed7b0973e323495f8516a0d253089af8_icgraph.pdf Graphic f
ile (type pdf)
<use classBusIO__7Semi_aed7b0973e323495f8516a0d253089af8_icgraph.pdf>
[17]
File: classBusIO__7Semi_aa633479356af692cb9ea334771b7c0c5_icgraph.pdf Graphic f
ile (type pdf)
<use classBusIO__7Semi_aa633479356af692cb9ea334771b7c0c5_icgraph.pdf>
[18]
File: classBusIO__7Semi_a6a07d4bd0a308294b37166b6d25209b2_cgraph.pdf Graphic fi
le (type pdf)
<use classBusIO__7Semi_a6a07d4bd0a308294b37166b6d25209b2_cgraph.pdf>
[19]
File: classBusIO__7Semi_ac7b3d1c425f7187abbe1bbec64d9ccea_cgraph.pdf Graphic fi
le (type pdf)
<use classBusIO__7Semi_ac7b3d1c425f7187abbe1bbec64d9ccea_cgraph.pdf>
File: classBusIO__7Semi_ac7b3d1c425f7187abbe1bbec64d9ccea_icgraph.pdf Graphic f
ile (type pdf)
<use classBusIO__7Semi_ac7b3d1c425f7187abbe1bbec64d9ccea_icgraph.pdf>
[20]
File: classBusIO__7Semi_af38d37d409c6d8bc956522465fa39390_cgraph.pdf Graphic fi
le (type pdf)
<use classBusIO__7Semi_af38d37d409c6d8bc956522465fa39390_cgraph.pdf>
[21]
File: classBusIO__7Semi_a855c7388d4118e632c84c7f8e2e3ddc2_cgraph.pdf Graphic fi
le (type pdf)
<use classBusIO__7Semi_a855c7388d4118e632c84c7f8e2e3ddc2_cgraph.pdf>
File: classBusIO__7Semi_a855c7388d4118e632c84c7f8e2e3ddc2_icgraph.pdf Graphic f
ile (type pdf)
<use classBusIO__7Semi_a855c7388d4118e632c84c7f8e2e3ddc2_icgraph.pdf>
) (./structconfigDLPF.tex [22]) (./classDevLab__ICM20948.tex [23] [24]
File: classDevLab__ICM20948_a31460c48549b1d3081e253706f8b15e6_cgraph.pdf Graphi
c file (type pdf)
<use classDevLab__ICM20948_a31460c48549b1d3081e253706f8b15e6_cgraph.pdf>
File: classDevLab__ICM20948_a31460c48549b1d3081e253706f8b15e6_icgraph.pdf Graph
ic file (type pdf)
<use classDevLab__ICM20948_a31460c48549b1d3081e253706f8b15e6_icgraph.pdf>
[25]
File: classDevLab__ICM20948_ab8336307b4096237d701d989d1f5e619_cgraph.pdf Graphi
c file (type pdf)
<use classDevLab__ICM20948_ab8336307b4096237d701d989d1f5e619_cgraph.pdf>
[26]
File: classDevLab__ICM20948_aab027c72832d1c7ec722187e6a64796a_cgraph.pdf Graphi
c file (type pdf)
<use classDevLab__ICM20948_aab027c72832d1c7ec722187e6a64796a_cgraph.pdf>
File: classDevLab__ICM20948_a357d1315ecc5a649ac4ce6b31cb47e7a_cgraph.pdf Graphi
c file (type pdf)
<use classDevLab__ICM20948_a357d1315ecc5a649ac4ce6b31cb47e7a_cgraph.pdf>
[27]
File: classDevLab__ICM20948_a1b8cce13fe757b1b3a61f8437766d7eb_cgraph.pdf Graphi
c file (type pdf)
<use classDevLab__ICM20948_a1b8cce13fe757b1b3a61f8437766d7eb_cgraph.pdf>
[28]
File: classDevLab__ICM20948_a57d37173d6d5c54ab4c7027dfdd3a78f_cgraph.pdf Graphi
c file (type pdf)
<use classDevLab__ICM20948_a57d37173d6d5c54ab4c7027dfdd3a78f_cgraph.pdf>
File: classDevLab__ICM20948_a8f47c9f63642c35e5b5656e720667566_cgraph.pdf Graphi
c file (type pdf)
<use classDevLab__ICM20948_a8f47c9f63642c35e5b5656e720667566_cgraph.pdf>
File: classDevLab__ICM20948_a8f47c9f63642c35e5b5656e720667566_icgraph.pdf Graph
ic file (type pdf)
<use classDevLab__ICM20948_a8f47c9f63642c35e5b5656e720667566_icgraph.pdf>
[29]
File: classDevLab__ICM20948_a1079d6d89e4bda1f496cce90a820e102_cgraph.pdf Graphi
c file (type pdf)
<use classDevLab__ICM20948_a1079d6d89e4bda1f496cce90a820e102_cgraph.pdf>
File: classDevLab__ICM20948_ac2a1cdaf078cac71e14e0629925a7808_cgraph.pdf Graphi
c file (type pdf)
<use classDevLab__ICM20948_ac2a1cdaf078cac71e14e0629925a7808_cgraph.pdf>
[30]
File: classDevLab__ICM20948_a91147b3cd4c45bffc8e024f985be7b21_cgraph.pdf Graphi
c file (type pdf)
<use classDevLab__ICM20948_a91147b3cd4c45bffc8e024f985be7b21_cgraph.pdf>
File: classDevLab__ICM20948_a91147b3cd4c45bffc8e024f985be7b21_icgraph.pdf Graph
ic file (type pdf)
<use classDevLab__ICM20948_a91147b3cd4c45bffc8e024f985be7b21_icgraph.pdf>
[31]
File: classDevLab__ICM20948_a4386f310503153f3e28935cbdda75b18_cgraph.pdf Graphi
c file (type pdf)
<use classDevLab__ICM20948_a4386f310503153f3e28935cbdda75b18_cgraph.pdf>
File: classDevLab__ICM20948_a4386f310503153f3e28935cbdda75b18_icgraph.pdf Graph
ic file (type pdf)
<use classDevLab__ICM20948_a4386f310503153f3e28935cbdda75b18_icgraph.pdf>
File: classDevLab__ICM20948_a61f65c00baf13e2cd69eee7cb6688720_cgraph.pdf Graphi
c file (type pdf)
<use classDevLab__ICM20948_a61f65c00baf13e2cd69eee7cb6688720_cgraph.pdf>
[32]
File: classDevLab__ICM20948_ae356f6810b038f90e706bd288bb79d19_cgraph.pdf Graphi
c file (type pdf)
<use classDevLab__ICM20948_ae356f6810b038f90e706bd288bb79d19_cgraph.pdf>
[33]
File: classDevLab__ICM20948_a95dae0d8f84175c0175e65b9981d86f9_cgraph.pdf Graphi
c file (type pdf)
<use classDevLab__ICM20948_a95dae0d8f84175c0175e65b9981d86f9_cgraph.pdf>
File: classDevLab__ICM20948_ae4beff71dc469940c9ba561d57f04ec7_cgraph.pdf Graphi
c file (type pdf)
<use classDevLab__ICM20948_ae4beff71dc469940c9ba561d57f04ec7_cgraph.pdf>
[34]
File: classDevLab__ICM20948_a9f2da1c80e24d06ae0a0561eb850d8d9_cgraph.pdf Graphi
c file (type pdf)
<use classDevLab__ICM20948_a9f2da1c80e24d06ae0a0561eb850d8d9_cgraph.pdf>
File: classDevLab__ICM20948_ace42a35300e82402626ce89eb8958e5f_cgraph.pdf Graphi
c file (type pdf)
<use classDevLab__ICM20948_ace42a35300e82402626ce89eb8958e5f_cgraph.pdf>
[35]
File: classDevLab__ICM20948_ac4585d35fd7444eee47ea7accd162b6d_cgraph.pdf Graphi
c file (type pdf)
<use classDevLab__ICM20948_ac4585d35fd7444eee47ea7accd162b6d_cgraph.pdf>
File: classDevLab__ICM20948_ab5ef83d7268ee07da27e9cce74c94e46_cgraph.pdf Graphi
c file (type pdf)
<use classDevLab__ICM20948_ab5ef83d7268ee07da27e9cce74c94e46_cgraph.pdf>
[36]
File: classDevLab__ICM20948_a3d407a299b73a9d6da88f724bcca0a36_cgraph.pdf Graphi
c file (type pdf)
<use classDevLab__ICM20948_a3d407a299b73a9d6da88f724bcca0a36_cgraph.pdf>
File: classDevLab__ICM20948_a721c6c8151230452abfc6c36814f63a7_cgraph.pdf Graphi
c file (type pdf)
<use classDevLab__ICM20948_a721c6c8151230452abfc6c36814f63a7_cgraph.pdf>
[37]
File: classDevLab__ICM20948_a5e21409c747b1345884dd0d05720f37f_cgraph.pdf Graphi
c file (type pdf)
<use classDevLab__ICM20948_a5e21409c747b1345884dd0d05720f37f_cgraph.pdf>
File: classDevLab__ICM20948_a9832c13228e84e8ef74a631bfe1fdcd7_cgraph.pdf Graphi
c file (type pdf)
<use classDevLab__ICM20948_a9832c13228e84e8ef74a631bfe1fdcd7_cgraph.pdf>
[38]
File: classDevLab__ICM20948_a8b3768ede281b8aa65900b1db8a7a7c7_cgraph.pdf Graphi
c file (type pdf)
<use classDevLab__ICM20948_a8b3768ede281b8aa65900b1db8a7a7c7_cgraph.pdf>
File: classDevLab__ICM20948_a7b137192f8eb987cd221808c2c6c3561_cgraph.pdf Graphi
c file (type pdf)
<use classDevLab__ICM20948_a7b137192f8eb987cd221808c2c6c3561_cgraph.pdf>
File: classDevLab__ICM20948_a7b137192f8eb987cd221808c2c6c3561_icgraph.pdf Graph
ic file (type pdf)
<use classDevLab__ICM20948_a7b137192f8eb987cd221808c2c6c3561_icgraph.pdf>
[39]
File: classDevLab__ICM20948_a3c5db22058479806072167f2c15319c7_cgraph.pdf Graphi
c file (type pdf)
<use classDevLab__ICM20948_a3c5db22058479806072167f2c15319c7_cgraph.pdf>
File: classDevLab__ICM20948_a3c5db22058479806072167f2c15319c7_icgraph.pdf Graph
ic file (type pdf)
<use classDevLab__ICM20948_a3c5db22058479806072167f2c15319c7_icgraph.pdf>
[40]
File: classDevLab__ICM20948_ab011f71e9466a0e1e8245638f81b0f43_cgraph.pdf Graphi
c file (type pdf)
<use classDevLab__ICM20948_ab011f71e9466a0e1e8245638f81b0f43_cgraph.pdf>
File: classDevLab__ICM20948_ab011f71e9466a0e1e8245638f81b0f43_icgraph.pdf Graph
ic file (type pdf)
<use classDevLab__ICM20948_ab011f71e9466a0e1e8245638f81b0f43_icgraph.pdf>
File: classDevLab__ICM20948_a3b58edd0915cff118ca81daa6944a27b_cgraph.pdf Graphi
c file (type pdf)
<use classDevLab__ICM20948_a3b58edd0915cff118ca81daa6944a27b_cgraph.pdf>
File: classDevLab__ICM20948_a3b58edd0915cff118ca81daa6944a27b_icgraph.pdf Graph
ic file (type pdf)
<use classDevLab__ICM20948_a3b58edd0915cff118ca81daa6944a27b_icgraph.pdf>
[41]
File: classDevLab__ICM20948_a006c131f860f1fc81c587b3d8a77522d_cgraph.pdf Graphi
c file (type pdf)
<use classDevLab__ICM20948_a006c131f860f1fc81c587b3d8a77522d_cgraph.pdf>
File: classDevLab__ICM20948_a006c131f860f1fc81c587b3d8a77522d_icgraph.pdf Graph
ic file (type pdf)
<use classDevLab__ICM20948_a006c131f860f1fc81c587b3d8a77522d_icgraph.pdf>
[42]
File: classDevLab__ICM20948_a9f9b29867c2b78efef3ef9688f886314_cgraph.pdf Graphi
c file (type pdf)
<use classDevLab__ICM20948_a9f9b29867c2b78efef3ef9688f886314_cgraph.pdf>
File: classDevLab__ICM20948_a9f9b29867c2b78efef3ef9688f886314_icgraph.pdf Graph
ic file (type pdf)
<use classDevLab__ICM20948_a9f9b29867c2b78efef3ef9688f886314_icgraph.pdf>
File: classDevLab__ICM20948_aa5c2ecd855cebb1934bbbe020128ab5e_cgraph.pdf Graphi
c file (type pdf)
<use classDevLab__ICM20948_aa5c2ecd855cebb1934bbbe020128ab5e_cgraph.pdf>
[43]
File: classDevLab__ICM20948_aa5c2ecd855cebb1934bbbe020128ab5e_icgraph.pdf Graph
ic file (type pdf)
<use classDevLab__ICM20948_aa5c2ecd855cebb1934bbbe020128ab5e_icgraph.pdf>
File: classDevLab__ICM20948_a8bef7eafb3b67eb736f491d0df453b9e_cgraph.pdf Graphi
c file (type pdf)
<use classDevLab__ICM20948_a8bef7eafb3b67eb736f491d0df453b9e_cgraph.pdf>
File: classDevLab__ICM20948_a8bef7eafb3b67eb736f491d0df453b9e_icgraph.pdf Graph
ic file (type pdf)
<use classDevLab__ICM20948_a8bef7eafb3b67eb736f491d0df453b9e_icgraph.pdf>
[44]
File: classDevLab__ICM20948_aaa26fcbfea0e67d45cb1c3ae39654c55_cgraph.pdf Graphi
c file (type pdf)
<use classDevLab__ICM20948_aaa26fcbfea0e67d45cb1c3ae39654c55_cgraph.pdf>
File: classDevLab__ICM20948_adfbd409c7723007d208c82550098a649_cgraph.pdf Graphi
c file (type pdf)
<use classDevLab__ICM20948_adfbd409c7723007d208c82550098a649_cgraph.pdf>
[45]
File: classDevLab__ICM20948_a9d7602ece2c3908e7bbb2acd45dff156_cgraph.pdf Graphi
c file (type pdf)
<use classDevLab__ICM20948_a9d7602ece2c3908e7bbb2acd45dff156_cgraph.pdf>
File: classDevLab__ICM20948_a619f82390347cc173d1604d4d711b537_cgraph.pdf Graphi
c file (type pdf)
<use classDevLab__ICM20948_a619f82390347cc173d1604d4d711b537_cgraph.pdf>
[46]
File: classDevLab__ICM20948_a619f82390347cc173d1604d4d711b537_icgraph.pdf Graph
ic file (type pdf)
<use classDevLab__ICM20948_a619f82390347cc173d1604d4d711b537_icgraph.pdf>
File: classDevLab__ICM20948_aca0cb8da36b8e9128299b9aeb5bb60ec_cgraph.pdf Graphi
c file (type pdf)
<use classDevLab__ICM20948_aca0cb8da36b8e9128299b9aeb5bb60ec_cgraph.pdf>
File: classDevLab__ICM20948_aca0cb8da36b8e9128299b9aeb5bb60ec_icgraph.pdf Graph
ic file (type pdf)
<use classDevLab__ICM20948_aca0cb8da36b8e9128299b9aeb5bb60ec_icgraph.pdf>
[47]
File: classDevLab__ICM20948_ac52d80aad738b90aa0f05e9d6404bb85_cgraph.pdf Graphi
c file (type pdf)
<use classDevLab__ICM20948_ac52d80aad738b90aa0f05e9d6404bb85_cgraph.pdf>
File: classDevLab__ICM20948_ac52d80aad738b90aa0f05e9d6404bb85_icgraph.pdf Graph
ic file (type pdf)
<use classDevLab__ICM20948_ac52d80aad738b90aa0f05e9d6404bb85_icgraph.pdf>
[48]
File: classDevLab__ICM20948_a7c150c665140086d7937fa4b2f39cd45_cgraph.pdf Graphi
c file (type pdf)
<use classDevLab__ICM20948_a7c150c665140086d7937fa4b2f39cd45_cgraph.pdf>
[49]
File: classDevLab__ICM20948_afe657b6e9d21f02dad2599ea04feefe2_cgraph.pdf Graphi
c file (type pdf)
<use classDevLab__ICM20948_afe657b6e9d21f02dad2599ea04feefe2_cgraph.pdf>
File: classDevLab__ICM20948_afe657b6e9d21f02dad2599ea04feefe2_icgraph.pdf Graph
ic file (type pdf)
<use classDevLab__ICM20948_afe657b6e9d21f02dad2599ea04feefe2_icgraph.pdf>
File: classDevLab__ICM20948_a1a2aa0019d5e1c6ba8ce4a3c1d9fcb43_cgraph.pdf Graphi
c file (type pdf)
<use classDevLab__ICM20948_a1a2aa0019d5e1c6ba8ce4a3c1d9fcb43_cgraph.pdf>
[50]
File: classDevLab__ICM20948_a1a2aa0019d5e1c6ba8ce4a3c1d9fcb43_icgraph.pdf Graph
ic file (type pdf)
<use classDevLab__ICM20948_a1a2aa0019d5e1c6ba8ce4a3c1d9fcb43_icgraph.pdf>
File: classDevLab__ICM20948_a18de038f48173c77483f4be1c04204d6_cgraph.pdf Graphi
c file (type pdf)
<use classDevLab__ICM20948_a18de038f48173c77483f4be1c04204d6_cgraph.pdf>
[51]
File: classDevLab__ICM20948_a0bea2c662c285120253851c80289e077_cgraph.pdf Graphi
c file (type pdf)
<use classDevLab__ICM20948_a0bea2c662c285120253851c80289e077_cgraph.pdf>
File: classDevLab__ICM20948_a0bea2c662c285120253851c80289e077_icgraph.pdf Graph
ic file (type pdf)
<use classDevLab__ICM20948_a0bea2c662c285120253851c80289e077_icgraph.pdf>
File: classDevLab__ICM20948_a7ae5665d5e835f8024df82f43bae46e7_cgraph.pdf Graphi
c file (type pdf)
<use classDevLab__ICM20948_a7ae5665d5e835f8024df82f43bae46e7_cgraph.pdf>
[52]
File: classDevLab__ICM20948_a16cc9db132bb7a2b706275c9f5a03773_cgraph.pdf Graphi
c file (type pdf)
<use classDevLab__ICM20948_a16cc9db132bb7a2b706275c9f5a03773_cgraph.pdf>
File: classDevLab__ICM20948_a16cc9db132bb7a2b706275c9f5a03773_icgraph.pdf Graph
ic file (type pdf)
<use classDevLab__ICM20948_a16cc9db132bb7a2b706275c9f5a03773_icgraph.pdf>
File: classDevLab__ICM20948_a631e6298058a3c54f1c02bae5cf8db54_cgraph.pdf Graphi
c file (type pdf)
<use classDevLab__ICM20948_a631e6298058a3c54f1c02bae5cf8db54_cgraph.pdf>
[53]
File: classDevLab__ICM20948_a70bbcf97fd1c211e2bea203a5039b1bb_cgraph.pdf Graphi
c file (type pdf)
<use classDevLab__ICM20948_a70bbcf97fd1c211e2bea203a5039b1bb_cgraph.pdf>
File: classDevLab__ICM20948_a6a06dbd14558e50d40595de82502d632_cgraph.pdf Graphi
c file (type pdf)
<use classDevLab__ICM20948_a6a06dbd14558e50d40595de82502d632_cgraph.pdf>
[54]
File: classDevLab__ICM20948_a6a06dbd14558e50d40595de82502d632_icgraph.pdf Graph
ic file (type pdf)
<use classDevLab__ICM20948_a6a06dbd14558e50d40595de82502d632_icgraph.pdf>
File: classDevLab__ICM20948_a6c9c09f8b2ab39f5de7f48c6c743ffc4_cgraph.pdf Graphi
c file (type pdf)
<use classDevLab__ICM20948_a6c9c09f8b2ab39f5de7f48c6c743ffc4_cgraph.pdf>
[55]
File: classDevLab__ICM20948_a0882a30454b0716953f5f375613d24b3_icgraph.pdf Graph
ic file (type pdf)
<use classDevLab__ICM20948_a0882a30454b0716953f5f375613d24b3_icgraph.pdf>
File: classDevLab__ICM20948_ae9c088334d6ec706bb08b47ef29bd186_cgraph.pdf Graphi
c file (type pdf)
<use classDevLab__ICM20948_ae9c088334d6ec706bb08b47ef29bd186_cgraph.pdf>
File: classDevLab__ICM20948_ae9c088334d6ec706bb08b47ef29bd186_icgraph.pdf Graph
ic file (type pdf)
<use classDevLab__ICM20948_ae9c088334d6ec706bb08b47ef29bd186_icgraph.pdf>
[56]
File: classDevLab__ICM20948_a4210e842050486637a5967b2a9ef7b57_cgraph.pdf Graphi
c file (type pdf)
<use classDevLab__ICM20948_a4210e842050486637a5967b2a9ef7b57_cgraph.pdf>
File: classDevLab__ICM20948_a4210e842050486637a5967b2a9ef7b57_icgraph.pdf Graph
ic file (type pdf)
<use classDevLab__ICM20948_a4210e842050486637a5967b2a9ef7b57_icgraph.pdf>
[57]
File: classDevLab__ICM20948_a0d6774b76298645ee45ec0e9065a8891_cgraph.pdf Graphi
c file (type pdf)
<use classDevLab__ICM20948_a0d6774b76298645ee45ec0e9065a8891_cgraph.pdf>
File: classDevLab__ICM20948_a0d6774b76298645ee45ec0e9065a8891_icgraph.pdf Graph
ic file (type pdf)
<use classDevLab__ICM20948_a0d6774b76298645ee45ec0e9065a8891_icgraph.pdf>
) (./classI2C__Interface.tex
File: classI2C__Interface__inherit__graph.pdf Graphic file (type pdf)
<use classI2C__Interface__inherit__graph.pdf>
[58]
File: classI2C__Interface__coll__graph.pdf Graphic file (type pdf)
<use classI2C__Interface__coll__graph.pdf>
[59]
File: classI2C__Interface_ae8147c4d6e54fe2622825d7e17493152_icgraph.pdf Graphic
 file (type pdf)
<use classI2C__Interface_ae8147c4d6e54fe2622825d7e17493152_icgraph.pdf>
[60]) (./structICM20948__IntEnableConfig.tex [61]) (./structICM20948__IntPinCon
fig.tex [62]) (./structICM20948__IntStatus.tex [63] [64]) (./structicm__plat__t
.tex [65]) (./classInterface__7Semi.tex
File: classInterface__7Semi__inherit__graph.pdf Graphic file (type pdf)
<use classInterface__7Semi__inherit__graph.pdf>
[66] [67]) (./classSPI__Interface.tex
File: classSPI__Interface__inherit__graph.pdf Graphic file (type pdf)
<use classSPI__Interface__inherit__graph.pdf>
[68]
File: classSPI__Interface__coll__graph.pdf Graphic file (type pdf)
<use classSPI__Interface__coll__graph.pdf>
[69]
File: classSPI__Interface_a24b5d68ff8da5578f56ee571d86ab289_icgraph.pdf Graphic
 file (type pdf)
<use classSPI__Interface_a24b5d68ff8da5578f56ee571d86ab289_icgraph.pdf>
[70]) [71] [72

]
Chapter 6.
(./gyr__test_8ino.tex
File: gyr__test_8ino__incl.pdf Graphic file (type pdf)
<use gyr__test_8ino__incl.pdf>
[73]

LaTeX Font Warning: Font shape `TU/Tinos(0)/bc/n' undefined
(Font)              using `TU/Tinos(0)/m/n' instead on input line 79.


Underfull \hbox (badness 10000) detected at line 79
[][][]
 []

[74]
Underfull \hbox (badness 10000) detected at line 165
[][][]
 []

File: gyr__test_8ino_a327f4fbd9f22daba4f8a6f3f1c13f729_cgraph.pdf Graphic file 
(type pdf)
<use gyr__test_8ino_a327f4fbd9f22daba4f8a6f3f1c13f729_cgraph.pdf>
File: gyr__test_8ino_a1cf9f29034d9373db6498335da3d661c_cgraph.pdf Graphic file 
(type pdf)
<use gyr__test_8ino_a1cf9f29034d9373db6498335da3d661c_cgraph.pdf>
[75]
File: gyr__test_8ino_a1cf9f29034d9373db6498335da3d661c_icgraph.pdf Graphic file
 (type pdf)
<use gyr__test_8ino_a1cf9f29034d9373db6498335da3d661c_icgraph.pdf>
File: gyr__test_8ino_a42633dcf8fe2689c57c8113825f74c66_icgraph.pdf Graphic file
 (type pdf)
<use gyr__test_8ino_a42633dcf8fe2689c57c8113825f74c66_icgraph.pdf>
File: gyr__test_8ino_a59a0400232b9ffe7d4395b166f74593a_cgraph.pdf Graphic file 
(type pdf)
<use gyr__test_8ino_a59a0400232b9ffe7d4395b166f74593a_cgraph.pdf>
[76]
File: gyr__test_8ino_a59a0400232b9ffe7d4395b166f74593a_icgraph.pdf Graphic file
 (type pdf)
<use gyr__test_8ino_a59a0400232b9ffe7d4395b166f74593a_icgraph.pdf>
File: gyr__test_8ino_a4fc01d736fe50cf5b977f755b675f11d_cgraph.pdf Graphic file 
(type pdf)
<use gyr__test_8ino_a4fc01d736fe50cf5b977f755b675f11d_cgraph.pdf>
[77] [78]) (./gyr__test_8ino_source.tex [79] [80] [81]) (./i2c__accel_8ino.tex
Underfull \hbox (badness 10000) in paragraph at lines 3--5

 []

[82]
File: i2c__accel_8ino_afe461d27b9c48d5921c00d521181f12f_cgraph.pdf Graphic file
 (type pdf)
<use i2c__accel_8ino_afe461d27b9c48d5921c00d521181f12f_cgraph.pdf>
File: i2c__accel_8ino_a4fc01d736fe50cf5b977f755b675f11d_cgraph.pdf Graphic file
 (type pdf)
<use i2c__accel_8ino_a4fc01d736fe50cf5b977f755b675f11d_cgraph.pdf>
[83]) (./i2c__accel_8ino_source.tex [84]) (./i2c__basic_8ino.tex
Underfull \hbox (badness 10000) in paragraph at lines 3--5

 []

[85]
File: i2c__basic_8ino_afe461d27b9c48d5921c00d521181f12f_cgraph.pdf Graphic file
 (type pdf)
<use i2c__basic_8ino_afe461d27b9c48d5921c00d521181f12f_cgraph.pdf>
[86]
File: i2c__basic_8ino_a4fc01d736fe50cf5b977f755b675f11d_cgraph.pdf Graphic file
 (type pdf)
<use i2c__basic_8ino_a4fc01d736fe50cf5b977f755b675f11d_cgraph.pdf>
) (./i2c__basic_8ino_source.tex [87] [88]) (./i2c__gyro_8ino.tex
Underfull \hbox (badness 10000) in paragraph at lines 3--5

 []

[89]
File: i2c__gyro_8ino_afe461d27b9c48d5921c00d521181f12f_cgraph.pdf Graphic file 
(type pdf)
<use i2c__gyro_8ino_afe461d27b9c48d5921c00d521181f12f_cgraph.pdf>
File: i2c__gyro_8ino_a4fc01d736fe50cf5b977f755b675f11d_cgraph.pdf Graphic file 
(type pdf)
<use i2c__gyro_8ino_a4fc01d736fe50cf5b977f755b675f11d_cgraph.pdf>
[90]) (./i2c__gyro_8ino_source.tex [91] [92]) (./i2c__magneto_8ino.tex
Underfull \hbox (badness 10000) in paragraph at lines 3--5

 []

[93]
File: i2c__magneto_8ino_afe461d27b9c48d5921c00d521181f12f_cgraph.pdf Graphic fi
le (type pdf)
<use i2c__magneto_8ino_afe461d27b9c48d5921c00d521181f12f_cgraph.pdf>
File: i2c__magneto_8ino_a4fc01d736fe50cf5b977f755b675f11d_cgraph.pdf Graphic fi
le (type pdf)
<use i2c__magneto_8ino_a4fc01d736fe50cf5b977f755b675f11d_cgraph.pdf>
[94]) (./i2c__magneto_8ino_source.tex [95]) (./interrupt_8ino.tex
File: interrupt_8ino__incl.pdf Graphic file (type pdf)
<use interrupt_8ino__incl.pdf>
[96]
Underfull \hbox (badness 10000) detected at line 60
[][][]
 []

[97]
File: interrupt_8ino_aef596810c644e9f3853919b365e8270f_icgraph.pdf Graphic file
 (type pdf)
<use interrupt_8ino_aef596810c644e9f3853919b365e8270f_icgraph.pdf>
File: interrupt_8ino_a4fc01d736fe50cf5b977f755b675f11d_cgraph.pdf Graphic file 
(type pdf)
<use interrupt_8ino_a4fc01d736fe50cf5b977f755b675f11d_cgraph.pdf>
[98]) (./interrupt_8ino_source.tex [99] [100]) (./mag__test_8ino.tex
File: mag__test_8ino__incl.pdf Graphic file (type pdf)
<use mag__test_8ino__incl.pdf>
[101]
Underfull \hbox (badness 10000) detected at line 58
[][][]
 []

File: mag__test_8ino_af42a493b8d96759f43d866fbe725cf3d_cgraph.pdf Graphic file 
(type pdf)
<use mag__test_8ino_af42a493b8d96759f43d866fbe725cf3d_cgraph.pdf>
[102]
File: mag__test_8ino_af42a493b8d96759f43d866fbe725cf3d_icgraph.pdf Graphic file
 (type pdf)
<use mag__test_8ino_af42a493b8d96759f43d866fbe725cf3d_icgraph.pdf>
File: mag__test_8ino_a4fc01d736fe50cf5b977f755b675f11d_cgraph.pdf Graphic file 
(type pdf)
<use mag__test_8ino_a4fc01d736fe50cf5b977f755b675f11d_cgraph.pdf>
[103]) (./mag__test_8ino_source.tex [104] [105]) (./spi__accel_8ino.tex
Underfull \hbox (badness 10000) in paragraph at lines 3--4

 []

[106]
File: spi__accel_8ino_afe461d27b9c48d5921c00d521181f12f_cgraph.pdf Graphic file
 (type pdf)
<use spi__accel_8ino_afe461d27b9c48d5921c00d521181f12f_cgraph.pdf>

Underfull \hbox (badness 10000) detected at line 87
[][][]
 []

File: spi__accel_8ino_a4fc01d736fe50cf5b977f755b675f11d_cgraph.pdf Graphic file
 (type pdf)
<use spi__accel_8ino_a4fc01d736fe50cf5b977f755b675f11d_cgraph.pdf>
[107]
File: spi__accel_8ino_a5f08ba3a5b3d8e5b3fa5a22429ecfa2b_icgraph.pdf Graphic fil
e (type pdf)
<use spi__accel_8ino_a5f08ba3a5b3d8e5b3fa5a22429ecfa2b_icgraph.pdf>
) (./spi__accel_8ino_source.tex [108] [109]) (./spi__basic_8ino.tex
Underfull \hbox (badness 10000) in paragraph at lines 3--4

 []

[110]
File: spi__basic_8ino_afe461d27b9c48d5921c00d521181f12f_cgraph.pdf Graphic file
 (type pdf)
<use spi__basic_8ino_afe461d27b9c48d5921c00d521181f12f_cgraph.pdf>

Underfull \hbox (badness 10000) detected at line 91
[][][]
 []

File: spi__basic_8ino_a4fc01d736fe50cf5b977f755b675f11d_cgraph.pdf Graphic file
 (type pdf)
<use spi__basic_8ino_a4fc01d736fe50cf5b977f755b675f11d_cgraph.pdf>
[111]
File: spi__basic_8ino_a5f08ba3a5b3d8e5b3fa5a22429ecfa2b_icgraph.pdf Graphic fil
e (type pdf)
<use spi__basic_8ino_a5f08ba3a5b3d8e5b3fa5a22429ecfa2b_icgraph.pdf>
) (./spi__basic_8ino_source.tex [112] [113]) (./spi__gyro_8ino.tex
Underfull \hbox (badness 10000) in paragraph at lines 3--4

 []

File: spi__gyro_8ino_afe461d27b9c48d5921c00d521181f12f_cgraph.pdf Graphic file 
(type pdf)
<use spi__gyro_8ino_afe461d27b9c48d5921c00d521181f12f_cgraph.pdf>
[114]
Underfull \hbox (badness 10000) detected at line 87
[][][]
 []

File: spi__gyro_8ino_a4fc01d736fe50cf5b977f755b675f11d_cgraph.pdf Graphic file 
(type pdf)
<use spi__gyro_8ino_a4fc01d736fe50cf5b977f755b675f11d_cgraph.pdf>
File: spi__gyro_8ino_a5f08ba3a5b3d8e5b3fa5a22429ecfa2b_icgraph.pdf Graphic file
 (type pdf)
<use spi__gyro_8ino_a5f08ba3a5b3d8e5b3fa5a22429ecfa2b_icgraph.pdf>
[115]) (./spi__gyro_8ino_source.tex [116]) (./test_8ino.tex
File: test_8ino__incl.pdf Graphic file (type pdf)
<use test_8ino__incl.pdf>
[117]
Overfull \hbox (52.49417pt too wide) in paragraph at lines 58--59
[]\TU/Tinos(0)/bc/n/10 const [] [] []$ $[] = { [], [],
 []

[118]
Underfull \hbox (badness 1226) in paragraph at lines 64--65
[]\TU/Tinos(0)/bc/n/10 const [] [] []$ $[] = { [],
 []


Overfull \hbox (128.53976pt too wide) in paragraph at lines 64--65
[]\TU/Tinos(0)/bc/n/10 , [], [],
 []


Overfull \hbox (298.73508pt too wide) in paragraph at lines 64--65
[]\TU/Tinos(0)/bc/n/10 , [], [],[]
 []


Overfull \hbox (97.29169pt too wide) in paragraph at lines 68--69
[]\TU/Tinos(0)/bc/n/10 const [] [] []$ $[] = {[] ,[],
 []


Underfull \hbox (badness 10000) detected at line 89
[][][]
 []

[119]
Underfull \hbox (badness 10000) detected at line 175
[][][]
 []

File: test_8ino_a327f4fbd9f22daba4f8a6f3f1c13f729_cgraph.pdf Graphic file (type
 pdf)
<use test_8ino_a327f4fbd9f22daba4f8a6f3f1c13f729_cgraph.pdf>
[120]
File: test_8ino_a1cf9f29034d9373db6498335da3d661c_cgraph.pdf Graphic file (type
 pdf)
<use test_8ino_a1cf9f29034d9373db6498335da3d661c_cgraph.pdf>
File: test_8ino_a1cf9f29034d9373db6498335da3d661c_icgraph.pdf Graphic file (typ
e pdf)
<use test_8ino_a1cf9f29034d9373db6498335da3d661c_icgraph.pdf>
File: test_8ino_a42633dcf8fe2689c57c8113825f74c66_icgraph.pdf Graphic file (typ
e pdf)
<use test_8ino_a42633dcf8fe2689c57c8113825f74c66_icgraph.pdf>
File: test_8ino_a8765c1cf679c82cf73a0a13af44b983b_icgraph.pdf Graphic file (typ
e pdf)
<use test_8ino_a8765c1cf679c82cf73a0a13af44b983b_icgraph.pdf>
[121]
File: test_8ino_a59a0400232b9ffe7d4395b166f74593a_cgraph.pdf Graphic file (type
 pdf)
<use test_8ino_a59a0400232b9ffe7d4395b166f74593a_cgraph.pdf>
File: test_8ino_a59a0400232b9ffe7d4395b166f74593a_icgraph.pdf Graphic file (typ
e pdf)
<use test_8ino_a59a0400232b9ffe7d4395b166f74593a_icgraph.pdf>
File: test_8ino_a4fc01d736fe50cf5b977f755b675f11d_cgraph.pdf Graphic file (type
 pdf)
<use test_8ino_a4fc01d736fe50cf5b977f755b675f11d_cgraph.pdf>
[122]
Overfull \hbox (69.45773pt too wide) in paragraph at lines 337--338
\TU/Cousine(0)/m/n/8 const [] accelAVG[]$ $[] = {[] ,[],
 []


Overfull \hbox (59.85617pt too wide) in paragraph at lines 351--352
\TU/Cousine(0)/m/n/8 const [] accelCfg[]$ $[] = { [], [],
 []


Overfull \hbox (107.86398pt too wide) in paragraph at lines 365--366
\TU/Cousine(0)/m/n/8 const [] accelDLPF[]$ $[] = { [], [],
 []


Overfull \hbox (48.83792pt too wide) in paragraph at lines 365--366
[]\TU/Cousine(0)/m/n/8 , [], [],
 []


Overfull \hbox (34.43558pt too wide) in paragraph at lines 365--366
[]\TU/Cousine(0)/m/n/8 , [],[]
 []


Underfull \hbox (badness 10000) in paragraph at lines 379--380
\TU/Cousine(0)/m/n/8 const uint16_t accelSR[]$ $[] = {0, 1, 3, 5, 7 , 10, 15, 2
2, 31, 63, 127, 255, 513, 1022, 2044,
 []

[123]
Underfull \hbox (badness 10000) in paragraph at lines 450--451
\TU/Cousine(0)/m/n/8 const char$\OMS/cmsy/m/n/8 ^^C$ \TU/Cousine(0)/m/n/8 etiqu
etasAccelDLPFCFG[]$ $[] = { "246/265", "246/265", "111/136", "50.4/68.8","23.[]

 []


Underfull \hbox (badness 10000) in paragraph at lines 464--465
\TU/Cousine(0)/m/n/8 const char$\OMS/cmsy/m/n/8 ^^C$ \TU/Cousine(0)/m/n/8 etiqu
etasSR[]$ $[] = { "1125.0","562.5", "281.3", "187.5","140.6", "102.3", "70.3",
 []

[124]) (./test_8ino_source.tex [125] [126] [127]) (./test2_8ino.tex
File: test2_8ino__incl.pdf Graphic file (type pdf)
<use test2_8ino__incl.pdf>
[128]
Underfull \hbox (badness 10000) detected at line 89
[][][]
 []

[129]
Underfull \hbox (badness 10000) detected at line 177
[][][]
 []

File: test2_8ino_a73c1d2766fc4db839bb9adf5cab93c80_cgraph.pdf Graphic file (typ
e pdf)
<use test2_8ino_a73c1d2766fc4db839bb9adf5cab93c80_cgraph.pdf>
File: test2_8ino_a1cf9f29034d9373db6498335da3d661c_cgraph.pdf Graphic file (typ
e pdf)
<use test2_8ino_a1cf9f29034d9373db6498335da3d661c_cgraph.pdf>
[130]
File: test2_8ino_a1cf9f29034d9373db6498335da3d661c_icgraph.pdf Graphic file (ty
pe pdf)
<use test2_8ino_a1cf9f29034d9373db6498335da3d661c_icgraph.pdf>
File: test2_8ino_a42633dcf8fe2689c57c8113825f74c66_icgraph.pdf Graphic file (ty
pe pdf)
<use test2_8ino_a42633dcf8fe2689c57c8113825f74c66_icgraph.pdf>
File: test2_8ino_a59a0400232b9ffe7d4395b166f74593a_cgraph.pdf Graphic file (typ
e pdf)
<use test2_8ino_a59a0400232b9ffe7d4395b166f74593a_cgraph.pdf>
[131]
File: test2_8ino_a59a0400232b9ffe7d4395b166f74593a_icgraph.pdf Graphic file (ty
pe pdf)
<use test2_8ino_a59a0400232b9ffe7d4395b166f74593a_icgraph.pdf>
File: test2_8ino_a4fc01d736fe50cf5b977f755b675f11d_cgraph.pdf Graphic file (typ
e pdf)
<use test2_8ino_a4fc01d736fe50cf5b977f755b675f11d_cgraph.pdf>
[132] [133]) (./test2_8ino_source.tex [134] [135] [136] [137]) (./README_8md.te
x) (./7Semi__I2C__Interface_8h.tex
File: 7Semi__I2C__Interface_8h__incl.pdf Graphic file (type pdf)
<use 7Semi__I2C__Interface_8h__incl.pdf>
[138]
File: 7Semi__I2C__Interface_8h__dep__incl.pdf Graphic file (type pdf)
<use 7Semi__I2C__Interface_8h__dep__incl.pdf>
) (./7Semi__I2C__Interface_8h_source.tex [139]) (./7Semi__Interface_8h.tex
File: 7Semi__Interface_8h__incl.pdf Graphic file (type pdf)
<use 7Semi__Interface_8h__incl.pdf>
[140]
File: 7Semi__Interface_8h__dep__incl.pdf Graphic file (type pdf)
<use 7Semi__Interface_8h__dep__incl.pdf>
) (./7Semi__Interface_8h_source.tex [141]) (./7Semi__SPI__Interface_8h.tex
File: 7Semi__SPI__Interface_8h__incl.pdf Graphic file (type pdf)
<use 7Semi__SPI__Interface_8h__incl.pdf>
File: 7Semi__SPI__Interface_8h__dep__incl.pdf Graphic file (type pdf)
<use 7Semi__SPI__Interface_8h__dep__incl.pdf>
[142]) (./7Semi__SPI__Interface_8h_source.tex [143]) (./BusIO__7Semi_8h.tex
File: BusIO__7Semi_8h__incl.pdf Graphic file (type pdf)
<use BusIO__7Semi_8h__incl.pdf>
[144]
File: BusIO__7Semi_8h__dep__incl.pdf Graphic file (type pdf)
<use BusIO__7Semi_8h__dep__incl.pdf>
) (./BusIO__7Semi_8h_source.tex [145] [146]) (./DevLab__ICM20948_8cpp.tex
File: DevLab__ICM20948_8cpp__incl.pdf Graphic file (type pdf)
<use DevLab__ICM20948_8cpp__incl.pdf>
) (./DevLab__ICM20948_8cpp_source.tex [147] [148] [149] [150] [151] [152] [153]
[154] [155] [156] [157] [158] [159] [160] [161] [162] [163]) (./DevLab__ICM2094
8_8h.tex
File: DevLab__ICM20948_8h__incl.pdf Graphic file (type pdf)
<use DevLab__ICM20948_8h__incl.pdf>
File: DevLab__ICM20948_8h__dep__incl.pdf Graphic file (type pdf)
<use DevLab__ICM20948_8h__dep__incl.pdf>
[164] [165] [166]) (./DevLab__ICM20948_8h_source.tex [167] [168] [169] [170] [1
71] [172] [173] [174] [175] [176] [177]) (./ICM20948__platform_8h.tex) (./ICM20
948__platform_8h_source.tex [178]) (./ICM20948__regs_8h.tex
File: ICM20948__regs_8h__dep__incl.pdf Graphic file (type pdf)
<use ICM20948__regs_8h__dep__incl.pdf>
[179] [180]
Underfull \hbox (badness 5460) in paragraph at lines 240--242
[]\TU/Tinos(0)/bc/n/10 #define [] 0x02 /$\OMS/cmsy/m/n/10 ^^C$ [] [] [] \TU/Tin
os(0)/bc/n/10 GYRO_[][]
 []

[181] [182] [183] [184] [185] [186] [187] [188] [189] [190] [191] [192] [193]
Overfull \hbox (33.18098pt too wide) in paragraph at lines 1757--1758
|   \TU/Cousine(0)/m/it/8 rate_request \TU/Cousine(0)/m/n/8 ) (rate_request) /$
\OMS/cmsy/m/n/8 ^^C$ \TU/Cousine(0)/m/n/8 symbolic; your driver computes DIV = 
round(1100/rate)-1
 []

[194] [195] [196] [197] [198] [199] [200]
Underfull \hbox (badness 10000) in paragraph at lines 2640--2641
\TU/Cousine(0)/m/n/8 #define INT_[][]PIN_[][]CFG 0x0F /$\OMS/cmsy/m/n/8 ^^C$ []
 [] [] [] \TU/Cousine(0)/m/n/8 ACTL_[][]FSYNC
 []

[201] [202] [203] [204] [205] [206]
Underfull \hbox (badness 10000) in paragraph at lines 3293--3294
\TU/Cousine(0)/m/n/8 #define USER_[][]CTRL 0x03 /$\OMS/cmsy/m/n/8 ^^C$ \TU/Cous
ine(0)/m/n/8 DMP_[][]EN FIFO_[][]EN I2C_[][]MST_[][]EN I2C_[][]IF_[][]DIS DMP_[
][]RST SRAM_[][]RST I2C_[][]MST_[][]RST -
 []

[207] [208]) (./ICM20948__regs_8h_source.tex [209] [210] [211] [212] [213] [214
]) [215] [216

] (./refman.ind [217


] [218] [219] [220] [221] [222] [223] [224] [225] [226] [227] [228] [229] [230]
[231] [232

]) (./refman.aux)
 ***********
LaTeX2e <2023-11-01> patch level 1
L3 programming layer <2024-01-22>
 ***********

LaTeX Font Warning: Some font shapes were not available, defaults substituted.

Package rerunfilecheck Info: File `refman.out' has not changed.
(rerunfilecheck)             Checksum: D567E40D27198985D645A80AD3F30D8C;141699.

 ) 
Here is how much of TeX's memory you used:
 22513 strings out of 476878
 519425 string characters out of 5805249
 1968627 words of memory out of 5000000
 43896 multiletter control sequences out of 15000+600000
 566618 words of font info for 123 fonts, out of 8000000 for 9000
 14 hyphenation exceptions out of 8191
 101i,16n,117p,1605b,645s stack positions out of 10000i,1000n,20000p,200000b,200000s

Output written on refman.pdf (252 pages).
