\BOOKMARK [0][-]{chapter.1}{\376\377\0001\000\040\000D\000i\000r\000e\000c\000t\000o\000r\000y\000\040\000H\000i\000e\000r\000a\000r\000c\000h\000y}{}% 1
\BOOKMARK [1][-]{section.1.1}{\376\377\0001\000.\0001\000\040\000D\000i\000r\000e\000c\000t\000o\000r\000i\000e\000s}{chapter.1}% 2
\BOOKMARK [0][-]{chapter.2}{\376\377\0002\000\040\000H\000i\000e\000r\000a\000r\000c\000h\000i\000c\000a\000l\000\040\000I\000n\000d\000e\000x}{}% 3
\BOOKMARK [1][-]{section.2.1}{\376\377\0002\000.\0001\000\040\000C\000l\000a\000s\000s\000\040\000H\000i\000e\000r\000a\000r\000c\000h\000y}{chapter.2}% 4
\BOOKMARK [0][-]{chapter.3}{\376\377\0003\000\040\000C\000l\000a\000s\000s\000\040\000I\000n\000d\000e\000x}{}% 5
\BOOKMARK [1][-]{section.3.1}{\376\377\0003\000.\0001\000\040\000C\000l\000a\000s\000s\000\040\000L\000i\000s\000t}{chapter.3}% 6
\BOOKMARK [0][-]{chapter.4}{\376\377\0004\000\040\000F\000i\000l\000e\000\040\000I\000n\000d\000e\000x}{}% 7
\BOOKMARK [1][-]{section.4.1}{\376\377\0004\000.\0001\000\040\000F\000i\000l\000e\000\040\000L\000i\000s\000t}{chapter.4}% 8
\BOOKMARK [0][-]{chapter.5}{\376\377\0005\000\040\000D\000i\000r\000e\000c\000t\000o\000r\000y\000\040\000D\000o\000c\000u\000m\000e\000n\000t\000a\000t\000i\000o\000n}{}% 9
\BOOKMARK [1][-]{section.5.1}{\376\377\0005\000.\0001\000\040\000e\000x\000a\000m\000p\000l\000e\000s\000\040\000D\000i\000r\000e\000c\000t\000o\000r\000y\000\040\000R\000e\000f\000e\000r\000e\000n\000c\000e}{chapter.5}% 10
\BOOKMARK [1][-]{section.5.2}{\376\377\0005\000.\0002\000\040\000e\000x\000a\000m\000p\000l\000e\000s\000/\000I\0002\000C\000\137\000A\000c\000c\000e\000l\000\040\000D\000i\000r\000e\000c\000t\000o\000r\000y\000\040\000R\000e\000f\000e\000r\000e\000n\000c\000e}{chapter.5}% 11
\BOOKMARK [1][-]{section.5.3}{\376\377\0005\000.\0003\000\040\000e\000x\000a\000m\000p\000l\000e\000s\000/\000I\0002\000C\000\137\000B\000a\000s\000i\000c\000\040\000D\000i\000r\000e\000c\000t\000o\000r\000y\000\040\000R\000e\000f\000e\000r\000e\000n\000c\000e}{chapter.5}% 12
\BOOKMARK [1][-]{section.5.4}{\376\377\0005\000.\0004\000\040\000e\000x\000a\000m\000p\000l\000e\000s\000/\000I\0002\000C\000\137\000M\000a\000g\000n\000e\000t\000o\000\040\000D\000i\000r\000e\000c\000t\000o\000r\000y\000\040\000R\000e\000f\000e\000r\000e\000n\000c\000e}{chapter.5}% 13
\BOOKMARK [1][-]{section.5.5}{\376\377\0005\000.\0005\000\040\000e\000x\000a\000m\000p\000l\000e\000s\000/\000S\000P\000I\000\137\000B\000a\000s\000i\000c\000\040\000D\000i\000r\000e\000c\000t\000o\000r\000y\000\040\000R\000e\000f\000e\000r\000e\000n\000c\000e}{chapter.5}% 14
\BOOKMARK [1][-]{section.5.6}{\376\377\0005\000.\0006\000\040\000s\000r\000c\000\040\000D\000i\000r\000e\000c\000t\000o\000r\000y\000\040\000R\000e\000f\000e\000r\000e\000n\000c\000e}{chapter.5}% 15
\BOOKMARK [0][-]{chapter.6}{\376\377\0006\000\040\000C\000l\000a\000s\000s\000\040\000D\000o\000c\000u\000m\000e\000n\000t\000a\000t\000i\000o\000n}{}% 16
\BOOKMARK [1][-]{section.6.1}{\376\377\0006\000.\0001\000\040\000B\000u\000s\000I\000O\000\137\0007\000S\000e\000m\000i\000<\000\040\000B\000u\000s\000\040\000>\000\040\000C\000l\000a\000s\000s\000\040\000T\000e\000m\000p\000l\000a\000t\000e\000\040\000R\000e\000f\000e\000r\000e\000n\000c\000e}{chapter.6}% 17
\BOOKMARK [2][-]{subsection.6.1.1}{\376\377\0006\000.\0001\000.\0001\000\040\000D\000e\000t\000a\000i\000l\000e\000d\000\040\000D\000e\000s\000c\000r\000i\000p\000t\000i\000o\000n}{section.6.1}% 18
\BOOKMARK [2][-]{subsection.6.1.2}{\376\377\0006\000.\0001\000.\0002\000\040\000C\000o\000n\000s\000t\000r\000u\000c\000t\000o\000r\000\040\000\046\000\040\000D\000e\000s\000t\000r\000u\000c\000t\000o\000r\000\040\000D\000o\000c\000u\000m\000e\000n\000t\000a\000t\000i\000o\000n}{section.6.1}% 19
\BOOKMARK [3][-]{subsubsection.6.1.2.1}{\376\377\0006\000.\0001\000.\0002\000.\0001\000\040\000B\000u\000s\000I\000O\000\137\0007\000S\000e\000m\000i\000\050\000\051}{subsection.6.1.2}% 20
\BOOKMARK [2][-]{subsection.6.1.3}{\376\377\0006\000.\0001\000.\0003\000\040\000M\000e\000m\000b\000e\000r\000\040\000F\000u\000n\000c\000t\000i\000o\000n\000\040\000D\000o\000c\000u\000m\000e\000n\000t\000a\000t\000i\000o\000n}{section.6.1}% 21
\BOOKMARK [3][-]{subsubsection.6.1.3.1}{\376\377\0006\000.\0001\000.\0003\000.\0001\000\040\000r\000e\000a\000d\000\050\000\051\000\040\000[\0001\000/\0003\000]}{subsection.6.1.3}% 22
\BOOKMARK [3][-]{subsubsection.6.1.3.2}{\376\377\0006\000.\0001\000.\0003\000.\0002\000\040\000r\000e\000a\000d\000\050\000\051\000\040\000[\0002\000/\0003\000]}{subsection.6.1.3}% 23
\BOOKMARK [3][-]{subsubsection.6.1.3.3}{\376\377\0006\000.\0001\000.\0003\000.\0003\000\040\000r\000e\000a\000d\000\050\000\051\000\040\000[\0003\000/\0003\000]}{subsection.6.1.3}% 24
\BOOKMARK [3][-]{subsubsection.6.1.3.4}{\376\377\0006\000.\0001\000.\0003\000.\0004\000\040\000r\000e\000a\000d\000B\000i\000t\000\050\000\051\000\040\000[\0001\000/\0002\000]}{subsection.6.1.3}% 25
\BOOKMARK [3][-]{subsubsection.6.1.3.5}{\376\377\0006\000.\0001\000.\0003\000.\0005\000\040\000r\000e\000a\000d\000B\000i\000t\000\050\000\051\000\040\000[\0002\000/\0002\000]}{subsection.6.1.3}% 26
\BOOKMARK [3][-]{subsubsection.6.1.3.6}{\376\377\0006\000.\0001\000.\0003\000.\0006\000\040\000r\000e\000a\000d\000B\000i\000t\000s\000\050\000\051\000\040\000[\0001\000/\0002\000]}{subsection.6.1.3}% 27
\BOOKMARK [3][-]{subsubsection.6.1.3.7}{\376\377\0006\000.\0001\000.\0003\000.\0007\000\040\000r\000e\000a\000d\000B\000i\000t\000s\000\050\000\051\000\040\000[\0002\000/\0002\000]}{subsection.6.1.3}% 28
\BOOKMARK [3][-]{subsubsection.6.1.3.8}{\376\377\0006\000.\0001\000.\0003\000.\0008\000\040\000w\000r\000i\000t\000e\000\050\000\051\000\040\000[\0001\000/\0003\000]}{subsection.6.1.3}% 29
\BOOKMARK [3][-]{subsubsection.6.1.3.9}{\376\377\0006\000.\0001\000.\0003\000.\0009\000\040\000w\000r\000i\000t\000e\000\050\000\051\000\040\000[\0002\000/\0003\000]}{subsection.6.1.3}% 30
\BOOKMARK [3][-]{subsubsection.6.1.3.10}{\376\377\0006\000.\0001\000.\0003\000.\0001\0000\000\040\000w\000r\000i\000t\000e\000\050\000\051\000\040\000[\0003\000/\0003\000]}{subsection.6.1.3}% 31
\BOOKMARK [3][-]{subsubsection.6.1.3.11}{\376\377\0006\000.\0001\000.\0003\000.\0001\0001\000\040\000w\000r\000i\000t\000e\000B\000i\000t\000\050\000\051\000\040\000[\0001\000/\0002\000]}{subsection.6.1.3}% 32
\BOOKMARK [3][-]{subsubsection.6.1.3.12}{\376\377\0006\000.\0001\000.\0003\000.\0001\0002\000\040\000w\000r\000i\000t\000e\000B\000i\000t\000\050\000\051\000\040\000[\0002\000/\0002\000]}{subsection.6.1.3}% 33
\BOOKMARK [3][-]{subsubsection.6.1.3.13}{\376\377\0006\000.\0001\000.\0003\000.\0001\0003\000\040\000w\000r\000i\000t\000e\000B\000i\000t\000s\000\050\000\051\000\040\000[\0001\000/\0002\000]}{subsection.6.1.3}% 34
\BOOKMARK [3][-]{subsubsection.6.1.3.14}{\376\377\0006\000.\0001\000.\0003\000.\0001\0004\000\040\000w\000r\000i\000t\000e\000B\000i\000t\000s\000\050\000\051\000\040\000[\0002\000/\0002\000]}{subsection.6.1.3}% 35
\BOOKMARK [1][-]{section.6.2}{\376\377\0006\000.\0002\000\040\000D\000e\000v\000L\000a\000b\000\137\000I\000C\000M\0002\0000\0009\0004\0008\000\040\000C\000l\000a\000s\000s\000\040\000R\000e\000f\000e\000r\000e\000n\000c\000e}{chapter.6}% 36
\BOOKMARK [2][-]{subsection.6.2.1}{\376\377\0006\000.\0002\000.\0001\000\040\000D\000e\000t\000a\000i\000l\000e\000d\000\040\000D\000e\000s\000c\000r\000i\000p\000t\000i\000o\000n}{section.6.2}% 37
\BOOKMARK [2][-]{subsection.6.2.2}{\376\377\0006\000.\0002\000.\0002\000\040\000C\000o\000n\000s\000t\000r\000u\000c\000t\000o\000r\000\040\000\046\000\040\000D\000e\000s\000t\000r\000u\000c\000t\000o\000r\000\040\000D\000o\000c\000u\000m\000e\000n\000t\000a\000t\000i\000o\000n}{section.6.2}% 38
\BOOKMARK [3][-]{subsubsection.6.2.2.1}{\376\377\0006\000.\0002\000.\0002\000.\0001\000\040\000D\000e\000v\000L\000a\000b\000\137\000I\000C\000M\0002\0000\0009\0004\0008\000\050\000\051}{subsection.6.2.2}% 39
\BOOKMARK [2][-]{subsection.6.2.3}{\376\377\0006\000.\0002\000.\0003\000\040\000M\000e\000m\000b\000e\000r\000\040\000F\000u\000n\000c\000t\000i\000o\000n\000\040\000D\000o\000c\000u\000m\000e\000n\000t\000a\000t\000i\000o\000n}{section.6.2}% 40
\BOOKMARK [3][-]{subsubsection.6.2.3.1}{\376\377\0006\000.\0002\000.\0003\000.\0001\000\040\000a\000p\000p\000l\000y\000B\000a\000s\000i\000c\000D\000e\000f\000a\000u\000l\000t\000s\000\050\000\051}{subsection.6.2.3}% 41
\BOOKMARK [3][-]{subsubsection.6.2.3.2}{\376\377\0006\000.\0002\000.\0003\000.\0002\000\040\000b\000e\000g\000i\000n\000I\0002\000C\000\050\000\051}{subsection.6.2.3}% 42
\BOOKMARK [3][-]{subsubsection.6.2.3.3}{\376\377\0006\000.\0002\000.\0003\000.\0003\000\040\000b\000e\000g\000i\000n\000S\000P\000I\000\050\000\051}{subsection.6.2.3}% 43
\BOOKMARK [3][-]{subsubsection.6.2.3.4}{\376\377\0006\000.\0002\000.\0003\000.\0004\000\040\000c\000h\000e\000c\000k\000I\000n\000t\000S\000t\000a\000t\000u\000s\000\050\000\051}{subsection.6.2.3}% 44
\BOOKMARK [3][-]{subsubsection.6.2.3.5}{\376\377\0006\000.\0002\000.\0003\000.\0005\000\040\000g\000e\000t\000A\000c\000c\000e\000l\000A\000v\000e\000r\000a\000g\000i\000n\000g\000\050\000\051}{subsection.6.2.3}% 45
\BOOKMARK [3][-]{subsubsection.6.2.3.6}{\376\377\0006\000.\0002\000.\0003\000.\0006\000\040\000g\000e\000t\000A\000c\000c\000e\000l\000D\000L\000P\000F\000\050\000\051}{subsection.6.2.3}% 46
\BOOKMARK [3][-]{subsubsection.6.2.3.7}{\376\377\0006\000.\0002\000.\0003\000.\0007\000\040\000g\000e\000t\000A\000c\000c\000e\000l\000O\000f\000f\000s\000e\000t\000\050\000\051}{subsection.6.2.3}% 47
\BOOKMARK [3][-]{subsubsection.6.2.3.8}{\376\377\0006\000.\0002\000.\0003\000.\0008\000\040\000g\000e\000t\000A\000c\000c\000e\000l\000S\000a\000m\000p\000l\000e\000R\000a\000t\000e\000\050\000\051}{subsection.6.2.3}% 48
\BOOKMARK [3][-]{subsubsection.6.2.3.9}{\376\377\0006\000.\0002\000.\0003\000.\0009\000\040\000g\000e\000t\000A\000c\000c\000e\000l\000S\000c\000a\000l\000e\000\050\000\051}{subsection.6.2.3}% 49
\BOOKMARK [3][-]{subsubsection.6.2.3.10}{\376\377\0006\000.\0002\000.\0003\000.\0001\0000\000\040\000g\000e\000t\000C\000l\000o\000c\000k\000\050\000\051}{subsection.6.2.3}% 50
\BOOKMARK [3][-]{subsubsection.6.2.3.11}{\376\377\0006\000.\0002\000.\0003\000.\0001\0001\000\040\000g\000e\000t\000D\000L\000P\000F\000\050\000\051}{subsection.6.2.3}% 51
\BOOKMARK [3][-]{subsubsection.6.2.3.12}{\376\377\0006\000.\0002\000.\0003\000.\0001\0002\000\040\000g\000e\000t\000G\000y\000r\000o\000O\000f\000f\000s\000e\000t\000\050\000\051}{subsection.6.2.3}% 52
\BOOKMARK [3][-]{subsubsection.6.2.3.13}{\376\377\0006\000.\0002\000.\0003\000.\0001\0003\000\040\000g\000e\000t\000G\000y\000r\000o\000S\000a\000m\000p\000l\000e\000R\000a\000t\000e\000\050\000\051}{subsection.6.2.3}% 53
\BOOKMARK [3][-]{subsubsection.6.2.3.14}{\376\377\0006\000.\0002\000.\0003\000.\0001\0004\000\040\000g\000e\000t\000G\000y\000r\000o\000S\000c\000a\000l\000e\000\050\000\051}{subsection.6.2.3}% 54
\BOOKMARK [3][-]{subsubsection.6.2.3.15}{\376\377\0006\000.\0002\000.\0003\000.\0001\0005\000\040\000g\000e\000t\000L\000o\000w\000P\000o\000w\000e\000r\000\050\000\051}{subsection.6.2.3}% 55
\BOOKMARK [3][-]{subsubsection.6.2.3.16}{\376\377\0006\000.\0002\000.\0003\000.\0001\0006\000\040\000g\000e\000t\000S\000e\000n\000s\000o\000r\000s\000\050\000\051}{subsection.6.2.3}% 56
\BOOKMARK [3][-]{subsubsection.6.2.3.17}{\376\377\0006\000.\0002\000.\0003\000.\0001\0007\000\040\000i\000n\000i\000t\000M\000a\000g\000\050\000\051}{subsection.6.2.3}% 57
\BOOKMARK [3][-]{subsubsection.6.2.3.18}{\376\377\0006\000.\0002\000.\0003\000.\0001\0008\000\040\000i\000n\000t\000I\000n\000i\000t\000\050\000\051}{subsection.6.2.3}% 58
\BOOKMARK [3][-]{subsubsection.6.2.3.19}{\376\377\0006\000.\0002\000.\0003\000.\0001\0009\000\040\000r\000e\000a\000d\000A\000c\000c\000e\000l\000\050\000\051}{subsection.6.2.3}% 59
\BOOKMARK [3][-]{subsubsection.6.2.3.20}{\376\377\0006\000.\0002\000.\0003\000.\0002\0000\000\040\000r\000e\000a\000d\000G\000y\000r\000o\000\050\000\051}{subsection.6.2.3}% 60
\BOOKMARK [3][-]{subsubsection.6.2.3.21}{\376\377\0006\000.\0002\000.\0003\000.\0002\0001\000\040\000r\000e\000a\000d\000M\000a\000g\000\050\000\051}{subsection.6.2.3}% 61
\BOOKMARK [3][-]{subsubsection.6.2.3.22}{\376\377\0006\000.\0002\000.\0003\000.\0002\0002\000\040\000r\000e\000a\000d\000T\000e\000m\000p\000e\000r\000a\000t\000u\000r\000e\000\050\000\051}{subsection.6.2.3}% 62
\BOOKMARK [3][-]{subsubsection.6.2.3.23}{\376\377\0006\000.\0002\000.\0003\000.\0002\0003\000\040\000r\000e\000a\000d\000W\000h\000o\000A\000m\000I\000\050\000\051}{subsection.6.2.3}% 63
\BOOKMARK [3][-]{subsubsection.6.2.3.24}{\376\377\0006\000.\0002\000.\0003\000.\0002\0004\000\040\000s\000e\000l\000e\000c\000t\000B\000a\000n\000k\000\050\000\051}{subsection.6.2.3}% 64
\BOOKMARK [3][-]{subsubsection.6.2.3.25}{\376\377\0006\000.\0002\000.\0003\000.\0002\0005\000\040\000s\000e\000l\000f\000T\000e\000s\000t\000A\000c\000c\000e\000l\000\050\000\051}{subsection.6.2.3}% 65
\BOOKMARK [3][-]{subsubsection.6.2.3.26}{\376\377\0006\000.\0002\000.\0003\000.\0002\0006\000\040\000s\000e\000l\000f\000T\000e\000s\000t\000G\000y\000r\000o\000\050\000\051}{subsection.6.2.3}% 66
\BOOKMARK [3][-]{subsubsection.6.2.3.27}{\376\377\0006\000.\0002\000.\0003\000.\0002\0007\000\040\000s\000e\000t\000A\000c\000c\000e\000l\000A\000v\000e\000r\000a\000g\000i\000n\000g\000\050\000\051}{subsection.6.2.3}% 67
\BOOKMARK [3][-]{subsubsection.6.2.3.28}{\376\377\0006\000.\0002\000.\0003\000.\0002\0008\000\040\000s\000e\000t\000A\000c\000c\000e\000l\000D\000i\000v\000R\000a\000t\000e\000\050\000\051}{subsection.6.2.3}% 68
\BOOKMARK [3][-]{subsubsection.6.2.3.29}{\376\377\0006\000.\0002\000.\0003\000.\0002\0009\000\040\000s\000e\000t\000A\000c\000c\000e\000l\000D\000L\000P\000F\000\050\000\051}{subsection.6.2.3}% 69
\BOOKMARK [3][-]{subsubsection.6.2.3.30}{\376\377\0006\000.\0002\000.\0003\000.\0003\0000\000\040\000s\000e\000t\000A\000c\000c\000e\000l\000O\000f\000f\000s\000e\000t\000\050\000\051}{subsection.6.2.3}% 70
\BOOKMARK [3][-]{subsubsection.6.2.3.31}{\376\377\0006\000.\0002\000.\0003\000.\0003\0001\000\040\000s\000e\000t\000A\000c\000c\000e\000l\000S\000a\000m\000p\000l\000e\000R\000a\000t\000e\000\050\000\051}{subsection.6.2.3}% 71
\BOOKMARK [3][-]{subsubsection.6.2.3.32}{\376\377\0006\000.\0002\000.\0003\000.\0003\0002\000\040\000s\000e\000t\000A\000c\000c\000e\000l\000S\000c\000a\000l\000e\000\050\000\051}{subsection.6.2.3}% 72
\BOOKMARK [3][-]{subsubsection.6.2.3.33}{\376\377\0006\000.\0002\000.\0003\000.\0003\0003\000\040\000s\000e\000t\000C\000l\000o\000c\000k\000\050\000\051}{subsection.6.2.3}% 73
\BOOKMARK [3][-]{subsubsection.6.2.3.34}{\376\377\0006\000.\0002\000.\0003\000.\0003\0004\000\040\000s\000e\000t\000D\000L\000P\000F\000\050\000\051}{subsection.6.2.3}% 74
\BOOKMARK [3][-]{subsubsection.6.2.3.35}{\376\377\0006\000.\0002\000.\0003\000.\0003\0005\000\040\000s\000e\000t\000G\000y\000r\000o\000A\000v\000e\000r\000a\000g\000i\000n\000g\000\050\000\051}{subsection.6.2.3}% 75
\BOOKMARK [3][-]{subsubsection.6.2.3.36}{\376\377\0006\000.\0002\000.\0003\000.\0003\0006\000\040\000s\000e\000t\000G\000y\000r\000o\000D\000i\000v\000R\000a\000t\000e\000\050\000\051}{subsection.6.2.3}% 76
\BOOKMARK [3][-]{subsubsection.6.2.3.37}{\376\377\0006\000.\0002\000.\0003\000.\0003\0007\000\040\000s\000e\000t\000G\000y\000r\000o\000O\000f\000f\000s\000e\000t\000\050\000\051}{subsection.6.2.3}% 77
\BOOKMARK [3][-]{subsubsection.6.2.3.38}{\376\377\0006\000.\0002\000.\0003\000.\0003\0008\000\040\000s\000e\000t\000G\000y\000r\000o\000S\000a\000m\000p\000l\000e\000R\000a\000t\000e\000\050\000\051}{subsection.6.2.3}% 78
\BOOKMARK [3][-]{subsubsection.6.2.3.39}{\376\377\0006\000.\0002\000.\0003\000.\0003\0009\000\040\000s\000e\000t\000G\000y\000r\000o\000S\000c\000a\000l\000e\000\050\000\051}{subsection.6.2.3}% 79
\BOOKMARK [3][-]{subsubsection.6.2.3.40}{\376\377\0006\000.\0002\000.\0003\000.\0004\0000\000\040\000s\000e\000t\000L\000o\000w\000P\000o\000w\000e\000r\000\050\000\051}{subsection.6.2.3}% 80
\BOOKMARK [3][-]{subsubsection.6.2.3.41}{\376\377\0006\000.\0002\000.\0003\000.\0004\0001\000\040\000s\000e\000t\000M\000a\000g\000O\000p\000M\000o\000d\000e\000\050\000\051}{subsection.6.2.3}% 81
\BOOKMARK [3][-]{subsubsection.6.2.3.42}{\376\377\0006\000.\0002\000.\0003\000.\0004\0002\000\040\000s\000e\000t\000S\000e\000n\000s\000o\000r\000s\000\050\000\051}{subsection.6.2.3}% 82
\BOOKMARK [3][-]{subsubsection.6.2.3.43}{\376\377\0006\000.\0002\000.\0003\000.\0004\0003\000\040\000s\000l\000e\000e\000p\000\050\000\051}{subsection.6.2.3}% 83
\BOOKMARK [3][-]{subsubsection.6.2.3.44}{\376\377\0006\000.\0002\000.\0003\000.\0004\0004\000\040\000s\000o\000f\000t\000R\000e\000s\000e\000t\000\050\000\051}{subsection.6.2.3}% 84
\BOOKMARK [1][-]{section.6.3}{\376\377\0006\000.\0003\000\040\000I\0002\000C\000\137\000I\000n\000t\000e\000r\000f\000a\000c\000e\000\040\000C\000l\000a\000s\000s\000\040\000R\000e\000f\000e\000r\000e\000n\000c\000e}{chapter.6}% 85
\BOOKMARK [2][-]{subsection.6.3.1}{\376\377\0006\000.\0003\000.\0001\000\040\000D\000e\000t\000a\000i\000l\000e\000d\000\040\000D\000e\000s\000c\000r\000i\000p\000t\000i\000o\000n}{section.6.3}% 86
\BOOKMARK [2][-]{subsection.6.3.2}{\376\377\0006\000.\0003\000.\0002\000\040\000M\000e\000m\000b\000e\000r\000\040\000F\000u\000n\000c\000t\000i\000o\000n\000\040\000D\000o\000c\000u\000m\000e\000n\000t\000a\000t\000i\000o\000n}{section.6.3}% 87
\BOOKMARK [3][-]{subsubsection.6.3.2.1}{\376\377\0006\000.\0003\000.\0002\000.\0001\000\040\000b\000e\000g\000i\000n\000I\0002\000C\000\050\000\051}{subsection.6.3.2}% 88
\BOOKMARK [3][-]{subsubsection.6.3.2.2}{\376\377\0006\000.\0003\000.\0002\000.\0002\000\040\000b\000e\000g\000i\000n\000S\000P\000I\000\050\000\051}{subsection.6.3.2}% 89
\BOOKMARK [3][-]{subsubsection.6.3.2.3}{\376\377\0006\000.\0003\000.\0002\000.\0003\000\040\000r\000e\000a\000d\000\050\000\051}{subsection.6.3.2}% 90
\BOOKMARK [3][-]{subsubsection.6.3.2.4}{\376\377\0006\000.\0003\000.\0002\000.\0004\000\040\000w\000r\000i\000t\000e\000\050\000\051}{subsection.6.3.2}% 91
\BOOKMARK [2][-]{subsection.6.3.3}{\376\377\0006\000.\0003\000.\0003\000\040\000M\000e\000m\000b\000e\000r\000\040\000D\000a\000t\000a\000\040\000D\000o\000c\000u\000m\000e\000n\000t\000a\000t\000i\000o\000n}{section.6.3}% 92
\BOOKMARK [3][-]{subsubsection.6.3.3.1}{\376\377\0006\000.\0003\000.\0003\000.\0001\000\040\000a\000d\000d\000r\000e\000s\000s}{subsection.6.3.3}% 93
\BOOKMARK [3][-]{subsubsection.6.3.3.2}{\376\377\0006\000.\0003\000.\0003\000.\0002\000\040\000i\0002\000c}{subsection.6.3.3}% 94
\BOOKMARK [1][-]{section.6.4}{\376\377\0006\000.\0004\000\040\000I\000C\000M\0002\0000\0009\0004\0008\000\137\000I\000n\000t\000E\000n\000a\000b\000l\000e\000C\000o\000n\000f\000i\000g\000\040\000S\000t\000r\000u\000c\000t\000\040\000R\000e\000f\000e\000r\000e\000n\000c\000e}{chapter.6}% 95
\BOOKMARK [2][-]{subsection.6.4.1}{\376\377\0006\000.\0004\000.\0001\000\040\000D\000e\000t\000a\000i\000l\000e\000d\000\040\000D\000e\000s\000c\000r\000i\000p\000t\000i\000o\000n}{section.6.4}% 96
\BOOKMARK [2][-]{subsection.6.4.2}{\376\377\0006\000.\0004\000.\0002\000\040\000M\000e\000m\000b\000e\000r\000\040\000D\000a\000t\000a\000\040\000D\000o\000c\000u\000m\000e\000n\000t\000a\000t\000i\000o\000n}{section.6.4}% 97
\BOOKMARK [3][-]{subsubsection.6.4.2.1}{\376\377\0006\000.\0004\000.\0002\000.\0001\000\040\000d\000m\000p\000I\000n\000t\0001\000E\000n}{subsection.6.4.2}% 98
\BOOKMARK [3][-]{subsubsection.6.4.2.2}{\376\377\0006\000.\0004\000.\0002\000.\0002\000\040\000f\000i\000f\000o\000O\000v\000f\000E\000n}{subsection.6.4.2}% 99
\BOOKMARK [3][-]{subsubsection.6.4.2.3}{\376\377\0006\000.\0004\000.\0002\000.\0003\000\040\000f\000i\000f\000o\000W\000m\000E\000n}{subsection.6.4.2}% 100
\BOOKMARK [3][-]{subsubsection.6.4.2.4}{\376\377\0006\000.\0004\000.\0002\000.\0004\000\040\000i\0002\000c\000M\000s\000t\000I\000n\000t\000E\000n}{subsection.6.4.2}% 101
\BOOKMARK [3][-]{subsubsection.6.4.2.5}{\376\377\0006\000.\0004\000.\0002\000.\0005\000\040\000p\000l\000l\000R\000d\000y\000E\000n}{subsection.6.4.2}% 102
\BOOKMARK [3][-]{subsubsection.6.4.2.6}{\376\377\0006\000.\0004\000.\0002\000.\0006\000\040\000r\000a\000w\000D\000a\000t\000a\000R\000d\000y\000E\000n}{subsection.6.4.2}% 103
\BOOKMARK [3][-]{subsubsection.6.4.2.7}{\376\377\0006\000.\0004\000.\0002\000.\0007\000\040\000w\000o\000f\000E\000n}{subsection.6.4.2}% 104
\BOOKMARK [3][-]{subsubsection.6.4.2.8}{\376\377\0006\000.\0004\000.\0002\000.\0008\000\040\000w\000o\000m\000I\000n\000t\000E\000n}{subsection.6.4.2}% 105
\BOOKMARK [1][-]{section.6.5}{\376\377\0006\000.\0005\000\040\000I\000C\000M\0002\0000\0009\0004\0008\000\137\000I\000n\000t\000P\000i\000n\000C\000o\000n\000f\000i\000g\000\040\000S\000t\000r\000u\000c\000t\000\040\000R\000e\000f\000e\000r\000e\000n\000c\000e}{chapter.6}% 106
\BOOKMARK [2][-]{subsection.6.5.1}{\376\377\0006\000.\0005\000.\0001\000\040\000D\000e\000t\000a\000i\000l\000e\000d\000\040\000D\000e\000s\000c\000r\000i\000p\000t\000i\000o\000n}{section.6.5}% 107
\BOOKMARK [2][-]{subsection.6.5.2}{\376\377\0006\000.\0005\000.\0002\000\040\000M\000e\000m\000b\000e\000r\000\040\000D\000a\000t\000a\000\040\000D\000o\000c\000u\000m\000e\000n\000t\000a\000t\000i\000o\000n}{section.6.5}% 108
\BOOKMARK [3][-]{subsubsection.6.5.2.1}{\376\377\0006\000.\0005\000.\0002\000.\0001\000\040\000a\000c\000t\000i\000v\000e\000L\000e\000v\000e\000l}{subsection.6.5.2}% 109
\BOOKMARK [3][-]{subsubsection.6.5.2.2}{\376\377\0006\000.\0005\000.\0002\000.\0002\000\040\000b\000y\000p\000a\000s\000s\000E\000n}{subsection.6.5.2}% 110
\BOOKMARK [3][-]{subsubsection.6.5.2.3}{\376\377\0006\000.\0005\000.\0002\000.\0003\000\040\000c\000l\000e\000a\000r\000M\000o\000d\000e}{subsection.6.5.2}% 111
\BOOKMARK [3][-]{subsubsection.6.5.2.4}{\376\377\0006\000.\0005\000.\0002\000.\0004\000\040\000d\000r\000i\000v\000e\000M\000o\000d\000e}{subsection.6.5.2}% 112
\BOOKMARK [3][-]{subsubsection.6.5.2.5}{\376\377\0006\000.\0005\000.\0002\000.\0005\000\040\000f\000s\000y\000n\000c\000A\000c\000t\000L\000e\000v\000e\000l}{subsection.6.5.2}% 113
\BOOKMARK [3][-]{subsubsection.6.5.2.6}{\376\377\0006\000.\0005\000.\0002\000.\0006\000\040\000f\000s\000y\000n\000c\000I\000n\000t\000E\000n}{subsection.6.5.2}% 114
\BOOKMARK [3][-]{subsubsection.6.5.2.7}{\376\377\0006\000.\0005\000.\0002\000.\0007\000\040\000l\000a\000t\000c\000h\000M\000o\000d\000e}{subsection.6.5.2}% 115
\BOOKMARK [1][-]{section.6.6}{\376\377\0006\000.\0006\000\040\000I\000C\000M\0002\0000\0009\0004\0008\000\137\000I\000n\000t\000S\000t\000a\000t\000u\000s\000\040\000S\000t\000r\000u\000c\000t\000\040\000R\000e\000f\000e\000r\000e\000n\000c\000e}{chapter.6}% 116
\BOOKMARK [2][-]{subsection.6.6.1}{\376\377\0006\000.\0006\000.\0001\000\040\000D\000e\000t\000a\000i\000l\000e\000d\000\040\000D\000e\000s\000c\000r\000i\000p\000t\000i\000o\000n}{section.6.6}% 117
\BOOKMARK [2][-]{subsection.6.6.2}{\376\377\0006\000.\0006\000.\0002\000\040\000M\000e\000m\000b\000e\000r\000\040\000D\000a\000t\000a\000\040\000D\000o\000c\000u\000m\000e\000n\000t\000a\000t\000i\000o\000n}{section.6.6}% 118
\BOOKMARK [3][-]{subsubsection.6.6.2.1}{\376\377\0006\000.\0006\000.\0002\000.\0001\000\040\000d\000m\000p\000I\000n\000t\0001}{subsection.6.6.2}% 119
\BOOKMARK [3][-]{subsubsection.6.6.2.2}{\376\377\0006\000.\0006\000.\0002\000.\0002\000\040\000f\000i\000f\000o\000O\000v\000f}{subsection.6.6.2}% 120
\BOOKMARK [3][-]{subsubsection.6.6.2.3}{\376\377\0006\000.\0006\000.\0002\000.\0003\000\040\000f\000i\000f\000o\000W\000m}{subsection.6.6.2}% 121
\BOOKMARK [3][-]{subsubsection.6.6.2.4}{\376\377\0006\000.\0006\000.\0002\000.\0004\000\040\000i\0002\000c\000M\000s\000t\000I\000n\000t}{subsection.6.6.2}% 122
\BOOKMARK [3][-]{subsubsection.6.6.2.5}{\376\377\0006\000.\0006\000.\0002\000.\0005\000\040\000p\000l\000l\000R\000d\000y\000I\000n\000t}{subsection.6.6.2}% 123
\BOOKMARK [3][-]{subsubsection.6.6.2.6}{\376\377\0006\000.\0006\000.\0002\000.\0006\000\040\000r\000a\000w\000D\000a\000t\000a\000R\000d\000y}{subsection.6.6.2}% 124
\BOOKMARK [3][-]{subsubsection.6.6.2.7}{\376\377\0006\000.\0006\000.\0002\000.\0007\000\040\000w\000o\000m\000I\000n\000t}{subsection.6.6.2}% 125
\BOOKMARK [1][-]{section.6.7}{\376\377\0006\000.\0007\000\040\000i\000c\000m\000\137\000p\000l\000a\000t\000\137\000t\000\040\000S\000t\000r\000u\000c\000t\000\040\000R\000e\000f\000e\000r\000e\000n\000c\000e}{chapter.6}% 126
\BOOKMARK [2][-]{subsection.6.7.1}{\376\377\0006\000.\0007\000.\0001\000\040\000D\000e\000t\000a\000i\000l\000e\000d\000\040\000D\000e\000s\000c\000r\000i\000p\000t\000i\000o\000n}{section.6.7}% 127
\BOOKMARK [2][-]{subsection.6.7.2}{\376\377\0006\000.\0007\000.\0002\000\040\000M\000e\000m\000b\000e\000r\000\040\000D\000a\000t\000a\000\040\000D\000o\000c\000u\000m\000e\000n\000t\000a\000t\000i\000o\000n}{section.6.7}% 128
\BOOKMARK [3][-]{subsubsection.6.7.2.1}{\376\377\0006\000.\0007\000.\0002\000.\0001\000\040\000d\000e\000l\000a\000y\000\137\000m\000s}{subsection.6.7.2}% 129
\BOOKMARK [3][-]{subsubsection.6.7.2.2}{\376\377\0006\000.\0007\000.\0002\000.\0002\000\040\000i\0002\000c\000\137\000a\000d\000d\000r}{subsection.6.7.2}% 130
\BOOKMARK [3][-]{subsubsection.6.7.2.3}{\376\377\0006\000.\0007\000.\0002\000.\0003\000\040\000r\000e\000a\000d}{subsection.6.7.2}% 131
\BOOKMARK [3][-]{subsubsection.6.7.2.4}{\376\377\0006\000.\0007\000.\0002\000.\0004\000\040\000s\000p\000i\000\137\000c\000s}{subsection.6.7.2}% 132
\BOOKMARK [3][-]{subsubsection.6.7.2.5}{\376\377\0006\000.\0007\000.\0002\000.\0005\000\040\000s\000p\000i\000\137\000r\000e\000g\000\137\000r\000w\000\137\000b\000i\000t\000s}{subsection.6.7.2}% 133
\BOOKMARK [3][-]{subsubsection.6.7.2.6}{\376\377\0006\000.\0007\000.\0002\000.\0006\000\040\000u\000s\000e\000r}{subsection.6.7.2}% 134
\BOOKMARK [3][-]{subsubsection.6.7.2.7}{\376\377\0006\000.\0007\000.\0002\000.\0007\000\040\000w\000r\000i\000t\000e}{subsection.6.7.2}% 135
\BOOKMARK [1][-]{section.6.8}{\376\377\0006\000.\0008\000\040\000I\000n\000t\000e\000r\000f\000a\000c\000e\000\137\0007\000S\000e\000m\000i\000\040\000C\000l\000a\000s\000s\000\040\000R\000e\000f\000e\000r\000e\000n\000c\000e}{chapter.6}% 136
\BOOKMARK [2][-]{subsection.6.8.1}{\376\377\0006\000.\0008\000.\0001\000\040\000D\000e\000t\000a\000i\000l\000e\000d\000\040\000D\000e\000s\000c\000r\000i\000p\000t\000i\000o\000n}{section.6.8}% 137
\BOOKMARK [2][-]{subsection.6.8.2}{\376\377\0006\000.\0008\000.\0002\000\040\000C\000o\000n\000s\000t\000r\000u\000c\000t\000o\000r\000\040\000\046\000\040\000D\000e\000s\000t\000r\000u\000c\000t\000o\000r\000\040\000D\000o\000c\000u\000m\000e\000n\000t\000a\000t\000i\000o\000n}{section.6.8}% 138
\BOOKMARK [3][-]{subsubsection.6.8.2.1}{\376\377\0006\000.\0008\000.\0002\000.\0001\000\040\000~\000I\000n\000t\000e\000r\000f\000a\000c\000e\000\137\0007\000S\000e\000m\000i\000\050\000\051}{subsection.6.8.2}% 139
\BOOKMARK [2][-]{subsection.6.8.3}{\376\377\0006\000.\0008\000.\0003\000\040\000M\000e\000m\000b\000e\000r\000\040\000F\000u\000n\000c\000t\000i\000o\000n\000\040\000D\000o\000c\000u\000m\000e\000n\000t\000a\000t\000i\000o\000n}{section.6.8}% 140
\BOOKMARK [3][-]{subsubsection.6.8.3.1}{\376\377\0006\000.\0008\000.\0003\000.\0001\000\040\000b\000e\000g\000i\000n\000I\0002\000C\000\050\000\051}{subsection.6.8.3}% 141
\BOOKMARK [3][-]{subsubsection.6.8.3.2}{\376\377\0006\000.\0008\000.\0003\000.\0002\000\040\000b\000e\000g\000i\000n\000S\000P\000I\000\050\000\051}{subsection.6.8.3}% 142
\BOOKMARK [3][-]{subsubsection.6.8.3.3}{\376\377\0006\000.\0008\000.\0003\000.\0003\000\040\000d\000e\000l\000a\000y\000\137\000u\000s\000\050\000\051}{subsection.6.8.3}% 143
\BOOKMARK [3][-]{subsubsection.6.8.3.4}{\376\377\0006\000.\0008\000.\0003\000.\0004\000\040\000r\000e\000a\000d\000\050\000\051}{subsection.6.8.3}% 144
\BOOKMARK [3][-]{subsubsection.6.8.3.5}{\376\377\0006\000.\0008\000.\0003\000.\0005\000\040\000w\000r\000i\000t\000e\000\050\000\051}{subsection.6.8.3}% 145
\BOOKMARK [1][-]{section.6.9}{\376\377\0006\000.\0009\000\040\000S\000P\000I\000\137\000I\000n\000t\000e\000r\000f\000a\000c\000e\000\040\000C\000l\000a\000s\000s\000\040\000R\000e\000f\000e\000r\000e\000n\000c\000e}{chapter.6}% 146
\BOOKMARK [2][-]{subsection.6.9.1}{\376\377\0006\000.\0009\000.\0001\000\040\000D\000e\000t\000a\000i\000l\000e\000d\000\040\000D\000e\000s\000c\000r\000i\000p\000t\000i\000o\000n}{section.6.9}% 147
\BOOKMARK [2][-]{subsection.6.9.2}{\376\377\0006\000.\0009\000.\0002\000\040\000M\000e\000m\000b\000e\000r\000\040\000F\000u\000n\000c\000t\000i\000o\000n\000\040\000D\000o\000c\000u\000m\000e\000n\000t\000a\000t\000i\000o\000n}{section.6.9}% 148
\BOOKMARK [3][-]{subsubsection.6.9.2.1}{\376\377\0006\000.\0009\000.\0002\000.\0001\000\040\000b\000e\000g\000i\000n\000I\0002\000C\000\050\000\051}{subsection.6.9.2}% 149
\BOOKMARK [3][-]{subsubsection.6.9.2.2}{\376\377\0006\000.\0009\000.\0002\000.\0002\000\040\000b\000e\000g\000i\000n\000S\000P\000I\000\050\000\051}{subsection.6.9.2}% 150
\BOOKMARK [3][-]{subsubsection.6.9.2.3}{\376\377\0006\000.\0009\000.\0002\000.\0003\000\040\000r\000e\000a\000d\000\050\000\051}{subsection.6.9.2}% 151
\BOOKMARK [3][-]{subsubsection.6.9.2.4}{\376\377\0006\000.\0009\000.\0002\000.\0004\000\040\000w\000r\000i\000t\000e\000\050\000\051}{subsection.6.9.2}% 152
\BOOKMARK [2][-]{subsection.6.9.3}{\376\377\0006\000.\0009\000.\0003\000\040\000M\000e\000m\000b\000e\000r\000\040\000D\000a\000t\000a\000\040\000D\000o\000c\000u\000m\000e\000n\000t\000a\000t\000i\000o\000n}{section.6.9}% 153
\BOOKMARK [3][-]{subsubsection.6.9.3.1}{\376\377\0006\000.\0009\000.\0003\000.\0001\000\040\000c\000s}{subsection.6.9.3}% 154
\BOOKMARK [3][-]{subsubsection.6.9.3.2}{\376\377\0006\000.\0009\000.\0003\000.\0002\000\040\000s\000p\000e\000e\000d}{subsection.6.9.3}% 155
\BOOKMARK [3][-]{subsubsection.6.9.3.3}{\376\377\0006\000.\0009\000.\0003\000.\0003\000\040\000s\000p\000i}{subsection.6.9.3}% 156
\BOOKMARK [0][-]{chapter.7}{\376\377\0007\000\040\000F\000i\000l\000e\000\040\000D\000o\000c\000u\000m\000e\000n\000t\000a\000t\000i\000o\000n}{}% 157
\BOOKMARK [1][-]{section.7.1}{\376\377\0007\000.\0001\000\040\000e\000x\000a\000m\000p\000l\000e\000s\000/\000I\0002\000C\000\137\000A\000c\000c\000e\000l\000/\000I\0002\000C\000\137\000A\000c\000c\000e\000l\000.\000i\000n\000o\000\040\000F\000i\000l\000e\000\040\000R\000e\000f\000e\000r\000e\000n\000c\000e}{chapter.7}% 158
\BOOKMARK [1][-]{section.7.2}{\376\377\0007\000.\0002\000\040\000I\0002\000C\000\137\000A\000c\000c\000e\000l\000.\000i\000n\000o}{chapter.7}% 159
\BOOKMARK [1][-]{section.7.3}{\376\377\0007\000.\0003\000\040\000e\000x\000a\000m\000p\000l\000e\000s\000/\000I\0002\000C\000\137\000B\000a\000s\000i\000c\000/\000I\0002\000C\000\137\000B\000a\000s\000i\000c\000.\000i\000n\000o\000\040\000F\000i\000l\000e\000\040\000R\000e\000f\000e\000r\000e\000n\000c\000e}{chapter.7}% 160
\BOOKMARK [1][-]{section.7.4}{\376\377\0007\000.\0004\000\040\000I\0002\000C\000\137\000B\000a\000s\000i\000c\000.\000i\000n\000o}{chapter.7}% 161
\BOOKMARK [1][-]{section.7.5}{\376\377\0007\000.\0005\000\040\000e\000x\000a\000m\000p\000l\000e\000s\000/\000I\0002\000C\000\137\000M\000a\000g\000n\000e\000t\000o\000/\000I\0002\000C\000\137\000M\000a\000g\000n\000e\000t\000o\000.\000i\000n\000o\000\040\000F\000i\000l\000e\000\040\000R\000e\000f\000e\000r\000e\000n\000c\000e}{chapter.7}% 162
\BOOKMARK [1][-]{section.7.6}{\376\377\0007\000.\0006\000\040\000I\0002\000C\000\137\000M\000a\000g\000n\000e\000t\000o\000.\000i\000n\000o}{chapter.7}% 163
\BOOKMARK [1][-]{section.7.7}{\376\377\0007\000.\0007\000\040\000e\000x\000a\000m\000p\000l\000e\000s\000/\000S\000P\000I\000\137\000B\000a\000s\000i\000c\000/\000S\000P\000I\000\137\000B\000a\000s\000i\000c\000.\000i\000n\000o\000\040\000F\000i\000l\000e\000\040\000R\000e\000f\000e\000r\000e\000n\000c\000e}{chapter.7}% 164
\BOOKMARK [1][-]{section.7.8}{\376\377\0007\000.\0008\000\040\000S\000P\000I\000\137\000B\000a\000s\000i\000c\000.\000i\000n\000o}{chapter.7}% 165
\BOOKMARK [1][-]{section.7.9}{\376\377\0007\000.\0009\000\040\000s\000r\000c\000/\0007\000S\000e\000m\000i\000\137\000I\0002\000C\000\137\000I\000n\000t\000e\000r\000f\000a\000c\000e\000.\000h\000\040\000F\000i\000l\000e\000\040\000R\000e\000f\000e\000r\000e\000n\000c\000e}{chapter.7}% 166
\BOOKMARK [1][-]{section.7.10}{\376\377\0007\000.\0001\0000\000\040\0007\000S\000e\000m\000i\000\137\000I\0002\000C\000\137\000I\000n\000t\000e\000r\000f\000a\000c\000e\000.\000h}{chapter.7}% 167
\BOOKMARK [1][-]{section.7.11}{\376\377\0007\000.\0001\0001\000\040\000s\000r\000c\000/\0007\000S\000e\000m\000i\000\137\000I\000n\000t\000e\000r\000f\000a\000c\000e\000.\000h\000\040\000F\000i\000l\000e\000\040\000R\000e\000f\000e\000r\000e\000n\000c\000e}{chapter.7}% 168
\BOOKMARK [1][-]{section.7.12}{\376\377\0007\000.\0001\0002\000\040\0007\000S\000e\000m\000i\000\137\000I\000n\000t\000e\000r\000f\000a\000c\000e\000.\000h}{chapter.7}% 169
\BOOKMARK [1][-]{section.7.13}{\376\377\0007\000.\0001\0003\000\040\000s\000r\000c\000/\0007\000S\000e\000m\000i\000\137\000S\000P\000I\000\137\000I\000n\000t\000e\000r\000f\000a\000c\000e\000.\000h\000\040\000F\000i\000l\000e\000\040\000R\000e\000f\000e\000r\000e\000n\000c\000e}{chapter.7}% 170
\BOOKMARK [1][-]{section.7.14}{\376\377\0007\000.\0001\0004\000\040\0007\000S\000e\000m\000i\000\137\000S\000P\000I\000\137\000I\000n\000t\000e\000r\000f\000a\000c\000e\000.\000h}{chapter.7}% 171
\BOOKMARK [1][-]{section.7.15}{\376\377\0007\000.\0001\0005\000\040\000s\000r\000c\000/\000B\000u\000s\000I\000O\000\137\0007\000S\000e\000m\000i\000.\000h\000\040\000F\000i\000l\000e\000\040\000R\000e\000f\000e\000r\000e\000n\000c\000e}{chapter.7}% 172
\BOOKMARK [1][-]{section.7.16}{\376\377\0007\000.\0001\0006\000\040\000B\000u\000s\000I\000O\000\137\0007\000S\000e\000m\000i\000.\000h}{chapter.7}% 173
\BOOKMARK [1][-]{section.7.17}{\376\377\0007\000.\0001\0007\000\040\000s\000r\000c\000/\000D\000e\000v\000L\000a\000b\000\137\000I\000C\000M\0002\0000\0009\0004\0008\000.\000c\000p\000p\000\040\000F\000i\000l\000e\000\040\000R\000e\000f\000e\000r\000e\000n\000c\000e}{chapter.7}% 174
\BOOKMARK [1][-]{section.7.18}{\376\377\0007\000.\0001\0008\000\040\000D\000e\000v\000L\000a\000b\000\137\000I\000C\000M\0002\0000\0009\0004\0008\000.\000c\000p\000p}{chapter.7}% 175
\BOOKMARK [1][-]{section.7.19}{\376\377\0007\000.\0001\0009\000\040\000s\000r\000c\000/\000D\000e\000v\000L\000a\000b\000\137\000I\000C\000M\0002\0000\0009\0004\0008\000.\000h\000\040\000F\000i\000l\000e\000\040\000R\000e\000f\000e\000r\000e\000n\000c\000e}{chapter.7}% 176
\BOOKMARK [2][-]{subsection.7.19.1}{\376\377\0007\000.\0001\0009\000.\0001\000\040\000E\000n\000u\000m\000e\000r\000a\000t\000i\000o\000n\000\040\000T\000y\000p\000e\000\040\000D\000o\000c\000u\000m\000e\000n\000t\000a\000t\000i\000o\000n}{section.7.19}% 177
\BOOKMARK [3][-]{subsubsection.7.19.1.1}{\376\377\0007\000.\0001\0009\000.\0001\000.\0001\000\040\000I\000C\000M\0002\0000\0009\0004\0008\000\137\000A\000c\000c\000e\000l\000\137\000A\000v\000e\000r\000a\000g\000e}{subsection.7.19.1}% 178
\BOOKMARK [3][-]{subsubsection.7.19.1.2}{\376\377\0007\000.\0001\0009\000.\0001\000.\0002\000\040\000I\000C\000M\0002\0000\0009\0004\0008\000\137\000A\000c\000c\000e\000l\000\137\000D\000L\000P\000F\000C\000F\000G}{subsection.7.19.1}% 179
\BOOKMARK [3][-]{subsubsection.7.19.1.3}{\376\377\0007\000.\0001\0009\000.\0001\000.\0003\000\040\000I\000C\000M\0002\0000\0009\0004\0008\000\137\000A\000c\000c\000e\000l\000\137\000F\000u\000l\000l\000S\000c\000a\000l\000e}{subsection.7.19.1}% 180
\BOOKMARK [3][-]{subsubsection.7.19.1.4}{\376\377\0007\000.\0001\0009\000.\0001\000.\0004\000\040\000I\000C\000M\0002\0000\0009\0004\0008\000\137\000C\000l\000o\000c\000k\000\137\000S\000o\000u\000r\000c\000e}{subsection.7.19.1}% 181
\BOOKMARK [3][-]{subsubsection.7.19.1.5}{\376\377\0007\000.\0001\0009\000.\0001\000.\0005\000\040\000I\000C\000M\0002\0000\0009\0004\0008\000\137\000G\000y\000r\000o\000\137\000A\000v\000e\000r\000a\000g\000e}{subsection.7.19.1}% 182
\BOOKMARK [3][-]{subsubsection.7.19.1.6}{\376\377\0007\000.\0001\0009\000.\0001\000.\0006\000\040\000I\000C\000M\0002\0000\0009\0004\0008\000\137\000G\000y\000r\000o\000\137\000D\000L\000P\000F}{subsection.7.19.1}% 183
\BOOKMARK [3][-]{subsubsection.7.19.1.7}{\376\377\0007\000.\0001\0009\000.\0001\000.\0007\000\040\000I\000C\000M\0002\0000\0009\0004\0008\000\137\000G\000y\000r\000o\000\137\000F\000u\000l\000l\000S\000c\000a\000l\000e}{subsection.7.19.1}% 184
\BOOKMARK [3][-]{subsubsection.7.19.1.8}{\376\377\0007\000.\0001\0009\000.\0001\000.\0008\000\040\000I\000C\000M\0002\0000\0009\0004\0008\000\137\000O\000p\000\137\000M\000o\000d\000e}{subsection.7.19.1}% 185
\BOOKMARK [1][-]{section.7.20}{\376\377\0007\000.\0002\0000\000\040\000D\000e\000v\000L\000a\000b\000\137\000I\000C\000M\0002\0000\0009\0004\0008\000.\000h}{chapter.7}% 186
\BOOKMARK [1][-]{section.7.21}{\376\377\0007\000.\0002\0001\000\040\000s\000r\000c\000/\000I\000C\000M\0002\0000\0009\0004\0008\000\137\000p\000l\000a\000t\000f\000o\000r\000m\000.\000h\000\040\000F\000i\000l\000e\000\040\000R\000e\000f\000e\000r\000e\000n\000c\000e}{chapter.7}% 187
\BOOKMARK [1][-]{section.7.22}{\376\377\0007\000.\0002\0002\000\040\000I\000C\000M\0002\0000\0009\0004\0008\000\137\000p\000l\000a\000t\000f\000o\000r\000m\000.\000h}{chapter.7}% 188
\BOOKMARK [1][-]{section.7.23}{\376\377\0007\000.\0002\0003\000\040\000s\000r\000c\000/\000I\000C\000M\0002\0000\0009\0004\0008\000\137\000r\000e\000g\000s\000.\000h\000\040\000F\000i\000l\000e\000\040\000R\000e\000f\000e\000r\000e\000n\000c\000e}{chapter.7}% 189
\BOOKMARK [2][-]{subsection.7.23.1}{\376\377\0007\000.\0002\0003\000.\0001\000\040\000M\000a\000c\000r\000o\000\040\000D\000e\000f\000i\000n\000i\000t\000i\000o\000n\000\040\000D\000o\000c\000u\000m\000e\000n\000t\000a\000t\000i\000o\000n}{section.7.23}% 190
\BOOKMARK [3][-]{subsubsection.7.23.1.1}{\376\377\0007\000.\0002\0003\000.\0001\000.\0001\000\040\000A\000C\000C\000E\000L\000\137\000B\000Y\000P\000A\000S\000S\000\137\0003\000D\000B\000\137\000B\000W\000\137\000H\000Z}{subsection.7.23.1}% 191
\BOOKMARK [3][-]{subsubsection.7.23.1.2}{\376\377\0007\000.\0002\0003\000.\0001\000.\0002\000\040\000A\000C\000C\000E\000L\000\137\000B\000Y\000P\000A\000S\000S\000\137\000N\000B\000W\000\137\000H\000Z}{subsection.7.23.1}% 192
\BOOKMARK [3][-]{subsubsection.7.23.1.3}{\376\377\0007\000.\0002\0003\000.\0001\000.\0003\000\040\000A\000C\000C\000E\000L\000\137\000B\000Y\000P\000A\000S\000S\000\137\000R\000A\000T\000E\000\137\000H\000Z}{subsection.7.23.1}% 193
\BOOKMARK [3][-]{subsubsection.7.23.1.4}{\376\377\0007\000.\0002\0003\000.\0001\000.\0004\000\040\000A\000C\000C\000E\000L\000\137\000C\000O\000N\000F\000I\000G}{subsection.7.23.1}% 194
\BOOKMARK [3][-]{subsubsection.7.23.1.5}{\376\377\0007\000.\0002\0003\000.\0001\000.\0005\000\040\000A\000C\000C\000E\000L\000\137\000C\000O\000N\000F\000I\000G\000\137\0002}{subsection.7.23.1}% 195
\BOOKMARK [3][-]{subsubsection.7.23.1.6}{\376\377\0007\000.\0002\0003\000.\0001\000.\0006\000\040\000A\000C\000C\000E\000L\000\137\000D\000E\000C\0003\000\137\000A\000V\000G\000\137\0001\0006}{subsection.7.23.1}% 196
\BOOKMARK [3][-]{subsubsection.7.23.1.7}{\376\377\0007\000.\0002\0003\000.\0001\000.\0007\000\040\000A\000C\000C\000E\000L\000\137\000D\000E\000C\0003\000\137\000A\000V\000G\000\137\0003\0002}{subsection.7.23.1}% 197
\BOOKMARK [3][-]{subsubsection.7.23.1.8}{\376\377\0007\000.\0002\0003\000.\0001\000.\0008\000\040\000A\000C\000C\000E\000L\000\137\000D\000E\000C\0003\000\137\000A\000V\000G\000\137\0004}{subsection.7.23.1}% 198
\BOOKMARK [3][-]{subsubsection.7.23.1.9}{\376\377\0007\000.\0002\0003\000.\0001\000.\0009\000\040\000A\000C\000C\000E\000L\000\137\000D\000E\000C\0003\000\137\000A\000V\000G\000\137\0008}{subsection.7.23.1}% 199
\BOOKMARK [3][-]{subsubsection.7.23.1.10}{\376\377\0007\000.\0002\0003\000.\0001\000.\0001\0000\000\040\000A\000C\000C\000E\000L\000\137\000D\000L\000P\000F\0000\000\137\0003\000D\000B\000\137\000B\000W\000\137\000H\000Z}{subsection.7.23.1}% 200
\BOOKMARK [3][-]{subsubsection.7.23.1.11}{\376\377\0007\000.\0002\0003\000.\0001\000.\0001\0001\000\040\000A\000C\000C\000E\000L\000\137\000D\000L\000P\000F\0000\000\137\000N\000B\000W\000\137\000H\000Z}{subsection.7.23.1}% 201
\BOOKMARK [3][-]{subsubsection.7.23.1.12}{\376\377\0007\000.\0002\0003\000.\0001\000.\0001\0002\000\040\000A\000C\000C\000E\000L\000\137\000D\000L\000P\000F\0001\000\137\0003\000D\000B\000\137\000B\000W\000\137\000H\000Z}{subsection.7.23.1}% 202
\BOOKMARK [3][-]{subsubsection.7.23.1.13}{\376\377\0007\000.\0002\0003\000.\0001\000.\0001\0003\000\040\000A\000C\000C\000E\000L\000\137\000D\000L\000P\000F\0001\000\137\000N\000B\000W\000\137\000H\000Z}{subsection.7.23.1}% 203
\BOOKMARK [3][-]{subsubsection.7.23.1.14}{\376\377\0007\000.\0002\0003\000.\0001\000.\0001\0004\000\040\000A\000C\000C\000E\000L\000\137\000D\000L\000P\000F\0002\000\137\0003\000D\000B\000\137\000B\000W\000\137\000H\000Z}{subsection.7.23.1}% 204
\BOOKMARK [3][-]{subsubsection.7.23.1.15}{\376\377\0007\000.\0002\0003\000.\0001\000.\0001\0005\000\040\000A\000C\000C\000E\000L\000\137\000D\000L\000P\000F\0002\000\137\000N\000B\000W\000\137\000H\000Z}{subsection.7.23.1}% 205
\BOOKMARK [3][-]{subsubsection.7.23.1.16}{\376\377\0007\000.\0002\0003\000.\0001\000.\0001\0006\000\040\000A\000C\000C\000E\000L\000\137\000D\000L\000P\000F\0003\000\137\0003\000D\000B\000\137\000B\000W\000\137\000H\000Z}{subsection.7.23.1}% 206
\BOOKMARK [3][-]{subsubsection.7.23.1.17}{\376\377\0007\000.\0002\0003\000.\0001\000.\0001\0007\000\040\000A\000C\000C\000E\000L\000\137\000D\000L\000P\000F\0003\000\137\000N\000B\000W\000\137\000H\000Z}{subsection.7.23.1}% 207
\BOOKMARK [3][-]{subsubsection.7.23.1.18}{\376\377\0007\000.\0002\0003\000.\0001\000.\0001\0008\000\040\000A\000C\000C\000E\000L\000\137\000D\000L\000P\000F\0004\000\137\0003\000D\000B\000\137\000B\000W\000\137\000H\000Z}{subsection.7.23.1}% 208
\BOOKMARK [3][-]{subsubsection.7.23.1.19}{\376\377\0007\000.\0002\0003\000.\0001\000.\0001\0009\000\040\000A\000C\000C\000E\000L\000\137\000D\000L\000P\000F\0004\000\137\000N\000B\000W\000\137\000H\000Z}{subsection.7.23.1}% 209
\BOOKMARK [3][-]{subsubsection.7.23.1.20}{\376\377\0007\000.\0002\0003\000.\0001\000.\0002\0000\000\040\000A\000C\000C\000E\000L\000\137\000D\000L\000P\000F\0005\000\137\0003\000D\000B\000\137\000B\000W\000\137\000H\000Z}{subsection.7.23.1}% 210
\BOOKMARK [3][-]{subsubsection.7.23.1.21}{\376\377\0007\000.\0002\0003\000.\0001\000.\0002\0001\000\040\000A\000C\000C\000E\000L\000\137\000D\000L\000P\000F\0005\000\137\000N\000B\000W\000\137\000H\000Z}{subsection.7.23.1}% 211
\BOOKMARK [3][-]{subsubsection.7.23.1.22}{\376\377\0007\000.\0002\0003\000.\0001\000.\0002\0002\000\040\000A\000C\000C\000E\000L\000\137\000D\000L\000P\000F\0006\000\137\0003\000D\000B\000\137\000B\000W\000\137\000H\000Z}{subsection.7.23.1}% 212
\BOOKMARK [3][-]{subsubsection.7.23.1.23}{\376\377\0007\000.\0002\0003\000.\0001\000.\0002\0003\000\040\000A\000C\000C\000E\000L\000\137\000D\000L\000P\000F\0006\000\137\000N\000B\000W\000\137\000H\000Z}{subsection.7.23.1}% 213
\BOOKMARK [3][-]{subsubsection.7.23.1.24}{\376\377\0007\000.\0002\0003\000.\0001\000.\0002\0004\000\040\000A\000C\000C\000E\000L\000\137\000D\000L\000P\000F\0007\000\137\0003\000D\000B\000\137\000B\000W\000\137\000H\000Z}{subsection.7.23.1}% 214
\BOOKMARK [3][-]{subsubsection.7.23.1.25}{\376\377\0007\000.\0002\0003\000.\0001\000.\0002\0005\000\040\000A\000C\000C\000E\000L\000\137\000D\000L\000P\000F\0007\000\137\000N\000B\000W\000\137\000H\000Z}{subsection.7.23.1}% 215
\BOOKMARK [3][-]{subsubsection.7.23.1.26}{\376\377\0007\000.\0002\0003\000.\0001\000.\0002\0006\000\040\000A\000C\000C\000E\000L\000\137\000D\000L\000P\000F\000\137\000B\000A\000S\000E\000\137\000H\000Z}{subsection.7.23.1}% 216
\BOOKMARK [3][-]{subsubsection.7.23.1.27}{\376\377\0007\000.\0002\0003\000.\0001\000.\0002\0007\000\040\000A\000C\000C\000E\000L\000\137\000D\000L\000P\000F\000\137\000O\000D\000R\000\137\000H\000Z}{subsection.7.23.1}% 217
\BOOKMARK [3][-]{subsubsection.7.23.1.28}{\376\377\0007\000.\0002\0003\000.\0001\000.\0002\0008\000\040\000A\000C\000C\000E\000L\000\137\000D\000L\000P\000F\000C\000F\000G\000\137\0000}{subsection.7.23.1}% 218
\BOOKMARK [3][-]{subsubsection.7.23.1.29}{\376\377\0007\000.\0002\0003\000.\0001\000.\0002\0009\000\040\000A\000C\000C\000E\000L\000\137\000D\000L\000P\000F\000C\000F\000G\000\137\0001}{subsection.7.23.1}% 219
\BOOKMARK [3][-]{subsubsection.7.23.1.30}{\376\377\0007\000.\0002\0003\000.\0001\000.\0003\0000\000\040\000A\000C\000C\000E\000L\000\137\000D\000L\000P\000F\000C\000F\000G\000\137\0002}{subsection.7.23.1}% 220
\BOOKMARK [3][-]{subsubsection.7.23.1.31}{\376\377\0007\000.\0002\0003\000.\0001\000.\0003\0001\000\040\000A\000C\000C\000E\000L\000\137\000D\000L\000P\000F\000C\000F\000G\000\137\0003}{subsection.7.23.1}% 221
\BOOKMARK [3][-]{subsubsection.7.23.1.32}{\376\377\0007\000.\0002\0003\000.\0001\000.\0003\0002\000\040\000A\000C\000C\000E\000L\000\137\000D\000L\000P\000F\000C\000F\000G\000\137\0004}{subsection.7.23.1}% 222
\BOOKMARK [3][-]{subsubsection.7.23.1.33}{\376\377\0007\000.\0002\0003\000.\0001\000.\0003\0003\000\040\000A\000C\000C\000E\000L\000\137\000D\000L\000P\000F\000C\000F\000G\000\137\0005}{subsection.7.23.1}% 223
\BOOKMARK [3][-]{subsubsection.7.23.1.34}{\376\377\0007\000.\0002\0003\000.\0001\000.\0003\0004\000\040\000A\000C\000C\000E\000L\000\137\000D\000L\000P\000F\000C\000F\000G\000\137\0006}{subsection.7.23.1}% 224
\BOOKMARK [3][-]{subsubsection.7.23.1.35}{\376\377\0007\000.\0002\0003\000.\0001\000.\0003\0005\000\040\000A\000C\000C\000E\000L\000\137\000D\000L\000P\000F\000C\000F\000G\000\137\0007}{subsection.7.23.1}% 225
\BOOKMARK [3][-]{subsubsection.7.23.1.36}{\376\377\0007\000.\0002\0003\000.\0001\000.\0003\0006\000\040\000A\000C\000C\000E\000L\000\137\000D\000L\000P\000F\000C\000F\000G\000\137\000M\000A\000S\000K}{subsection.7.23.1}% 226
\BOOKMARK [3][-]{subsubsection.7.23.1.37}{\376\377\0007\000.\0002\0003\000.\0001\000.\0003\0007\000\040\000A\000C\000C\000E\000L\000\137\000D\000L\000P\000F\000C\000F\000G\000\137\000S\000H\000I\000F\000T}{subsection.7.23.1}% 227
\BOOKMARK [3][-]{subsubsection.7.23.1.38}{\376\377\0007\000.\0002\0003\000.\0001\000.\0003\0008\000\040\000A\000C\000C\000E\000L\000\137\000F\000C\000H\000O\000I\000C\000E}{subsection.7.23.1}% 228
\BOOKMARK [3][-]{subsubsection.7.23.1.39}{\376\377\0007\000.\0002\0003\000.\0001\000.\0003\0009\000\040\000A\000C\000C\000E\000L\000\137\000F\000C\000H\000O\000I\000C\000E\000\137\000B\000Y\000P\000A\000S\000S}{subsection.7.23.1}% 229
\BOOKMARK [3][-]{subsubsection.7.23.1.40}{\376\377\0007\000.\0002\0003\000.\0001\000.\0004\0000\000\040\000A\000C\000C\000E\000L\000\137\000F\000C\000H\000O\000I\000C\000E\000\137\000D\000L\000P\000F}{subsection.7.23.1}% 230
\BOOKMARK [3][-]{subsubsection.7.23.1.41}{\376\377\0007\000.\0002\0003\000.\0001\000.\0004\0001\000\040\000A\000C\000C\000E\000L\000\137\000F\000S\000\137\0001\0006\000G}{subsection.7.23.1}% 231
\BOOKMARK [3][-]{subsubsection.7.23.1.42}{\376\377\0007\000.\0002\0003\000.\0001\000.\0004\0002\000\040\000A\000C\000C\000E\000L\000\137\000F\000S\000\137\0002\000G}{subsection.7.23.1}% 232
\BOOKMARK [3][-]{subsubsection.7.23.1.43}{\376\377\0007\000.\0002\0003\000.\0001\000.\0004\0003\000\040\000A\000C\000C\000E\000L\000\137\000F\000S\000\137\0004\000G}{subsection.7.23.1}% 233
\BOOKMARK [3][-]{subsubsection.7.23.1.44}{\376\377\0007\000.\0002\0003\000.\0001\000.\0004\0004\000\040\000A\000C\000C\000E\000L\000\137\000F\000S\000\137\0008\000G}{subsection.7.23.1}% 234
\BOOKMARK [3][-]{subsubsection.7.23.1.45}{\376\377\0007\000.\0002\0003\000.\0001\000.\0004\0005\000\040\000A\000C\000C\000E\000L\000\137\000F\000S\000\137\000S\000E\000L\000\137\000M\000A\000S\000K}{subsection.7.23.1}% 235
\BOOKMARK [3][-]{subsubsection.7.23.1.46}{\376\377\0007\000.\0002\0003\000.\0001\000.\0004\0006\000\040\000A\000C\000C\000E\000L\000\137\000F\000S\000\137\000S\000E\000L\000\137\000S\000H\000I\000F\000T}{subsection.7.23.1}% 236
\BOOKMARK [3][-]{subsubsection.7.23.1.47}{\376\377\0007\000.\0002\0003\000.\0001\000.\0004\0007\000\040\000A\000C\000C\000E\000L\000\137\000I\000N\000T\000E\000L\000\137\000C\000T\000R\000L}{subsection.7.23.1}% 237
\BOOKMARK [3][-]{subsubsection.7.23.1.48}{\376\377\0007\000.\0002\0003\000.\0001\000.\0004\0008\000\040\000A\000C\000C\000E\000L\000\137\000I\000N\000T\000E\000L\000\137\000E\000N}{subsection.7.23.1}% 238
\BOOKMARK [3][-]{subsubsection.7.23.1.49}{\376\377\0007\000.\0002\0003\000.\0001\000.\0004\0009\000\040\000A\000C\000C\000E\000L\000\137\000I\000N\000T\000E\000L\000\137\000M\000O\000D\000E\000\137\000I\000N\000T}{subsection.7.23.1}% 239
\BOOKMARK [3][-]{subsubsection.7.23.1.50}{\376\377\0007\000.\0002\0003\000.\0001\000.\0005\0000\000\040\000A\000C\000C\000E\000L\000\137\000S\000M\000P\000L\000R\000T\000\137\000D\000I\000V\000\137\0001}{subsection.7.23.1}% 240
\BOOKMARK [3][-]{subsubsection.7.23.1.51}{\376\377\0007\000.\0002\0003\000.\0001\000.\0005\0001\000\040\000A\000C\000C\000E\000L\000\137\000S\000M\000P\000L\000R\000T\000\137\000D\000I\000V\000\137\0002}{subsection.7.23.1}% 241
\BOOKMARK [3][-]{subsubsection.7.23.1.52}{\376\377\0007\000.\0002\0003\000.\0001\000.\0005\0002\000\040\000A\000C\000C\000E\000L\000\137\000S\000M\000P\000L\000R\000T\000\137\000D\000I\000V\000\137\000M\000A\000X}{subsection.7.23.1}% 242
\BOOKMARK [3][-]{subsubsection.7.23.1.53}{\376\377\0007\000.\0002\0003\000.\0001\000.\0005\0003\000\040\000A\000C\000C\000E\000L\000\137\000S\000M\000P\000L\000R\000T\000\137\000D\000I\000V\000\137\000M\000I\000N}{subsection.7.23.1}% 243
\BOOKMARK [3][-]{subsubsection.7.23.1.54}{\376\377\0007\000.\0002\0003\000.\0001\000.\0005\0004\000\040\000A\000C\000C\000E\000L\000\137\000W\000O\000M\000\137\000T\000H\000R}{subsection.7.23.1}% 244
\BOOKMARK [3][-]{subsubsection.7.23.1.55}{\376\377\0007\000.\0002\0003\000.\0001\000.\0005\0005\000\040\000A\000C\000C\000E\000L\000\137\000X\000O\000U\000T\000\137\000H}{subsection.7.23.1}% 245
\BOOKMARK [3][-]{subsubsection.7.23.1.56}{\376\377\0007\000.\0002\0003\000.\0001\000.\0005\0006\000\040\000A\000C\000C\000E\000L\000\137\000X\000O\000U\000T\000\137\000L}{subsection.7.23.1}% 246
\BOOKMARK [3][-]{subsubsection.7.23.1.57}{\376\377\0007\000.\0002\0003\000.\0001\000.\0005\0007\000\040\000A\000C\000C\000E\000L\000\137\000Y\000O\000U\000T\000\137\000H}{subsection.7.23.1}% 247
\BOOKMARK [3][-]{subsubsection.7.23.1.58}{\376\377\0007\000.\0002\0003\000.\0001\000.\0005\0008\000\040\000A\000C\000C\000E\000L\000\137\000Y\000O\000U\000T\000\137\000L}{subsection.7.23.1}% 248
\BOOKMARK [3][-]{subsubsection.7.23.1.59}{\376\377\0007\000.\0002\0003\000.\0001\000.\0005\0009\000\040\000A\000C\000C\000E\000L\000\137\000Z\000O\000U\000T\000\137\000H}{subsection.7.23.1}% 249
\BOOKMARK [3][-]{subsubsection.7.23.1.60}{\376\377\0007\000.\0002\0003\000.\0001\000.\0006\0000\000\040\000A\000C\000C\000E\000L\000\137\000Z\000O\000U\000T\000\137\000L}{subsection.7.23.1}% 250
\BOOKMARK [3][-]{subsubsection.7.23.1.61}{\376\377\0007\000.\0002\0003\000.\0001\000.\0006\0001\000\040\000A\000K\0000\0009\0009\0001\0006\000\137\000I\0002\000C\000\137\000A\000D\000D\000R}{subsection.7.23.1}% 251
\BOOKMARK [3][-]{subsubsection.7.23.1.62}{\376\377\0007\000.\0002\0003\000.\0001\000.\0006\0002\000\040\000A\000K\000\137\000C\000N\000T\000L\0002}{subsection.7.23.1}% 252
\BOOKMARK [3][-]{subsubsection.7.23.1.63}{\376\377\0007\000.\0002\0003\000.\0001\000.\0006\0003\000\040\000A\000K\000\137\000C\000N\000T\000L\0003}{subsection.7.23.1}% 253
\BOOKMARK [3][-]{subsubsection.7.23.1.64}{\376\377\0007\000.\0002\0003\000.\0001\000.\0006\0004\000\040\000A\000K\000\137\000H\000X\000L}{subsection.7.23.1}% 254
\BOOKMARK [3][-]{subsubsection.7.23.1.65}{\376\377\0007\000.\0002\0003\000.\0001\000.\0006\0005\000\040\000A\000K\000\137\000S\000T\0001}{subsection.7.23.1}% 255
\BOOKMARK [3][-]{subsubsection.7.23.1.66}{\376\377\0007\000.\0002\0003\000.\0001\000.\0006\0006\000\040\000A\000K\000\137\000S\000T\0002}{subsection.7.23.1}% 256
\BOOKMARK [3][-]{subsubsection.7.23.1.67}{\376\377\0007\000.\0002\0003\000.\0001\000.\0006\0007\000\040\000A\000K\000\137\000W\000I\000A\0002}{subsection.7.23.1}% 257
\BOOKMARK [3][-]{subsubsection.7.23.1.68}{\376\377\0007\000.\0002\0003\000.\0001\000.\0006\0008\000\040\000A\000K\000\137\000W\000I\000A\0002\000\137\000V\000A\000L}{subsection.7.23.1}% 258
\BOOKMARK [3][-]{subsubsection.7.23.1.69}{\376\377\0007\000.\0002\0003\000.\0001\000.\0006\0009\000\040\000A\000U\000T\000O\000\137\000S\000E\000L}{subsection.7.23.1}% 259
\BOOKMARK [3][-]{subsubsection.7.23.1.70}{\376\377\0007\000.\0002\0003\000.\0001\000.\0007\0000\000\040\000A\000X\000\137\000S\000T\000\137\000E\000N\000\137\000R\000E\000G}{subsection.7.23.1}% 260
\BOOKMARK [3][-]{subsubsection.7.23.1.71}{\376\377\0007\000.\0002\0003\000.\0001\000.\0007\0001\000\040\000A\000Y\000\137\000S\000T\000\137\000E\000N\000\137\000R\000E\000G}{subsection.7.23.1}% 261
\BOOKMARK [3][-]{subsubsection.7.23.1.72}{\376\377\0007\000.\0002\0003\000.\0001\000.\0007\0002\000\040\000A\000Z\000\137\000S\000T\000\137\000E\000N\000\137\000R\000E\000G}{subsection.7.23.1}% 262
\BOOKMARK [3][-]{subsubsection.7.23.1.73}{\376\377\0007\000.\0002\0003\000.\0001\000.\0007\0003\000\040\000B\000A\000N\000K\0001\000\137\000R\000E\000G\000\137\000B\000A\000N\000K\000\137\000S\000E\000L}{subsection.7.23.1}% 263
\BOOKMARK [3][-]{subsubsection.7.23.1.74}{\376\377\0007\000.\0002\0003\000.\0001\000.\0007\0004\000\040\000B\000A\000N\000K\0002\000\137\000R\000E\000G\000\137\000B\000A\000N\000K\000\137\000S\000E\000L}{subsection.7.23.1}% 264
\BOOKMARK [3][-]{subsubsection.7.23.1.75}{\376\377\0007\000.\0002\0003\000.\0001\000.\0007\0005\000\040\000B\000A\000N\000K\0003\000\137\000R\000E\000G\000\137\000B\000A\000N\000K\000\137\000S\000E\000L}{subsection.7.23.1}% 265
\BOOKMARK [3][-]{subsubsection.7.23.1.76}{\376\377\0007\000.\0002\0003\000.\0001\000.\0007\0006\000\040\000B\000Y\000P\000A\000S\000S\000\137\000E\000N}{subsection.7.23.1}% 266
\BOOKMARK [3][-]{subsubsection.7.23.1.77}{\376\377\0007\000.\0002\0003\000.\0001\000.\0007\0007\000\040\000C\000L\000K\000\137\000S\000T\000O\000P}{subsection.7.23.1}% 267
\BOOKMARK [3][-]{subsubsection.7.23.1.78}{\376\377\0007\000.\0002\0003\000.\0001\000.\0007\0008\000\040\000D\000E\000C\0003\000\137\000C\000F\000G\000\137\000M\000A\000S\000K}{subsection.7.23.1}% 268
\BOOKMARK [3][-]{subsubsection.7.23.1.79}{\376\377\0007\000.\0002\0003\000.\0001\000.\0007\0009\000\040\000D\000E\000C\0003\000\137\000C\000F\000G\000\137\000S\000H\000I\000F\000T}{subsection.7.23.1}% 269
\BOOKMARK [3][-]{subsubsection.7.23.1.80}{\376\377\0007\000.\0002\0003\000.\0001\000.\0008\0000\000\040\000D\000E\000L\000A\000Y\000\137\000E\000S\000\137\000S\000H\000A\000D\000O\000W}{subsection.7.23.1}% 270
\BOOKMARK [3][-]{subsubsection.7.23.1.81}{\376\377\0007\000.\0002\0003\000.\0001\000.\0008\0001\000\040\000D\000E\000L\000A\000Y\000\137\000T\000I\000M\000E\000\137\000E\000N}{subsection.7.23.1}% 271
\BOOKMARK [3][-]{subsubsection.7.23.1.82}{\376\377\0007\000.\0002\0003\000.\0001\000.\0008\0002\000\040\000D\000E\000L\000A\000Y\000\137\000T\000I\000M\000E\000H}{subsection.7.23.1}% 272
\BOOKMARK [3][-]{subsubsection.7.23.1.83}{\376\377\0007\000.\0002\0003\000.\0001\000.\0008\0003\000\040\000D\000E\000L\000A\000Y\000\137\000T\000I\000M\000E\000L}{subsection.7.23.1}% 273
\BOOKMARK [3][-]{subsubsection.7.23.1.84}{\376\377\0007\000.\0002\0003\000.\0001\000.\0008\0004\000\040\000d\000p\000s\0001\0000\0000\0000}{subsection.7.23.1}% 274
\BOOKMARK [3][-]{subsubsection.7.23.1.85}{\376\377\0007\000.\0002\0003\000.\0001\000.\0008\0005\000\040\000d\000p\000s\0002\0000\0000\0000}{subsection.7.23.1}% 275
\BOOKMARK [3][-]{subsubsection.7.23.1.86}{\376\377\0007\000.\0002\0003\000.\0001\000.\0008\0006\000\040\000d\000p\000s\0002\0005\0000}{subsection.7.23.1}% 276
\BOOKMARK [3][-]{subsubsection.7.23.1.87}{\376\377\0007\000.\0002\0003\000.\0001\000.\0008\0007\000\040\000d\000p\000s\0005\0000\0000}{subsection.7.23.1}% 277
\BOOKMARK [3][-]{subsubsection.7.23.1.88}{\376\377\0007\000.\0002\0003\000.\0001\000.\0008\0008\000\040\000E\000n\000h\000a\000n\000c\000e\000d\000R\000e\000g\000u\000l\000a\000r}{subsection.7.23.1}% 278
\BOOKMARK [3][-]{subsubsection.7.23.1.89}{\376\377\0007\000.\0002\0003\000.\0001\000.\0008\0009\000\040\000E\000X\000T\000\137\000S\000L\000V\000\137\000S\000E\000N\000S\000\137\000D\000A\000T\000A\000\137\0000\0000}{subsection.7.23.1}% 279
\BOOKMARK [3][-]{subsubsection.7.23.1.90}{\376\377\0007\000.\0002\0003\000.\0001\000.\0009\0000\000\040\000E\000X\000T\000\137\000S\000L\000V\000\137\000S\000E\000N\000S\000\137\000D\000A\000T\000A\000\137\0002\0003}{subsection.7.23.1}% 280
\BOOKMARK [3][-]{subsubsection.7.23.1.91}{\376\377\0007\000.\0002\0003\000.\0001\000.\0009\0001\000\040\000E\000X\000T\000\137\000S\000Y\000N\000C\000\137\000S\000E\000T\000\137\000M\000A\000S\000K}{subsection.7.23.1}% 281
\BOOKMARK [3][-]{subsubsection.7.23.1.92}{\376\377\0007\000.\0002\0003\000.\0001\000.\0009\0002\000\040\000F\000I\000F\000O\000\137\000C\000F\000G}{subsection.7.23.1}% 282
\BOOKMARK [3][-]{subsubsection.7.23.1.93}{\376\377\0007\000.\0002\0003\000.\0001\000.\0009\0003\000\040\000F\000I\000F\000O\000\137\000C\000O\000U\000N\000T\000H}{subsection.7.23.1}% 283
\BOOKMARK [3][-]{subsubsection.7.23.1.94}{\376\377\0007\000.\0002\0003\000.\0001\000.\0009\0004\000\040\000F\000I\000F\000O\000\137\000C\000O\000U\000N\000T\000L}{subsection.7.23.1}% 284
\BOOKMARK [3][-]{subsubsection.7.23.1.95}{\376\377\0007\000.\0002\0003\000.\0001\000.\0009\0005\000\040\000F\000I\000F\000O\000\137\000E\000N\000\137\0001}{subsection.7.23.1}% 285
\BOOKMARK [3][-]{subsubsection.7.23.1.96}{\376\377\0007\000.\0002\0003\000.\0001\000.\0009\0006\000\040\000F\000I\000F\000O\000\137\000E\000N\000\137\0002}{subsection.7.23.1}% 286
\BOOKMARK [3][-]{subsubsection.7.23.1.97}{\376\377\0007\000.\0002\0003\000.\0001\000.\0009\0007\000\040\000F\000I\000F\000O\000\137\000M\000O\000D\000E}{subsection.7.23.1}% 287
\BOOKMARK [3][-]{subsubsection.7.23.1.98}{\376\377\0007\000.\0002\0003\000.\0001\000.\0009\0008\000\040\000F\000I\000F\000O\000\137\000R\000\137\000W}{subsection.7.23.1}% 288
\BOOKMARK [3][-]{subsubsection.7.23.1.99}{\376\377\0007\000.\0002\0003\000.\0001\000.\0009\0009\000\040\000F\000I\000F\000O\000\137\000R\000S\000T}{subsection.7.23.1}% 289
\BOOKMARK [3][-]{subsubsection.7.23.1.100}{\376\377\0007\000.\0002\0003\000.\0001\000.\0001\0000\0000\000\040\000F\000S\000Y\000N\000C\000\137\000C\000O\000N\000F\000I\000G}{subsection.7.23.1}% 290
\BOOKMARK [3][-]{subsubsection.7.23.1.101}{\376\377\0007\000.\0002\0003\000.\0001\000.\0001\0000\0001\000\040\000F\000S\000Y\000N\000C\000\137\000I\000N\000T\000\137\000M\000O\000D\000E\000\137\000E\000N}{subsection.7.23.1}% 291
\BOOKMARK [3][-]{subsubsection.7.23.1.102}{\376\377\0007\000.\0002\0003\000.\0001\000.\0001\0000\0002\000\040\000g\0001\0006}{subsection.7.23.1}% 292
\BOOKMARK [3][-]{subsubsection.7.23.1.103}{\376\377\0007\000.\0002\0003\000.\0001\000.\0001\0000\0003\000\040\000g\0002}{subsection.7.23.1}% 293
\BOOKMARK [3][-]{subsubsection.7.23.1.104}{\376\377\0007\000.\0002\0003\000.\0001\000.\0001\0000\0004\000\040\000g\0004}{subsection.7.23.1}% 294
\BOOKMARK [3][-]{subsubsection.7.23.1.105}{\376\377\0007\000.\0002\0003\000.\0001\000.\0001\0000\0005\000\040\000g\0008}{subsection.7.23.1}% 295
\BOOKMARK [3][-]{subsubsection.7.23.1.106}{\376\377\0007\000.\0002\0003\000.\0001\000.\0001\0000\0006\000\040\000G\000Y\000R\000O\000\137\000A\000V\000G\000C\000F\000G\000\137\000M\000A\000S\000K}{subsection.7.23.1}% 296
\BOOKMARK [3][-]{subsubsection.7.23.1.107}{\376\377\0007\000.\0002\0003\000.\0001\000.\0001\0000\0007\000\040\000G\000Y\000R\000O\000\137\000A\000V\000G\000C\000F\000G\000\137\000S\000H\000I\000F\000T}{subsection.7.23.1}% 297
\BOOKMARK [3][-]{subsubsection.7.23.1.108}{\376\377\0007\000.\0002\0003\000.\0001\000.\0001\0000\0008\000\040\000G\000Y\000R\000O\000\137\000B\000W\000\137\000M\000E\000D\000I\000U\000M}{subsection.7.23.1}% 298
\BOOKMARK [3][-]{subsubsection.7.23.1.109}{\376\377\0007\000.\0002\0003\000.\0001\000.\0001\0000\0009\000\040\000G\000Y\000R\000O\000\137\000B\000W\000\137\000N\000A\000R\000R\000O\000W}{subsection.7.23.1}% 299
\BOOKMARK [3][-]{subsubsection.7.23.1.110}{\376\377\0007\000.\0002\0003\000.\0001\000.\0001\0001\0000\000\040\000G\000Y\000R\000O\000\137\000B\000W\000\137\000U\000L\000T\000R\000A\000\137\000W\000I\000D\000E}{subsection.7.23.1}% 300
\BOOKMARK [3][-]{subsubsection.7.23.1.111}{\376\377\0007\000.\0002\0003\000.\0001\000.\0001\0001\0001\000\040\000G\000Y\000R\000O\000\137\000B\000W\000\137\000W\000I\000D\000E}{subsection.7.23.1}% 301
\BOOKMARK [3][-]{subsubsection.7.23.1.112}{\376\377\0007\000.\0002\0003\000.\0001\000.\0001\0001\0002\000\040\000G\000Y\000R\000O\000\137\000C\000O\000N\000F\000I\000G\000\137\0001}{subsection.7.23.1}% 302
\BOOKMARK [3][-]{subsubsection.7.23.1.113}{\376\377\0007\000.\0002\0003\000.\0001\000.\0001\0001\0003\000\040\000G\000Y\000R\000O\000\137\000C\000O\000N\000F\000I\000G\000\137\0002}{subsection.7.23.1}% 303
\BOOKMARK [3][-]{subsubsection.7.23.1.114}{\376\377\0007\000.\0002\0003\000.\0001\000.\0001\0001\0004\000\040\000G\000Y\000R\000O\000\137\000D\000L\000P\000F\000\137\000B\000A\000S\000E\000\137\000H\000Z}{subsection.7.23.1}% 304
\BOOKMARK [3][-]{subsubsection.7.23.1.115}{\376\377\0007\000.\0002\0003\000.\0001\000.\0001\0001\0005\000\040\000G\000Y\000R\000O\000\137\000D\000L\000P\000F\000\137\000O\000D\000R\000\137\000H\000Z}{subsection.7.23.1}% 305
\BOOKMARK [3][-]{subsubsection.7.23.1.116}{\376\377\0007\000.\0002\0003\000.\0001\000.\0001\0001\0006\000\040\000G\000Y\000R\000O\000\137\000D\000L\000P\000F\000C\000F\000G\000\137\0000}{subsection.7.23.1}% 306
\BOOKMARK [3][-]{subsubsection.7.23.1.117}{\376\377\0007\000.\0002\0003\000.\0001\000.\0001\0001\0007\000\040\000G\000Y\000R\000O\000\137\000D\000L\000P\000F\000C\000F\000G\000\137\0001}{subsection.7.23.1}% 307
\BOOKMARK [3][-]{subsubsection.7.23.1.118}{\376\377\0007\000.\0002\0003\000.\0001\000.\0001\0001\0008\000\040\000G\000Y\000R\000O\000\137\000D\000L\000P\000F\000C\000F\000G\000\137\0002}{subsection.7.23.1}% 308
\BOOKMARK [3][-]{subsubsection.7.23.1.119}{\376\377\0007\000.\0002\0003\000.\0001\000.\0001\0001\0009\000\040\000G\000Y\000R\000O\000\137\000D\000L\000P\000F\000C\000F\000G\000\137\0003}{subsection.7.23.1}% 309
\BOOKMARK [3][-]{subsubsection.7.23.1.120}{\376\377\0007\000.\0002\0003\000.\0001\000.\0001\0002\0000\000\040\000G\000Y\000R\000O\000\137\000D\000L\000P\000F\000C\000F\000G\000\137\0004}{subsection.7.23.1}% 310
\BOOKMARK [3][-]{subsubsection.7.23.1.121}{\376\377\0007\000.\0002\0003\000.\0001\000.\0001\0002\0001\000\040\000G\000Y\000R\000O\000\137\000D\000L\000P\000F\000C\000F\000G\000\137\0005}{subsection.7.23.1}% 311
\BOOKMARK [3][-]{subsubsection.7.23.1.122}{\376\377\0007\000.\0002\0003\000.\0001\000.\0001\0002\0002\000\040\000G\000Y\000R\000O\000\137\000D\000L\000P\000F\000C\000F\000G\000\137\0006}{subsection.7.23.1}% 312
\BOOKMARK [3][-]{subsubsection.7.23.1.123}{\376\377\0007\000.\0002\0003\000.\0001\000.\0001\0002\0003\000\040\000G\000Y\000R\000O\000\137\000D\000L\000P\000F\000C\000F\000G\000\137\0007}{subsection.7.23.1}% 313
\BOOKMARK [3][-]{subsubsection.7.23.1.124}{\376\377\0007\000.\0002\0003\000.\0001\000.\0001\0002\0004\000\040\000G\000Y\000R\000O\000\137\000D\000L\000P\000F\000C\000F\000G\000\137\000M\000A\000S\000K}{subsection.7.23.1}% 314
\BOOKMARK [3][-]{subsubsection.7.23.1.125}{\376\377\0007\000.\0002\0003\000.\0001\000.\0001\0002\0005\000\040\000G\000Y\000R\000O\000\137\000D\000L\000P\000F\000C\000F\000G\000\137\000S\000H\000I\000F\000T}{subsection.7.23.1}% 315
\BOOKMARK [3][-]{subsubsection.7.23.1.126}{\376\377\0007\000.\0002\0003\000.\0001\000.\0001\0002\0006\000\040\000G\000Y\000R\000O\000\137\000F\000C\000H\000O\000I\000C\000E}{subsection.7.23.1}% 316
\BOOKMARK [3][-]{subsubsection.7.23.1.127}{\376\377\0007\000.\0002\0003\000.\0001\000.\0001\0002\0007\000\040\000G\000Y\000R\000O\000\137\000F\000C\000H\000O\000I\000C\000E\000\137\000B\000Y\000P\000A\000S\000S}{subsection.7.23.1}% 317
\BOOKMARK [3][-]{subsubsection.7.23.1.128}{\376\377\0007\000.\0002\0003\000.\0001\000.\0001\0002\0008\000\040\000G\000Y\000R\000O\000\137\000F\000C\000H\000O\000I\000C\000E\000\137\000D\000L\000P\000F}{subsection.7.23.1}% 318
\BOOKMARK [3][-]{subsubsection.7.23.1.129}{\376\377\0007\000.\0002\0003\000.\0001\000.\0001\0002\0009\000\040\000G\000Y\000R\000O\000\137\000F\000S\000\137\0001\0000\0000\0000\000D\000P\000S}{subsection.7.23.1}% 319
\BOOKMARK [3][-]{subsubsection.7.23.1.130}{\376\377\0007\000.\0002\0003\000.\0001\000.\0001\0003\0000\000\040\000G\000Y\000R\000O\000\137\000F\000S\000\137\0002\0000\0000\0000\000D\000P\000S}{subsection.7.23.1}% 320
\BOOKMARK [3][-]{subsubsection.7.23.1.131}{\376\377\0007\000.\0002\0003\000.\0001\000.\0001\0003\0001\000\040\000G\000Y\000R\000O\000\137\000F\000S\000\137\0002\0005\0000\000D\000P\000S}{subsection.7.23.1}% 321
\BOOKMARK [3][-]{subsubsection.7.23.1.132}{\376\377\0007\000.\0002\0003\000.\0001\000.\0001\0003\0002\000\040\000G\000Y\000R\000O\000\137\000F\000S\000\137\0005\0000\0000\000D\000P\000S}{subsection.7.23.1}% 322
\BOOKMARK [3][-]{subsubsection.7.23.1.133}{\376\377\0007\000.\0002\0003\000.\0001\000.\0001\0003\0003\000\040\000G\000Y\000R\000O\000\137\000F\000S\000\137\000S\000E\000L\000\137\000M\000A\000S\000K}{subsection.7.23.1}% 323
\BOOKMARK [3][-]{subsubsection.7.23.1.134}{\376\377\0007\000.\0002\0003\000.\0001\000.\0001\0003\0004\000\040\000G\000Y\000R\000O\000\137\000F\000S\000\137\000S\000E\000L\000\137\000S\000H\000I\000F\000T}{subsection.7.23.1}% 324
\BOOKMARK [3][-]{subsubsection.7.23.1.135}{\376\377\0007\000.\0002\0003\000.\0001\000.\0001\0003\0005\000\040\000G\000Y\000R\000O\000\137\000S\000M\000P\000L\000R\000T\000\137\000D\000I\000V}{subsection.7.23.1}% 325
\BOOKMARK [3][-]{subsubsection.7.23.1.136}{\376\377\0007\000.\0002\0003\000.\0001\000.\0001\0003\0006\000\040\000G\000Y\000R\000O\000\137\000S\000M\000P\000L\000R\000T\000\137\000M\000I\000N\000\137\000H\000Z}{subsection.7.23.1}% 326
\BOOKMARK [3][-]{subsubsection.7.23.1.137}{\376\377\0007\000.\0002\0003\000.\0001\000.\0001\0003\0007\000\040\000G\000Y\000R\000O\000\137\000X\000O\000U\000T\000\137\000H}{subsection.7.23.1}% 327
\BOOKMARK [3][-]{subsubsection.7.23.1.138}{\376\377\0007\000.\0002\0003\000.\0001\000.\0001\0003\0008\000\040\000G\000Y\000R\000O\000\137\000X\000O\000U\000T\000\137\000L}{subsection.7.23.1}% 328
\BOOKMARK [3][-]{subsubsection.7.23.1.139}{\376\377\0007\000.\0002\0003\000.\0001\000.\0001\0003\0009\000\040\000G\000Y\000R\000O\000\137\000Y\000O\000U\000T\000\137\000H}{subsection.7.23.1}% 329
\BOOKMARK [3][-]{subsubsection.7.23.1.140}{\376\377\0007\000.\0002\0003\000.\0001\000.\0001\0004\0000\000\040\000G\000Y\000R\000O\000\137\000Y\000O\000U\000T\000\137\000L}{subsection.7.23.1}% 330
\BOOKMARK [3][-]{subsubsection.7.23.1.141}{\376\377\0007\000.\0002\0003\000.\0001\000.\0001\0004\0001\000\040\000G\000Y\000R\000O\000\137\000Z\000O\000U\000T\000\137\000H}{subsection.7.23.1}% 331
\BOOKMARK [3][-]{subsubsection.7.23.1.142}{\376\377\0007\000.\0002\0003\000.\0001\000.\0001\0004\0002\000\040\000G\000Y\000R\000O\000\137\000Z\000O\000U\000T\000\137\000L}{subsection.7.23.1}% 332
\BOOKMARK [3][-]{subsubsection.7.23.1.143}{\376\377\0007\000.\0002\0003\000.\0001\000.\0001\0004\0003\000\040\000H\000i\000g\000h\000A\000c\000c\000u\000r\000a\000c\000y}{subsection.7.23.1}% 333
\BOOKMARK [3][-]{subsubsection.7.23.1.144}{\376\377\0007\000.\0002\0003\000.\0001\000.\0001\0004\0004\000\040\000H\000z\0001\0000}{subsection.7.23.1}% 334
\BOOKMARK [3][-]{subsubsection.7.23.1.145}{\376\377\0007\000.\0002\0003\000.\0001\000.\0001\0004\0005\000\040\000H\000z\0001\0005}{subsection.7.23.1}% 335
\BOOKMARK [3][-]{subsubsection.7.23.1.146}{\376\377\0007\000.\0002\0003\000.\0001\000.\0001\0004\0006\000\040\000H\000z\0002}{subsection.7.23.1}% 336
\BOOKMARK [3][-]{subsubsection.7.23.1.147}{\376\377\0007\000.\0002\0003\000.\0001\000.\0001\0004\0007\000\040\000H\000z\0002\0000}{subsection.7.23.1}% 337
\BOOKMARK [3][-]{subsubsection.7.23.1.148}{\376\377\0007\000.\0002\0003\000.\0001\000.\0001\0004\0008\000\040\000H\000z\0002\0005}{subsection.7.23.1}% 338
\BOOKMARK [3][-]{subsubsection.7.23.1.149}{\376\377\0007\000.\0002\0003\000.\0001\000.\0001\0004\0009\000\040\000H\000z\0003\0000}{subsection.7.23.1}% 339
\BOOKMARK [3][-]{subsubsection.7.23.1.150}{\376\377\0007\000.\0002\0003\000.\0001\000.\0001\0005\0000\000\040\000H\000z\0006}{subsection.7.23.1}% 340
\BOOKMARK [3][-]{subsubsection.7.23.1.151}{\376\377\0007\000.\0002\0003\000.\0001\000.\0001\0005\0001\000\040\000H\000z\0008}{subsection.7.23.1}% 341
\BOOKMARK [3][-]{subsubsection.7.23.1.152}{\376\377\0007\000.\0002\0003\000.\0001\000.\0001\0005\0002\000\040\000I\0002\000C\000\137\000M\000S\000T\000\137\000C\000L\000K\000\137\000M\000A\000S\000K}{subsection.7.23.1}% 342
\BOOKMARK [3][-]{subsubsection.7.23.1.153}{\376\377\0007\000.\0002\0003\000.\0001\000.\0001\0005\0003\000\040\000I\0002\000C\000\137\000M\000S\000T\000\137\000C\000T\000R\000L}{subsection.7.23.1}% 343
\BOOKMARK [3][-]{subsubsection.7.23.1.154}{\376\377\0007\000.\0002\0003\000.\0001\000.\0001\0005\0004\000\040\000I\0002\000C\000\137\000M\000S\000T\000\137\000D\000E\000L\000A\000Y\000\137\000C\000T\000R\000L}{subsection.7.23.1}% 344
\BOOKMARK [3][-]{subsubsection.7.23.1.155}{\376\377\0007\000.\0002\0003\000.\0001\000.\0001\0005\0005\000\040\000I\0002\000C\000\137\000M\000S\000T\000\137\000O\000D\000R\000\137\000C\000O\000N\000F\000I\000G}{subsection.7.23.1}% 345
\BOOKMARK [3][-]{subsubsection.7.23.1.156}{\376\377\0007\000.\0002\0003\000.\0001\000.\0001\0005\0006\000\040\000I\0002\000C\000\137\000M\000S\000T\000\137\000P\000\137\000N\000S\000R}{subsection.7.23.1}% 346
\BOOKMARK [3][-]{subsubsection.7.23.1.157}{\376\377\0007\000.\0002\0003\000.\0001\000.\0001\0005\0007\000\040\000I\0002\000C\000\137\000M\000S\000T\000\137\000S\000T\000A\000T\000U\000S}{subsection.7.23.1}% 347
\BOOKMARK [3][-]{subsubsection.7.23.1.158}{\376\377\0007\000.\0002\0003\000.\0001\000.\0001\0005\0008\000\040\000I\0002\000C\000\137\000S\000L\000V\0000\000\137\000A\000D\000D\000R}{subsection.7.23.1}% 348
\BOOKMARK [3][-]{subsubsection.7.23.1.159}{\376\377\0007\000.\0002\0003\000.\0001\000.\0001\0005\0009\000\040\000I\0002\000C\000\137\000S\000L\000V\0000\000\137\000C\000T\000R\000L}{subsection.7.23.1}% 349
\BOOKMARK [3][-]{subsubsection.7.23.1.160}{\376\377\0007\000.\0002\0003\000.\0001\000.\0001\0006\0000\000\040\000I\0002\000C\000\137\000S\000L\000V\0000\000\137\000D\000E\000L\000A\000Y\000\137\000E\000N}{subsection.7.23.1}% 350
\BOOKMARK [3][-]{subsubsection.7.23.1.161}{\376\377\0007\000.\0002\0003\000.\0001\000.\0001\0006\0001\000\040\000I\0002\000C\000\137\000S\000L\000V\0000\000\137\000D\000O}{subsection.7.23.1}% 351
\BOOKMARK [3][-]{subsubsection.7.23.1.162}{\376\377\0007\000.\0002\0003\000.\0001\000.\0001\0006\0002\000\040\000I\0002\000C\000\137\000S\000L\000V\0000\000\137\000R\000E\000G}{subsection.7.23.1}% 352
\BOOKMARK [3][-]{subsubsection.7.23.1.163}{\376\377\0007\000.\0002\0003\000.\0001\000.\0001\0006\0003\000\040\000I\0002\000C\000\137\000S\000L\000V\0001\000\137\000A\000D\000D\000R}{subsection.7.23.1}% 353
\BOOKMARK [3][-]{subsubsection.7.23.1.164}{\376\377\0007\000.\0002\0003\000.\0001\000.\0001\0006\0004\000\040\000I\0002\000C\000\137\000S\000L\000V\0001\000\137\000C\000T\000R\000L}{subsection.7.23.1}% 354
\BOOKMARK [3][-]{subsubsection.7.23.1.165}{\376\377\0007\000.\0002\0003\000.\0001\000.\0001\0006\0005\000\040\000I\0002\000C\000\137\000S\000L\000V\0001\000\137\000D\000E\000L\000A\000Y\000\137\000E\000N}{subsection.7.23.1}% 355
\BOOKMARK [3][-]{subsubsection.7.23.1.166}{\376\377\0007\000.\0002\0003\000.\0001\000.\0001\0006\0006\000\040\000I\0002\000C\000\137\000S\000L\000V\0001\000\137\000D\000O}{subsection.7.23.1}% 356
\BOOKMARK [3][-]{subsubsection.7.23.1.167}{\376\377\0007\000.\0002\0003\000.\0001\000.\0001\0006\0007\000\040\000I\0002\000C\000\137\000S\000L\000V\0001\000\137\000R\000E\000G}{subsection.7.23.1}% 357
\BOOKMARK [3][-]{subsubsection.7.23.1.168}{\376\377\0007\000.\0002\0003\000.\0001\000.\0001\0006\0008\000\040\000I\0002\000C\000\137\000S\000L\000V\0002\000\137\000A\000D\000D\000R}{subsection.7.23.1}% 358
\BOOKMARK [3][-]{subsubsection.7.23.1.169}{\376\377\0007\000.\0002\0003\000.\0001\000.\0001\0006\0009\000\040\000I\0002\000C\000\137\000S\000L\000V\0002\000\137\000C\000T\000R\000L}{subsection.7.23.1}% 359
\BOOKMARK [3][-]{subsubsection.7.23.1.170}{\376\377\0007\000.\0002\0003\000.\0001\000.\0001\0007\0000\000\040\000I\0002\000C\000\137\000S\000L\000V\0002\000\137\000D\000E\000L\000A\000Y\000\137\000E\000N}{subsection.7.23.1}% 360
\BOOKMARK [3][-]{subsubsection.7.23.1.171}{\376\377\0007\000.\0002\0003\000.\0001\000.\0001\0007\0001\000\040\000I\0002\000C\000\137\000S\000L\000V\0002\000\137\000D\000O}{subsection.7.23.1}% 361
\BOOKMARK [3][-]{subsubsection.7.23.1.172}{\376\377\0007\000.\0002\0003\000.\0001\000.\0001\0007\0002\000\040\000I\0002\000C\000\137\000S\000L\000V\0002\000\137\000R\000E\000G}{subsection.7.23.1}% 362
\BOOKMARK [3][-]{subsubsection.7.23.1.173}{\376\377\0007\000.\0002\0003\000.\0001\000.\0001\0007\0003\000\040\000I\0002\000C\000\137\000S\000L\000V\0003\000\137\000A\000D\000D\000R}{subsection.7.23.1}% 363
\BOOKMARK [3][-]{subsubsection.7.23.1.174}{\376\377\0007\000.\0002\0003\000.\0001\000.\0001\0007\0004\000\040\000I\0002\000C\000\137\000S\000L\000V\0003\000\137\000C\000T\000R\000L}{subsection.7.23.1}% 364
\BOOKMARK [3][-]{subsubsection.7.23.1.175}{\376\377\0007\000.\0002\0003\000.\0001\000.\0001\0007\0005\000\040\000I\0002\000C\000\137\000S\000L\000V\0003\000\137\000D\000E\000L\000A\000Y\000\137\000E\000N}{subsection.7.23.1}% 365
\BOOKMARK [3][-]{subsubsection.7.23.1.176}{\376\377\0007\000.\0002\0003\000.\0001\000.\0001\0007\0006\000\040\000I\0002\000C\000\137\000S\000L\000V\0003\000\137\000D\000O}{subsection.7.23.1}% 366
\BOOKMARK [3][-]{subsubsection.7.23.1.177}{\376\377\0007\000.\0002\0003\000.\0001\000.\0001\0007\0007\000\040\000I\0002\000C\000\137\000S\000L\000V\0003\000\137\000R\000E\000G}{subsection.7.23.1}% 367
\BOOKMARK [3][-]{subsubsection.7.23.1.178}{\376\377\0007\000.\0002\0003\000.\0001\000.\0001\0007\0008\000\040\000I\0002\000C\000\137\000S\000L\000V\0004\000\137\000A\000D\000D\000R}{subsection.7.23.1}% 368
\BOOKMARK [3][-]{subsubsection.7.23.1.179}{\376\377\0007\000.\0002\0003\000.\0001\000.\0001\0007\0009\000\040\000I\0002\000C\000\137\000S\000L\000V\0004\000\137\000C\000T\000R\000L}{subsection.7.23.1}% 369
\BOOKMARK [3][-]{subsubsection.7.23.1.180}{\376\377\0007\000.\0002\0003\000.\0001\000.\0001\0008\0000\000\040\000I\0002\000C\000\137\000S\000L\000V\0004\000\137\000D\000E\000L\000A\000Y\000\137\000E\000N}{subsection.7.23.1}% 370
\BOOKMARK [3][-]{subsubsection.7.23.1.181}{\376\377\0007\000.\0002\0003\000.\0001\000.\0001\0008\0001\000\040\000I\0002\000C\000\137\000S\000L\000V\0004\000\137\000D\000I}{subsection.7.23.1}% 371
\BOOKMARK [3][-]{subsubsection.7.23.1.182}{\376\377\0007\000.\0002\0003\000.\0001\000.\0001\0008\0002\000\040\000I\0002\000C\000\137\000S\000L\000V\0004\000\137\000D\000L\000Y\000\137\000M\000A\000S\000K}{subsection.7.23.1}% 372
\BOOKMARK [3][-]{subsubsection.7.23.1.183}{\376\377\0007\000.\0002\0003\000.\0001\000.\0001\0008\0003\000\040\000I\0002\000C\000\137\000S\000L\000V\0004\000\137\000D\000O}{subsection.7.23.1}% 373
\BOOKMARK [3][-]{subsubsection.7.23.1.184}{\376\377\0007\000.\0002\0003\000.\0001\000.\0001\0008\0004\000\040\000I\0002\000C\000\137\000S\000L\000V\0004\000\137\000R\000E\000G}{subsection.7.23.1}% 374
\BOOKMARK [3][-]{subsubsection.7.23.1.185}{\376\377\0007\000.\0002\0003\000.\0001\000.\0001\0008\0005\000\040\000I\0002\000C\000\137\000S\000L\000V\000x\000\137\000B\000Y\000T\000E\000\137\000S\000W}{subsection.7.23.1}% 375
\BOOKMARK [3][-]{subsubsection.7.23.1.186}{\376\377\0007\000.\0002\0003\000.\0001\000.\0001\0008\0006\000\040\000I\0002\000C\000\137\000S\000L\000V\000x\000\137\000E\000N}{subsection.7.23.1}% 376
\BOOKMARK [3][-]{subsubsection.7.23.1.187}{\376\377\0007\000.\0002\0003\000.\0001\000.\0001\0008\0007\000\040\000I\0002\000C\000\137\000S\000L\000V\000x\000\137\000G\000R\000P}{subsection.7.23.1}% 377
\BOOKMARK [3][-]{subsubsection.7.23.1.188}{\376\377\0007\000.\0002\0003\000.\0001\000.\0001\0008\0008\000\040\000I\0002\000C\000\137\000S\000L\000V\000x\000\137\000L\000E\000N\000G\000\137\000M\000A\000S\000K}{subsection.7.23.1}% 378
\BOOKMARK [3][-]{subsubsection.7.23.1.189}{\376\377\0007\000.\0002\0003\000.\0001\000.\0001\0008\0009\000\040\000I\0002\000C\000\137\000S\000L\000V\000x\000\137\000R\000E\000G\000\137\000D\000I\000S}{subsection.7.23.1}% 379
\BOOKMARK [3][-]{subsubsection.7.23.1.190}{\376\377\0007\000.\0002\0003\000.\0001\000.\0001\0009\0000\000\040\000I\0002\000C\000\137\000S\000L\000V\000x\000\137\000R\000N\000W}{subsection.7.23.1}% 380
\BOOKMARK [3][-]{subsubsection.7.23.1.191}{\376\377\0007\000.\0002\0003\000.\0001\000.\0001\0009\0001\000\040\000I\000N\000T\0001\000\137\000A\000C\000T\000L}{subsection.7.23.1}% 381
\BOOKMARK [3][-]{subsubsection.7.23.1.192}{\376\377\0007\000.\0002\0003\000.\0001\000.\0001\0009\0002\000\040\000I\000N\000T\0001\000\137\000L\000A\000T\000C\000H\000\137\000I\000N\000T\000\137\000E\000N}{subsection.7.23.1}% 382
\BOOKMARK [3][-]{subsubsection.7.23.1.193}{\376\377\0007\000.\0002\0003\000.\0001\000.\0001\0009\0003\000\040\000I\000N\000T\0001\000\137\000O\000P\000E\000N}{subsection.7.23.1}% 383
\BOOKMARK [3][-]{subsubsection.7.23.1.194}{\376\377\0007\000.\0002\0003\000.\0001\000.\0001\0009\0004\000\040\000I\000N\000T\000\137\000A\000C\000T\000L\000\137\000F\000S\000Y\000N\000C}{subsection.7.23.1}% 384
\BOOKMARK [3][-]{subsubsection.7.23.1.195}{\376\377\0007\000.\0002\0003\000.\0001\000.\0001\0009\0005\000\040\000I\000N\000T\000\137\000A\000N\000Y\000R\000D\000\137\0002\000C\000L\000E\000A\000R}{subsection.7.23.1}% 385
\BOOKMARK [3][-]{subsubsection.7.23.1.196}{\376\377\0007\000.\0002\0003\000.\0001\000.\0001\0009\0006\000\040\000I\000N\000T\000\137\000D\000M\000P\000\137\000I\000N\000T\0001\000\137\000E\000N}{subsection.7.23.1}% 386
\BOOKMARK [3][-]{subsubsection.7.23.1.197}{\376\377\0007\000.\0002\0003\000.\0001\000.\0001\0009\0007\000\040\000I\000N\000T\000\137\000E\000N\000A\000B\000L\000E}{subsection.7.23.1}% 387
\BOOKMARK [3][-]{subsubsection.7.23.1.198}{\376\377\0007\000.\0002\0003\000.\0001\000.\0001\0009\0008\000\040\000I\000N\000T\000\137\000E\000N\000A\000B\000L\000E\000\137\0001}{subsection.7.23.1}% 388
\BOOKMARK [3][-]{subsubsection.7.23.1.199}{\376\377\0007\000.\0002\0003\000.\0001\000.\0001\0009\0009\000\040\000I\000N\000T\000\137\000E\000N\000A\000B\000L\000E\000\137\0002}{subsection.7.23.1}% 389
\BOOKMARK [3][-]{subsubsection.7.23.1.200}{\376\377\0007\000.\0002\0003\000.\0001\000.\0002\0000\0000\000\040\000I\000N\000T\000\137\000E\000N\000A\000B\000L\000E\000\137\0003}{subsection.7.23.1}% 390
\BOOKMARK [3][-]{subsubsection.7.23.1.201}{\376\377\0007\000.\0002\0003\000.\0001\000.\0002\0000\0001\000\040\000I\000N\000T\000\137\000I\0002\000C\000\137\000M\000S\000T\000\137\000I\000N\000T\000\137\000E\000N}{subsection.7.23.1}% 391
\BOOKMARK [3][-]{subsubsection.7.23.1.202}{\376\377\0007\000.\0002\0003\000.\0001\000.\0002\0000\0002\000\040\000I\000N\000T\000\137\000P\000I\000N\000\137\000C\000F\000G}{subsection.7.23.1}% 392
\BOOKMARK [3][-]{subsubsection.7.23.1.203}{\376\377\0007\000.\0002\0003\000.\0001\000.\0002\0000\0003\000\040\000I\000N\000T\000\137\000P\000L\000L\000\137\000R\000D\000Y\000\137\000E\000N}{subsection.7.23.1}% 393
\BOOKMARK [3][-]{subsubsection.7.23.1.204}{\376\377\0007\000.\0002\0003\000.\0001\000.\0002\0000\0004\000\040\000I\000N\000T\000\137\000R\000A\000W\000\137\000D\000A\000T\000A\000\137\0000\000\137\000R\000D\000Y\000\137\000E\000N}{subsection.7.23.1}% 394
\BOOKMARK [3][-]{subsubsection.7.23.1.205}{\376\377\0007\000.\0002\0003\000.\0001\000.\0002\0000\0005\000\040\000I\000N\000T\000\137\000R\000E\000G\000\137\000W\000O\000F\000\137\000E\000N}{subsection.7.23.1}% 395
\BOOKMARK [3][-]{subsubsection.7.23.1.206}{\376\377\0007\000.\0002\0003\000.\0001\000.\0002\0000\0006\000\040\000I\000N\000T\000\137\000S\000T\000A\000T\000U\000S}{subsection.7.23.1}% 396
\BOOKMARK [3][-]{subsubsection.7.23.1.207}{\376\377\0007\000.\0002\0003\000.\0001\000.\0002\0000\0007\000\040\000I\000N\000T\000\137\000S\000T\000A\000T\000U\000S\000\137\0001}{subsection.7.23.1}% 397
\BOOKMARK [3][-]{subsubsection.7.23.1.208}{\376\377\0007\000.\0002\0003\000.\0001\000.\0002\0000\0008\000\040\000I\000N\000T\000\137\000S\000T\000A\000T\000U\000S\000\137\0002}{subsection.7.23.1}% 398
\BOOKMARK [3][-]{subsubsection.7.23.1.209}{\376\377\0007\000.\0002\0003\000.\0001\000.\0002\0000\0009\000\040\000I\000N\000T\000\137\000S\000T\000A\000T\000U\000S\000\137\0003}{subsection.7.23.1}% 399
\BOOKMARK [3][-]{subsubsection.7.23.1.210}{\376\377\0007\000.\0002\0003\000.\0001\000.\0002\0001\0000\000\040\000I\000N\000T\000\137\000W\000O\000M\000\137\000I\000N\000T\000\137\000E\000N}{subsection.7.23.1}% 400
\BOOKMARK [3][-]{subsubsection.7.23.1.211}{\376\377\0007\000.\0002\0003\000.\0001\000.\0002\0001\0001\000\040\000I\000N\000T\000E\000R\000N\000A\000L\000\137\0002\0000\000M\000H\000Z}{subsection.7.23.1}% 401
\BOOKMARK [3][-]{subsubsection.7.23.1.212}{\376\377\0007\000.\0002\0003\000.\0001\000.\0002\0001\0002\000\040\000L\000o\000w\000P\000o\000w\000e\000r}{subsection.7.23.1}% 402
\BOOKMARK [3][-]{subsubsection.7.23.1.213}{\376\377\0007\000.\0002\0003\000.\0001\000.\0002\0001\0003\000\040\000L\000P\000\137\000A\000C\000C\000E\000L\000\137\000C\000Y\000C\000L\000E}{subsection.7.23.1}% 403
\BOOKMARK [3][-]{subsubsection.7.23.1.214}{\376\377\0007\000.\0002\0003\000.\0001\000.\0002\0001\0004\000\040\000L\000P\000\137\000C\000O\000N\000F\000I\000G}{subsection.7.23.1}% 404
\BOOKMARK [3][-]{subsubsection.7.23.1.215}{\376\377\0007\000.\0002\0003\000.\0001\000.\0002\0001\0005\000\040\000L\000P\000\137\000G\000Y\000R\000O\000\137\000C\000Y\000C\000L\000E}{subsection.7.23.1}% 405
\BOOKMARK [3][-]{subsubsection.7.23.1.216}{\376\377\0007\000.\0002\0003\000.\0001\000.\0002\0001\0006\000\040\000L\000P\000\137\000I\0002\000C\000\137\000M\000S\000T\000\137\000C\000Y\000C\000L\000E}{subsection.7.23.1}% 406
\BOOKMARK [3][-]{subsubsection.7.23.1.217}{\376\377\0007\000.\0002\0003\000.\0001\000.\0002\0001\0007\000\040\000M\000O\000D\000\137\000C\000T\000R\000L\000\137\000U\000S\000R}{subsection.7.23.1}% 407
\BOOKMARK [3][-]{subsubsection.7.23.1.218}{\376\377\0007\000.\0002\0003\000.\0001\000.\0002\0001\0008\000\040\000M\000S\000T\000\137\000L\000O\000S\000T\000\137\000A\000R\000B}{subsection.7.23.1}% 408
\BOOKMARK [3][-]{subsubsection.7.23.1.219}{\376\377\0007\000.\0002\0003\000.\0001\000.\0002\0001\0009\000\040\000M\000S\000T\000\137\000O\000D\000R\000\137\000C\000F\000G\000\137\000M\000A\000S\000K}{subsection.7.23.1}% 409
\BOOKMARK [3][-]{subsubsection.7.23.1.220}{\376\377\0007\000.\0002\0003\000.\0001\000.\0002\0002\0000\000\040\000M\000S\000T\000\137\000P\000A\000S\000S\000\137\000T\000H\000R\000O\000U\000G\000H}{subsection.7.23.1}% 410
\BOOKMARK [3][-]{subsubsection.7.23.1.221}{\376\377\0007\000.\0002\0003\000.\0001\000.\0002\0002\0001\000\040\000M\000S\000T\000\137\000S\000L\000V\0000\000\137\000N\000A\000C\000K}{subsection.7.23.1}% 411
\BOOKMARK [3][-]{subsubsection.7.23.1.222}{\376\377\0007\000.\0002\0003\000.\0001\000.\0002\0002\0002\000\040\000M\000S\000T\000\137\000S\000L\000V\0001\000\137\000N\000A\000C\000K}{subsection.7.23.1}% 412
\BOOKMARK [3][-]{subsubsection.7.23.1.223}{\376\377\0007\000.\0002\0003\000.\0001\000.\0002\0002\0003\000\040\000M\000S\000T\000\137\000S\000L\000V\0002\000\137\000N\000A\000C\000K}{subsection.7.23.1}% 413
\BOOKMARK [3][-]{subsubsection.7.23.1.224}{\376\377\0007\000.\0002\0003\000.\0001\000.\0002\0002\0004\000\040\000M\000S\000T\000\137\000S\000L\000V\0003\000\137\000N\000A\000C\000K}{subsection.7.23.1}% 414
\BOOKMARK [3][-]{subsubsection.7.23.1.225}{\376\377\0007\000.\0002\0003\000.\0001\000.\0002\0002\0005\000\040\000M\000S\000T\000\137\000S\000L\000V\0004\000\137\000D\000O\000N\000E}{subsection.7.23.1}% 415
\BOOKMARK [3][-]{subsubsection.7.23.1.226}{\376\377\0007\000.\0002\0003\000.\0001\000.\0002\0002\0006\000\040\000M\000S\000T\000\137\000S\000L\000V\0004\000\137\000N\000A\000C\000K}{subsection.7.23.1}% 416
\BOOKMARK [3][-]{subsubsection.7.23.1.227}{\376\377\0007\000.\0002\0003\000.\0001\000.\0002\0002\0007\000\040\000M\000U\000L\000T\000\137\000M\000S\000T\000\137\000E\000N}{subsection.7.23.1}% 417
\BOOKMARK [3][-]{subsubsection.7.23.1.228}{\376\377\0007\000.\0002\0003\000.\0001\000.\0002\0002\0008\000\040\000O\000D\000R\000\137\000A\000L\000I\000G\000N\000\137\000E\000N}{subsection.7.23.1}% 418
\BOOKMARK [3][-]{subsubsection.7.23.1.229}{\376\377\0007\000.\0002\0003\000.\0001\000.\0002\0002\0009\000\040\000O\000D\000R\000\137\000A\000L\000I\000G\000N\000\137\000E\000N\000\137\000B\000I\000T}{subsection.7.23.1}% 419
\BOOKMARK [3][-]{subsubsection.7.23.1.230}{\376\377\0007\000.\0002\0003\000.\0001\000.\0002\0003\0000\000\040\000P\000W\000R\000\137\000C\000L\000K\000S\000E\000L\000\137\000A\000U\000T\000O}{subsection.7.23.1}% 420
\BOOKMARK [3][-]{subsubsection.7.23.1.231}{\376\377\0007\000.\0002\0003\000.\0001\000.\0002\0003\0001\000\040\000P\000W\000R\000\137\000C\000L\000K\000S\000E\000L\000\137\000I\000N\000T\000\137\0002\0000\000M\000H\000Z}{subsection.7.23.1}% 421
\BOOKMARK [3][-]{subsubsection.7.23.1.232}{\376\377\0007\000.\0002\0003\000.\0001\000.\0002\0003\0002\000\040\000P\000W\000R\000\137\000C\000L\000K\000S\000E\000L\000\137\000M\000A\000S\000K}{subsection.7.23.1}% 422
\BOOKMARK [3][-]{subsubsection.7.23.1.233}{\376\377\0007\000.\0002\0003\000.\0001\000.\0002\0003\0003\000\040\000P\000W\000R\000\137\000D\000E\000V\000I\000C\000E\000\137\000R\000E\000S\000E\000T}{subsection.7.23.1}% 423
\BOOKMARK [3][-]{subsubsection.7.23.1.234}{\376\377\0007\000.\0002\0003\000.\0001\000.\0002\0003\0004\000\040\000P\000W\000R\000\137\000D\000I\000S\000A\000B\000L\000E\000\137\000A\000C\000C\000E\000L}{subsection.7.23.1}% 424
\BOOKMARK [3][-]{subsubsection.7.23.1.235}{\376\377\0007\000.\0002\0003\000.\0001\000.\0002\0003\0005\000\040\000P\000W\000R\000\137\000D\000I\000S\000A\000B\000L\000E\000\137\000G\000Y\000R\000O}{subsection.7.23.1}% 425
\BOOKMARK [3][-]{subsubsection.7.23.1.236}{\376\377\0007\000.\0002\0003\000.\0001\000.\0002\0003\0006\000\040\000P\000W\000R\000\137\000L\000P\000\137\000E\000N}{subsection.7.23.1}% 426
\BOOKMARK [3][-]{subsubsection.7.23.1.237}{\376\377\0007\000.\0002\0003\000.\0001\000.\0002\0003\0007\000\040\000P\000W\000R\000\137\000M\000G\000M\000T\000\137\0001}{subsection.7.23.1}% 427
\BOOKMARK [3][-]{subsubsection.7.23.1.238}{\376\377\0007\000.\0002\0003\000.\0001\000.\0002\0003\0008\000\040\000P\000W\000R\000\137\000M\000G\000M\000T\000\137\0002}{subsection.7.23.1}% 428
\BOOKMARK [3][-]{subsubsection.7.23.1.239}{\376\377\0007\000.\0002\0003\000.\0001\000.\0002\0003\0009\000\040\000P\000W\000R\000\137\000S\000L\000E\000E\000P}{subsection.7.23.1}% 429
\BOOKMARK [3][-]{subsubsection.7.23.1.240}{\376\377\0007\000.\0002\0003\000.\0001\000.\0002\0004\0000\000\040\000P\000W\000R\000\137\000T\000E\000M\000P\000\137\000D\000I\000S}{subsection.7.23.1}% 430
\BOOKMARK [3][-]{subsubsection.7.23.1.241}{\376\377\0007\000.\0002\0003\000.\0001\000.\0002\0004\0001\000\040\000R\000E\000G\000\137\000B\000A\000N\000K\000\137\000S\000E\000L}{subsection.7.23.1}% 431
\BOOKMARK [3][-]{subsubsection.7.23.1.242}{\376\377\0007\000.\0002\0003\000.\0001\000.\0002\0004\0002\000\040\000R\000E\000G\000\137\000B\000A\000N\000K\000\137\000S\000E\000L\000\137\000U\000S\000E\000R\000\137\000B\000A\000N\000K\000\137\000M\000A\000S\000K}{subsection.7.23.1}% 432
\BOOKMARK [3][-]{subsubsection.7.23.1.243}{\376\377\0007\000.\0002\0003\000.\0001\000.\0002\0004\0003\000\040\000R\000E\000G\000\137\000B\000A\000N\000K\000\137\000S\000E\000L\000\137\000U\000S\000E\000R\000\137\000B\000A\000N\000K\000\137\000S\000H\000I\000F\000T}{subsection.7.23.1}% 433
\BOOKMARK [3][-]{subsubsection.7.23.1.244}{\376\377\0007\000.\0002\0003\000.\0001\000.\0002\0004\0004\000\040\000R\000E\000G\000\137\000L\000P\000\137\000D\000M\000P\000\137\000E\000N}{subsection.7.23.1}% 434
\BOOKMARK [3][-]{subsubsection.7.23.1.245}{\376\377\0007\000.\0002\0003\000.\0001\000.\0002\0004\0005\000\040\000R\000e\000g\000u\000l\000a\000r}{subsection.7.23.1}% 435
\BOOKMARK [3][-]{subsubsection.7.23.1.246}{\376\377\0007\000.\0002\0003\000.\0001\000.\0002\0004\0006\000\040\000S\000E\000L\000F\000\137\000T\000E\000S\000T\000\137\000X\000\137\000A\000C\000C\000E\000L}{subsection.7.23.1}% 436
\BOOKMARK [3][-]{subsubsection.7.23.1.247}{\376\377\0007\000.\0002\0003\000.\0001\000.\0002\0004\0007\000\040\000S\000E\000L\000F\000\137\000T\000E\000S\000T\000\137\000X\000\137\000G\000Y\000R\000O}{subsection.7.23.1}% 437
\BOOKMARK [3][-]{subsubsection.7.23.1.248}{\376\377\0007\000.\0002\0003\000.\0001\000.\0002\0004\0008\000\040\000S\000E\000L\000F\000\137\000T\000E\000S\000T\000\137\000Y\000\137\000A\000C\000C\000E\000L}{subsection.7.23.1}% 438
\BOOKMARK [3][-]{subsubsection.7.23.1.249}{\376\377\0007\000.\0002\0003\000.\0001\000.\0002\0004\0009\000\040\000S\000E\000L\000F\000\137\000T\000E\000S\000T\000\137\000Y\000\137\000G\000Y\000R\000O}{subsection.7.23.1}% 439
\BOOKMARK [3][-]{subsubsection.7.23.1.250}{\376\377\0007\000.\0002\0003\000.\0001\000.\0002\0005\0000\000\040\000S\000E\000L\000F\000\137\000T\000E\000S\000T\000\137\000Z\000\137\000A\000C\000C\000E\000L}{subsection.7.23.1}% 440
\BOOKMARK [3][-]{subsubsection.7.23.1.251}{\376\377\0007\000.\0002\0003\000.\0001\000.\0002\0005\0001\000\040\000S\000E\000L\000F\000\137\000T\000E\000S\000T\000\137\000Z\000\137\000G\000Y\000R\000O}{subsection.7.23.1}% 441
\BOOKMARK [3][-]{subsubsection.7.23.1.252}{\376\377\0007\000.\0002\0003\000.\0001\000.\0002\0005\0002\000\040\000S\000T\000S\000\137\000D\000M\000P\000\137\000I\000N\000T\0001}{subsection.7.23.1}% 442
\BOOKMARK [3][-]{subsubsection.7.23.1.253}{\376\377\0007\000.\0002\0003\000.\0001\000.\0002\0005\0003\000\040\000S\000T\000S\000\137\000I\0002\000C\000\137\000M\000S\000T\000\137\000I\000N\000T}{subsection.7.23.1}% 443
\BOOKMARK [3][-]{subsubsection.7.23.1.254}{\376\377\0007\000.\0002\0003\000.\0001\000.\0002\0005\0004\000\040\000S\000T\000S\000\137\000P\000L\000L\000\137\000R\000D\000Y\000\137\000I\000N\000T}{subsection.7.23.1}% 444
\BOOKMARK [3][-]{subsubsection.7.23.1.255}{\376\377\0007\000.\0002\0003\000.\0001\000.\0002\0005\0005\000\040\000S\000T\000S\000\137\000R\000A\000W\000\137\000D\000A\000T\000A\000\137\0000\000\137\000R\000D\000Y\000\137\000I\000N\000T}{subsection.7.23.1}% 445
\BOOKMARK [3][-]{subsubsection.7.23.1.256}{\376\377\0007\000.\0002\0003\000.\0001\000.\0002\0005\0006\000\040\000S\000T\000S\000\137\000W\000O\000M\000\137\000I\000N\000T}{subsection.7.23.1}% 446
\BOOKMARK [3][-]{subsubsection.7.23.1.257}{\376\377\0007\000.\0002\0003\000.\0001\000.\0002\0005\0007\000\040\000T\000E\000M\000P\000\137\000C\000O\000N\000F\000I\000G}{subsection.7.23.1}% 447
\BOOKMARK [3][-]{subsubsection.7.23.1.258}{\376\377\0007\000.\0002\0003\000.\0001\000.\0002\0005\0008\000\040\000T\000E\000M\000P\000\137\000D\000L\000P\000F\000C\000F\000G\000\137\000M\000A\000S\000K}{subsection.7.23.1}% 448
\BOOKMARK [3][-]{subsubsection.7.23.1.259}{\376\377\0007\000.\0002\0003\000.\0001\000.\0002\0005\0009\000\040\000T\000E\000M\000P\000\137\000D\000L\000P\000F\000C\000F\000G\000\137\000S\000H\000I\000F\000T}{subsection.7.23.1}% 449
\BOOKMARK [3][-]{subsubsection.7.23.1.260}{\376\377\0007\000.\0002\0003\000.\0001\000.\0002\0006\0000\000\040\000T\000E\000M\000P\000\137\000O\000U\000T\000\137\000H}{subsection.7.23.1}% 450
\BOOKMARK [3][-]{subsubsection.7.23.1.261}{\376\377\0007\000.\0002\0003\000.\0001\000.\0002\0006\0001\000\040\000T\000E\000M\000P\000\137\000O\000U\000T\000\137\000L}{subsection.7.23.1}% 451
\BOOKMARK [3][-]{subsubsection.7.23.1.262}{\376\377\0007\000.\0002\0003\000.\0001\000.\0002\0006\0002\000\040\000T\000I\000M\000E\000B\000A\000S\000E\000\137\000C\000O\000R\000R\000E\000C\000T\000I\000O\000N\000\137\000P\000L\000L}{subsection.7.23.1}% 452
\BOOKMARK [3][-]{subsubsection.7.23.1.263}{\376\377\0007\000.\0002\0003\000.\0001\000.\0002\0006\0003\000\040\000U\000S\000E\000R\000\137\000B\000A\000N\000K\000\137\0000}{subsection.7.23.1}% 453
\BOOKMARK [3][-]{subsubsection.7.23.1.264}{\376\377\0007\000.\0002\0003\000.\0001\000.\0002\0006\0004\000\040\000U\000S\000E\000R\000\137\000B\000A\000N\000K\000\137\0001}{subsection.7.23.1}% 454
\BOOKMARK [3][-]{subsubsection.7.23.1.265}{\376\377\0007\000.\0002\0003\000.\0001\000.\0002\0006\0005\000\040\000U\000S\000E\000R\000\137\000B\000A\000N\000K\000\137\0002}{subsection.7.23.1}% 455
\BOOKMARK [3][-]{subsubsection.7.23.1.266}{\376\377\0007\000.\0002\0003\000.\0001\000.\0002\0006\0006\000\040\000U\000S\000E\000R\000\137\000B\000A\000N\000K\000\137\0003}{subsection.7.23.1}% 456
\BOOKMARK [3][-]{subsubsection.7.23.1.267}{\376\377\0007\000.\0002\0003\000.\0001\000.\0002\0006\0007\000\040\000U\000S\000E\000R\000\137\000C\000T\000R\000L}{subsection.7.23.1}% 457
\BOOKMARK [3][-]{subsubsection.7.23.1.268}{\376\377\0007\000.\0002\0003\000.\0001\000.\0002\0006\0008\000\040\000U\000S\000E\000R\000\137\000C\000T\000R\000L\000\137\000D\000M\000P\000\137\000E\000N}{subsection.7.23.1}% 458
\BOOKMARK [3][-]{subsubsection.7.23.1.269}{\376\377\0007\000.\0002\0003\000.\0001\000.\0002\0006\0009\000\040\000U\000S\000E\000R\000\137\000C\000T\000R\000L\000\137\000D\000M\000P\000\137\000R\000S\000T}{subsection.7.23.1}% 459
\BOOKMARK [3][-]{subsubsection.7.23.1.270}{\376\377\0007\000.\0002\0003\000.\0001\000.\0002\0007\0000\000\040\000U\000S\000E\000R\000\137\000C\000T\000R\000L\000\137\000F\000I\000F\000O\000\137\000E\000N}{subsection.7.23.1}% 460
\BOOKMARK [3][-]{subsubsection.7.23.1.271}{\376\377\0007\000.\0002\0003\000.\0001\000.\0002\0007\0001\000\040\000U\000S\000E\000R\000\137\000C\000T\000R\000L\000\137\000I\0002\000C\000\137\000I\000F\000\137\000D\000I\000S}{subsection.7.23.1}% 461
\BOOKMARK [3][-]{subsubsection.7.23.1.272}{\376\377\0007\000.\0002\0003\000.\0001\000.\0002\0007\0002\000\040\000U\000S\000E\000R\000\137\000C\000T\000R\000L\000\137\000I\0002\000C\000\137\000M\000S\000T\000\137\000E\000N}{subsection.7.23.1}% 462
\BOOKMARK [3][-]{subsubsection.7.23.1.273}{\376\377\0007\000.\0002\0003\000.\0001\000.\0002\0007\0003\000\040\000U\000S\000E\000R\000\137\000C\000T\000R\000L\000\137\000I\0002\000C\000\137\000M\000S\000T\000\137\000R\000S\000T}{subsection.7.23.1}% 463
\BOOKMARK [3][-]{subsubsection.7.23.1.274}{\376\377\0007\000.\0002\0003\000.\0001\000.\0002\0007\0004\000\040\000U\000S\000E\000R\000\137\000C\000T\000R\000L\000\137\000S\000R\000A\000M\000\137\000R\000S\000T}{subsection.7.23.1}% 464
\BOOKMARK [3][-]{subsubsection.7.23.1.275}{\376\377\0007\000.\0002\0003\000.\0001\000.\0002\0007\0005\000\040\000W\000H\000O\000\137\000A\000M\000\137\000I}{subsection.7.23.1}% 465
\BOOKMARK [3][-]{subsubsection.7.23.1.276}{\376\377\0007\000.\0002\0003\000.\0001\000.\0002\0007\0006\000\040\000W\000H\000O\000\137\000A\000M\000\137\000I\000\137\000V\000A\000L}{subsection.7.23.1}% 466
\BOOKMARK [3][-]{subsubsection.7.23.1.277}{\376\377\0007\000.\0002\0003\000.\0001\000.\0002\0007\0007\000\040\000W\000O\000F\000\137\000D\000E\000G\000L\000I\000T\000C\000H\000\137\000E\000N}{subsection.7.23.1}% 467
\BOOKMARK [3][-]{subsubsection.7.23.1.278}{\376\377\0007\000.\0002\0003\000.\0001\000.\0002\0007\0008\000\040\000W\000O\000F\000\137\000E\000D\000G\000E\000\137\000I\000N\000T}{subsection.7.23.1}% 468
\BOOKMARK [3][-]{subsubsection.7.23.1.279}{\376\377\0007\000.\0002\0003\000.\0001\000.\0002\0007\0009\000\040\000X\000A\000\137\000O\000F\000F\000S\000\137\000H}{subsection.7.23.1}% 469
\BOOKMARK [3][-]{subsubsection.7.23.1.280}{\376\377\0007\000.\0002\0003\000.\0001\000.\0002\0008\0000\000\040\000X\000A\000\137\000O\000F\000F\000S\000\137\000L}{subsection.7.23.1}% 470
\BOOKMARK [3][-]{subsubsection.7.23.1.281}{\376\377\0007\000.\0002\0003\000.\0001\000.\0002\0008\0001\000\040\000X\000G\000\137\000O\000F\000F\000S\000\137\000U\000S\000R\000H}{subsection.7.23.1}% 471
\BOOKMARK [3][-]{subsubsection.7.23.1.282}{\376\377\0007\000.\0002\0003\000.\0001\000.\0002\0008\0002\000\040\000X\000G\000\137\000O\000F\000F\000S\000\137\000U\000S\000R\000L}{subsection.7.23.1}% 472
\BOOKMARK [3][-]{subsubsection.7.23.1.283}{\376\377\0007\000.\0002\0003\000.\0001\000.\0002\0008\0003\000\040\000X\000G\000Y\000R\000O\000\137\000C\000T\000E\000N}{subsection.7.23.1}% 473
\BOOKMARK [3][-]{subsubsection.7.23.1.284}{\376\377\0007\000.\0002\0003\000.\0001\000.\0002\0008\0004\000\040\000Y\000A\000\137\000O\000F\000F\000S\000\137\000H}{subsection.7.23.1}% 474
\BOOKMARK [3][-]{subsubsection.7.23.1.285}{\376\377\0007\000.\0002\0003\000.\0001\000.\0002\0008\0005\000\040\000Y\000A\000\137\000O\000F\000F\000S\000\137\000L}{subsection.7.23.1}% 475
\BOOKMARK [3][-]{subsubsection.7.23.1.286}{\376\377\0007\000.\0002\0003\000.\0001\000.\0002\0008\0006\000\040\000Y\000G\000\137\000O\000F\000F\000S\000\137\000U\000S\000R\000H}{subsection.7.23.1}% 476
\BOOKMARK [3][-]{subsubsection.7.23.1.287}{\376\377\0007\000.\0002\0003\000.\0001\000.\0002\0008\0007\000\040\000Y\000G\000\137\000O\000F\000F\000S\000\137\000U\000S\000R\000L}{subsection.7.23.1}% 477
\BOOKMARK [3][-]{subsubsection.7.23.1.288}{\376\377\0007\000.\0002\0003\000.\0001\000.\0002\0008\0008\000\040\000Y\000G\000Y\000R\000O\000\137\000C\000T\000E\000N}{subsection.7.23.1}% 478
\BOOKMARK [3][-]{subsubsection.7.23.1.289}{\376\377\0007\000.\0002\0003\000.\0001\000.\0002\0008\0009\000\040\000Z\000A\000\137\000O\000F\000F\000S\000\137\000H}{subsection.7.23.1}% 479
\BOOKMARK [3][-]{subsubsection.7.23.1.290}{\376\377\0007\000.\0002\0003\000.\0001\000.\0002\0009\0000\000\040\000Z\000A\000\137\000O\000F\000F\000S\000\137\000L}{subsection.7.23.1}% 480
\BOOKMARK [3][-]{subsubsection.7.23.1.291}{\376\377\0007\000.\0002\0003\000.\0001\000.\0002\0009\0001\000\040\000Z\000G\000\137\000O\000F\000F\000S\000\137\000U\000S\000R\000H}{subsection.7.23.1}% 481
\BOOKMARK [3][-]{subsubsection.7.23.1.292}{\376\377\0007\000.\0002\0003\000.\0001\000.\0002\0009\0002\000\040\000Z\000G\000\137\000O\000F\000F\000S\000\137\000U\000S\000R\000L}{subsection.7.23.1}% 482
\BOOKMARK [3][-]{subsubsection.7.23.1.293}{\376\377\0007\000.\0002\0003\000.\0001\000.\0002\0009\0003\000\040\000Z\000G\000Y\000R\000O\000\137\000C\000T\000E\000N}{subsection.7.23.1}% 483
\BOOKMARK [1][-]{section.7.24}{\376\377\0007\000.\0002\0004\000\040\000I\000C\000M\0002\0000\0009\0004\0008\000\137\000r\000e\000g\000s\000.\000h}{chapter.7}% 484
